Analysis & Synthesis report for top
Fri Jun 09 13:43:17 2023
Quartus Prime Version 20.1.1 Build 720 11/11/2020 SJ Lite Edition


---------------------
; Table of Contents ;
---------------------
  1. Legal Notice
  2. Analysis & Synthesis Summary
  3. Analysis & Synthesis Settings
  4. Parallel Compilation
  5. Analysis & Synthesis Source Files Read
  6. Analysis & Synthesis Resource Usage Summary
  7. Analysis & Synthesis Resource Utilization by Entity
  8. State Machine - |LCD1602_top|LCD1602_drive:LCD1602_drive_m0|state
  9. Registers Removed During Synthesis
 10. General Register Statistics
 11. Multiplexer Restructuring Statistics (Restructuring Performed)
 12. Parameter Settings for User Entity Instance: Top-level Entity: |LCD1602_top
 13. Parameter Settings for User Entity Instance: LCD1602_drive:LCD1602_drive_m0
 14. Port Connectivity Checks: "LCD1602_drive:LCD1602_drive_m0"
 15. Post-Synthesis Netlist Statistics for Top Partition
 16. Elapsed Time Per Partition
 17. Analysis & Synthesis Messages
 18. Analysis & Synthesis Suppressed Messages



----------------
; Legal Notice ;
----------------
Copyright (C) 2020  Intel Corporation. All rights reserved.
Your use of Intel Corporation's design tools, logic functions 
and other software and tools, and any partner logic 
functions, and any output files from any of the foregoing 
(including device programming or simulation files), and any 
associated documentation or information are expressly subject 
to the terms and conditions of the Intel Program License 
Subscription Agreement, the Intel Quartus Prime License Agreement,
the Intel FPGA IP License Agreement, or other applicable license
agreement, including, without limitation, that your use is for
the sole purpose of programming logic devices manufactured by
Intel and sold by Intel or its authorized distributors.  Please
refer to the applicable agreement for further details, at
https://fpgasoftware.intel.com/eula.



+----------------------------------------------------------------------------------+
; Analysis & Synthesis Summary                                                     ;
+------------------------------------+---------------------------------------------+
; Analysis & Synthesis Status        ; Successful - Fri Jun 09 13:43:17 2023       ;
; Quartus Prime Version              ; 20.1.1 Build 720 11/11/2020 SJ Lite Edition ;
; Revision Name                      ; top                                         ;
; Top-level Entity Name              ; LCD1602_top                                 ;
; Family                             ; Cyclone IV E                                ;
; Total logic elements               ; 211                                         ;
;     Total combinational functions  ; 209                                         ;
;     Dedicated logic registers      ; 102                                         ;
; Total registers                    ; 102                                         ;
; Total pins                         ; 13                                          ;
; Total virtual pins                 ; 0                                           ;
; Total memory bits                  ; 0                                           ;
; Embedded Multiplier 9-bit elements ; 0                                           ;
; Total PLLs                         ; 0                                           ;
+------------------------------------+---------------------------------------------+


+------------------------------------------------------------------------------------------------------------+
; Analysis & Synthesis Settings                                                                              ;
+------------------------------------------------------------------+--------------------+--------------------+
; Option                                                           ; Setting            ; Default Value      ;
+------------------------------------------------------------------+--------------------+--------------------+
; Device                                                           ; EP4CE6F17C8        ;                    ;
; Top-level entity name                                            ; LCD1602_top        ; top                ;
; Family name                                                      ; Cyclone IV E       ; Cyclone V          ;
; Use smart compilation                                            ; Off                ; Off                ;
; Enable parallel Assembler and Timing Analyzer during compilation ; On                 ; On                 ;
; Enable compact report table                                      ; Off                ; Off                ;
; Restructure Multiplexers                                         ; Auto               ; Auto               ;
; Create Debugging Nodes for IP Cores                              ; Off                ; Off                ;
; Preserve fewer node names                                        ; On                 ; On                 ;
; Intel FPGA IP Evaluation Mode                                    ; Enable             ; Enable             ;
; Verilog Version                                                  ; Verilog_2001       ; Verilog_2001       ;
; VHDL Version                                                     ; VHDL_1993          ; VHDL_1993          ;
; State Machine Processing                                         ; Auto               ; Auto               ;
; Safe State Machine                                               ; Off                ; Off                ;
; Extract Verilog State Machines                                   ; On                 ; On                 ;
; Extract VHDL State Machines                                      ; On                 ; On                 ;
; Ignore Verilog initial constructs                                ; Off                ; Off                ;
; Iteration limit for constant Verilog loops                       ; 5000               ; 5000               ;
; Iteration limit for non-constant Verilog loops                   ; 250                ; 250                ;
; Add Pass-Through Logic to Inferred RAMs                          ; On                 ; On                 ;
; Infer RAMs from Raw Logic                                        ; On                 ; On                 ;
; Parallel Synthesis                                               ; On                 ; On                 ;
; DSP Block Balancing                                              ; Auto               ; Auto               ;
; NOT Gate Push-Back                                               ; On                 ; On                 ;
; Power-Up Don't Care                                              ; On                 ; On                 ;
; Remove Redundant Logic Cells                                     ; Off                ; Off                ;
; Remove Duplicate Registers                                       ; On                 ; On                 ;
; Ignore CARRY Buffers                                             ; Off                ; Off                ;
; Ignore CASCADE Buffers                                           ; Off                ; Off                ;
; Ignore GLOBAL Buffers                                            ; Off                ; Off                ;
; Ignore ROW GLOBAL Buffers                                        ; Off                ; Off                ;
; Ignore LCELL Buffers                                             ; Off                ; Off                ;
; Ignore SOFT Buffers                                              ; On                 ; On                 ;
; Limit AHDL Integers to 32 Bits                                   ; Off                ; Off                ;
; Optimization Technique                                           ; Balanced           ; Balanced           ;
; Carry Chain Length                                               ; 70                 ; 70                 ;
; Auto Carry Chains                                                ; On                 ; On                 ;
; Auto Open-Drain Pins                                             ; On                 ; On                 ;
; Perform WYSIWYG Primitive Resynthesis                            ; Off                ; Off                ;
; Auto ROM Replacement                                             ; On                 ; On                 ;
; Auto RAM Replacement                                             ; On                 ; On                 ;
; Auto DSP Block Replacement                                       ; On                 ; On                 ;
; Auto Shift Register Replacement                                  ; Auto               ; Auto               ;
; Allow Shift Register Merging across Hierarchies                  ; Auto               ; Auto               ;
; Auto Clock Enable Replacement                                    ; On                 ; On                 ;
; Strict RAM Replacement                                           ; Off                ; Off                ;
; Allow Synchronous Control Signals                                ; On                 ; On                 ;
; Force Use of Synchronous Clear Signals                           ; Off                ; Off                ;
; Auto RAM Block Balancing                                         ; On                 ; On                 ;
; Auto RAM to Logic Cell Conversion                                ; Off                ; Off                ;
; Auto Resource Sharing                                            ; Off                ; Off                ;
; Allow Any RAM Size For Recognition                               ; Off                ; Off                ;
; Allow Any ROM Size For Recognition                               ; Off                ; Off                ;
; Allow Any Shift Register Size For Recognition                    ; Off                ; Off                ;
; Use LogicLock Constraints during Resource Balancing              ; On                 ; On                 ;
; Ignore translate_off and synthesis_off directives                ; Off                ; Off                ;
; Timing-Driven Synthesis                                          ; On                 ; On                 ;
; Report Parameter Settings                                        ; On                 ; On                 ;
; Report Source Assignments                                        ; On                 ; On                 ;
; Report Connectivity Checks                                       ; On                 ; On                 ;
; Ignore Maximum Fan-Out Assignments                               ; Off                ; Off                ;
; Synchronization Register Chain Length                            ; 2                  ; 2                  ;
; Power Optimization During Synthesis                              ; Normal compilation ; Normal compilation ;
; HDL message level                                                ; Level2             ; Level2             ;
; Suppress Register Optimization Related Messages                  ; Off                ; Off                ;
; Number of Removed Registers Reported in Synthesis Report         ; 5000               ; 5000               ;
; Number of Swept Nodes Reported in Synthesis Report               ; 5000               ; 5000               ;
; Number of Inverted Registers Reported in Synthesis Report        ; 100                ; 100                ;
; Clock MUX Protection                                             ; On                 ; On                 ;
; Auto Gated Clock Conversion                                      ; Off                ; Off                ;
; Block Design Naming                                              ; Auto               ; Auto               ;
; SDC constraint protection                                        ; Off                ; Off                ;
; Synthesis Effort                                                 ; Auto               ; Auto               ;
; Shift Register Replacement - Allow Asynchronous Clear Signal     ; On                 ; On                 ;
; Pre-Mapping Resynthesis Optimization                             ; Off                ; Off                ;
; Analysis & Synthesis Message Level                               ; Medium             ; Medium             ;
; Disable Register Merging Across Hierarchies                      ; Auto               ; Auto               ;
; Resource Aware Inference For Block RAM                           ; On                 ; On                 ;
+------------------------------------------------------------------+--------------------+--------------------+


+------------------------------------------+
; Parallel Compilation                     ;
+----------------------------+-------------+
; Processors                 ; Number      ;
+----------------------------+-------------+
; Number detected on machine ; 16          ;
; Maximum allowed            ; 10          ;
;                            ;             ;
; Average used               ; 1.00        ;
; Maximum used               ; 10          ;
;                            ;             ;
; Usage by Processor         ; % Time Used ;
;     Processor 1            ; 100.0%      ;
;     Processor 2            ;   0.0%      ;
;     Processors 3-10        ;   0.0%      ;
+----------------------------+-------------+


+-------------------------------------------------------------------------------------------------------------------------------------------------------------+
; Analysis & Synthesis Source Files Read                                                                                                                      ;
+----------------------------------+-----------------+------------------------------+---------------------------------------------------------------+---------+
; File Name with User-Entered Path ; Used in Netlist ; File Type                    ; File Name with Absolute Path                                  ; Library ;
+----------------------------------+-----------------+------------------------------+---------------------------------------------------------------+---------+
; src/LCD1602_top.sv               ; yes             ; User SystemVerilog HDL File  ; E:/FPGA_work/Cyclone/Code_Others/lcd1602/src/LCD1602_top.sv   ;         ;
; src/LCD1602_drive.sv             ; yes             ; User SystemVerilog HDL File  ; E:/FPGA_work/Cyclone/Code_Others/lcd1602/src/LCD1602_drive.sv ;         ;
+----------------------------------+-----------------+------------------------------+---------------------------------------------------------------+---------+


+---------------------------------------------------------+
; Analysis & Synthesis Resource Usage Summary             ;
+---------------------------------------------+-----------+
; Resource                                    ; Usage     ;
+---------------------------------------------+-----------+
; Estimated Total logic elements              ; 211       ;
;                                             ;           ;
; Total combinational functions               ; 209       ;
; Logic element usage by number of LUT inputs ;           ;
;     -- 4 input functions                    ; 72        ;
;     -- 3 input functions                    ; 40        ;
;     -- <=2 input functions                  ; 97        ;
;                                             ;           ;
; Logic elements by mode                      ;           ;
;     -- normal mode                          ; 140       ;
;     -- arithmetic mode                      ; 69        ;
;                                             ;           ;
; Total registers                             ; 102       ;
;     -- Dedicated logic registers            ; 102       ;
;     -- I/O registers                        ; 0         ;
;                                             ;           ;
; I/O pins                                    ; 13        ;
;                                             ;           ;
; Embedded Multiplier 9-bit elements          ; 0         ;
;                                             ;           ;
; Maximum fan-out node                        ; clk~input ;
; Maximum fan-out                             ; 89        ;
; Total fan-out                               ; 924       ;
; Average fan-out                             ; 2.74      ;
+---------------------------------------------+-----------+


+---------------------------------------------------------------------------------------------------------------------------------------------------------------------------------------------------------------------------------------------+
; Analysis & Synthesis Resource Utilization by Entity                                                                                                                                                                                         ;
+-------------------------------------+---------------------+---------------------------+-------------+--------------+---------+-----------+------+--------------+---------------------------------------------+---------------+--------------+
; Compilation Hierarchy Node          ; Combinational ALUTs ; Dedicated Logic Registers ; Memory Bits ; DSP Elements ; DSP 9x9 ; DSP 18x18 ; Pins ; Virtual Pins ; Full Hierarchy Name                         ; Entity Name   ; Library Name ;
+-------------------------------------+---------------------+---------------------------+-------------+--------------+---------+-----------+------+--------------+---------------------------------------------+---------------+--------------+
; |LCD1602_top                        ; 209 (146)           ; 102 (56)                  ; 0           ; 0            ; 0       ; 0         ; 13   ; 0            ; |LCD1602_top                                ; LCD1602_top   ; work         ;
;    |LCD1602_drive:LCD1602_drive_m0| ; 63 (63)             ; 46 (46)                   ; 0           ; 0            ; 0       ; 0         ; 0    ; 0            ; |LCD1602_top|LCD1602_drive:LCD1602_drive_m0 ; LCD1602_drive ; work         ;
+-------------------------------------+---------------------+---------------------------+-------------+--------------+---------+-----------+------+--------------+---------------------------------------------+---------------+--------------+
Note: For table entries with two numbers listed, the numbers in parentheses indicate the number of resources of the given type used by the specific entity alone. The numbers listed outside of parentheses indicate the total resources of the given type used by the specific entity and all of its sub-entities in the hierarchy.


Encoding Type:  One-Hot
+-------------------------------------------------------------------+
; State Machine - |LCD1602_top|LCD1602_drive:LCD1602_drive_m0|state ;
+------------+-----------+------------+-----------------------------+
; Name       ; state.000 ; state.WAIT ; state.SEND                  ;
+------------+-----------+------------+-----------------------------+
; state.000  ; 0         ; 0          ; 0                           ;
; state.SEND ; 1         ; 0          ; 1                           ;
; state.WAIT ; 1         ; 1          ; 0                           ;
+------------+-----------+------------+-----------------------------+


+------------------------------------------------------------------------------------+
; Registers Removed During Synthesis                                                 ;
+-------------------------------------------+----------------------------------------+
; Register name                             ; Reason for Removal                     ;
+-------------------------------------------+----------------------------------------+
; LCD1602_drive:LCD1602_drive_m0|LCD1602_RW ; Stuck at GND due to stuck port data_in ;
; pre_state[3]                              ; Stuck at GND due to stuck port data_in ;
; state_main[3]                             ; Stuck at GND due to stuck port data_in ;
; LCD1602_drive:LCD1602_drive_m0|state~6    ; Lost fanout                            ;
; Total Number of Removed Registers = 4     ;                                        ;
+-------------------------------------------+----------------------------------------+


+------------------------------------------------------+
; General Register Statistics                          ;
+----------------------------------------------+-------+
; Statistic                                    ; Value ;
+----------------------------------------------+-------+
; Total registers                              ; 102   ;
; Number of registers using Synchronous Clear  ; 12    ;
; Number of registers using Synchronous Load   ; 8     ;
; Number of registers using Asynchronous Clear ; 11    ;
; Number of registers using Asynchronous Load  ; 0     ;
; Number of registers using Clock Enable       ; 59    ;
; Number of registers using Preset             ; 0     ;
+----------------------------------------------+-------+


+------------------------------------------------------------------------------------------------------------------------------------------+
; Multiplexer Restructuring Statistics (Restructuring Performed)                                                                           ;
+--------------------+-----------+---------------+----------------------+------------------------+------------+----------------------------+
; Multiplexer Inputs ; Bus Width ; Baseline Area ; Area if Restructured ; Saving if Restructured ; Registered ; Example Multiplexer Output ;
+--------------------+-----------+---------------+----------------------+------------------------+------------+----------------------------+
; 15:1               ; 2 bits    ; 20 LEs        ; 0 LEs                ; 20 LEs                 ; Yes        ; |LCD1602_top|pre_state[3]  ;
; 17:1               ; 8 bits    ; 88 LEs        ; 8 LEs                ; 80 LEs                 ; Yes        ; |LCD1602_top|send_cnt[4]   ;
; 19:1               ; 4 bits    ; 48 LEs        ; 8 LEs                ; 40 LEs                 ; Yes        ; |LCD1602_top|send_data[0]  ;
; 17:1               ; 3 bits    ; 33 LEs        ; 18 LEs               ; 15 LEs                 ; Yes        ; |LCD1602_top|state_main[0] ;
; 26:1               ; 2 bits    ; 34 LEs        ; 12 LEs               ; 22 LEs                 ; Yes        ; |LCD1602_top|send_data[1]  ;
+--------------------+-----------+---------------+----------------------+------------------------+------------+----------------------------+


+-----------------------------------------------------------------------------+
; Parameter Settings for User Entity Instance: Top-level Entity: |LCD1602_top ;
+----------------+-------+----------------------------------------------------+
; Parameter Name ; Value ; Type                                               ;
+----------------+-------+----------------------------------------------------+
; CLK_FRE        ; 50    ; Signed Integer                                     ;
; RS_DAT         ; 1     ; Signed Integer                                     ;
; RS_CMD         ; 0     ; Signed Integer                                     ;
; INIT_CMD_NUM   ; 5     ; Signed Integer                                     ;
; DISPLAY_NUM    ; 16    ; Signed Integer                                     ;
+----------------+-------+----------------------------------------------------+
Note: In order to hide this table in the UI and the text report file, please set the "Show Parameter Settings in Synthesis Report" option in "Analysis and Synthesis Settings -> More Settings" to "Off".


+-----------------------------------------------------------------------------+
; Parameter Settings for User Entity Instance: LCD1602_drive:LCD1602_drive_m0 ;
+----------------+-------+----------------------------------------------------+
; Parameter Name ; Value ; Type                                               ;
+----------------+-------+----------------------------------------------------+
; CLK_FRE        ; 50    ; Signed Integer                                     ;
+----------------+-------+----------------------------------------------------+
Note: In order to hide this table in the UI and the text report file, please set the "Show Parameter Settings in Synthesis Report" option in "Analysis and Synthesis Settings -> More Settings" to "Off".


+------------------------------------------------------------+
; Port Connectivity Checks: "LCD1602_drive:LCD1602_drive_m0" ;
+---------+-------+----------+-------------------------------+
; Port    ; Type  ; Severity ; Details                       ;
+---------+-------+----------+-------------------------------+
; send_rw ; Input ; Info     ; Stuck at GND                  ;
+---------+-------+----------+-------------------------------+


+-----------------------------------------------------+
; Post-Synthesis Netlist Statistics for Top Partition ;
+-----------------------+-----------------------------+
; Type                  ; Count                       ;
+-----------------------+-----------------------------+
; boundary_port         ; 13                          ;
; cycloneiii_ff         ; 102                         ;
;     CLR               ; 3                           ;
;     ENA               ; 43                          ;
;     ENA CLR SCLR      ; 8                           ;
;     ENA SCLR SLD      ; 4                           ;
;     ENA SLD           ; 4                           ;
;     plain             ; 40                          ;
; cycloneiii_lcell_comb ; 210                         ;
;     arith             ; 69                          ;
;         2 data inputs ; 69                          ;
;     normal            ; 141                         ;
;         0 data inputs ; 1                           ;
;         1 data inputs ; 3                           ;
;         2 data inputs ; 25                          ;
;         3 data inputs ; 40                          ;
;         4 data inputs ; 72                          ;
;                       ;                             ;
; Max LUT depth         ; 6.00                        ;
; Average LUT depth     ; 3.56                        ;
+-----------------------+-----------------------------+


+-------------------------------+
; Elapsed Time Per Partition    ;
+----------------+--------------+
; Partition Name ; Elapsed Time ;
+----------------+--------------+
; Top            ; 00:00:00     ;
+----------------+--------------+


+-------------------------------+
; Analysis & Synthesis Messages ;
+-------------------------------+
Info: *******************************************************************
Info: Running Quartus Prime Analysis & Synthesis
    Info: Version 20.1.1 Build 720 11/11/2020 SJ Lite Edition
    Info: Processing started: Fri Jun 09 13:43:12 2023
Info: Command: quartus_map --read_settings_files=on --write_settings_files=off top -c top
Warning (18236): Number of processors has not been specified which may cause overloading on shared machines.  Set the global assignment NUM_PARALLEL_PROCESSORS in your QSF to an appropriate value for best performance.
Info (20030): Parallel compilation is enabled and will use 10 of the 10 processors detected
Info (12021): Found 1 design units, including 1 entities, in source file src/lcd1602_top.sv
    Info (12023): Found entity 1: LCD1602_top File: E:/FPGA_work/Cyclone/Code_Others/lcd1602/src/LCD1602_top.sv Line: 1
Info (12021): Found 1 design units, including 1 entities, in source file src/lcd1602_drive.sv
    Info (12023): Found entity 1: LCD1602_drive File: E:/FPGA_work/Cyclone/Code_Others/lcd1602/src/LCD1602_drive.sv Line: 1
Info (12127): Elaborating entity "LCD1602_top" for the top level hierarchy
Warning (10230): Verilog HDL assignment warning at LCD1602_top.sv(34): truncated value with size 32 to match size of target (4) File: E:/FPGA_work/Cyclone/Code_Others/lcd1602/src/LCD1602_top.sv Line: 34
Warning (10230): Verilog HDL assignment warning at LCD1602_top.sv(40): truncated value with size 32 to match size of target (4) File: E:/FPGA_work/Cyclone/Code_Others/lcd1602/src/LCD1602_top.sv Line: 40
Warning (10230): Verilog HDL assignment warning at LCD1602_top.sv(48): truncated value with size 32 to match size of target (4) File: E:/FPGA_work/Cyclone/Code_Others/lcd1602/src/LCD1602_top.sv Line: 48
Warning (10230): Verilog HDL assignment warning at LCD1602_top.sv(52): truncated value with size 32 to match size of target (1) File: E:/FPGA_work/Cyclone/Code_Others/lcd1602/src/LCD1602_top.sv Line: 52
Warning (10230): Verilog HDL assignment warning at LCD1602_top.sv(54): truncated value with size 32 to match size of target (8) File: E:/FPGA_work/Cyclone/Code_Others/lcd1602/src/LCD1602_top.sv Line: 54
Warning (10230): Verilog HDL assignment warning at LCD1602_top.sv(57): truncated value with size 32 to match size of target (4) File: E:/FPGA_work/Cyclone/Code_Others/lcd1602/src/LCD1602_top.sv Line: 57
Warning (10230): Verilog HDL assignment warning at LCD1602_top.sv(64): truncated value with size 32 to match size of target (4) File: E:/FPGA_work/Cyclone/Code_Others/lcd1602/src/LCD1602_top.sv Line: 64
Warning (10230): Verilog HDL assignment warning at LCD1602_top.sv(66): truncated value with size 32 to match size of target (1) File: E:/FPGA_work/Cyclone/Code_Others/lcd1602/src/LCD1602_top.sv Line: 66
Warning (10230): Verilog HDL assignment warning at LCD1602_top.sv(69): truncated value with size 32 to match size of target (4) File: E:/FPGA_work/Cyclone/Code_Others/lcd1602/src/LCD1602_top.sv Line: 69
Warning (10230): Verilog HDL assignment warning at LCD1602_top.sv(70): truncated value with size 32 to match size of target (4) File: E:/FPGA_work/Cyclone/Code_Others/lcd1602/src/LCD1602_top.sv Line: 70
Warning (10230): Verilog HDL assignment warning at LCD1602_top.sv(81): truncated value with size 32 to match size of target (4) File: E:/FPGA_work/Cyclone/Code_Others/lcd1602/src/LCD1602_top.sv Line: 81
Warning (10230): Verilog HDL assignment warning at LCD1602_top.sv(85): truncated value with size 32 to match size of target (1) File: E:/FPGA_work/Cyclone/Code_Others/lcd1602/src/LCD1602_top.sv Line: 85
Warning (10230): Verilog HDL assignment warning at LCD1602_top.sv(87): truncated value with size 32 to match size of target (8) File: E:/FPGA_work/Cyclone/Code_Others/lcd1602/src/LCD1602_top.sv Line: 87
Warning (10230): Verilog HDL assignment warning at LCD1602_top.sv(90): truncated value with size 32 to match size of target (4) File: E:/FPGA_work/Cyclone/Code_Others/lcd1602/src/LCD1602_top.sv Line: 90
Warning (10230): Verilog HDL assignment warning at LCD1602_top.sv(97): truncated value with size 32 to match size of target (4) File: E:/FPGA_work/Cyclone/Code_Others/lcd1602/src/LCD1602_top.sv Line: 97
Warning (10230): Verilog HDL assignment warning at LCD1602_top.sv(99): truncated value with size 32 to match size of target (1) File: E:/FPGA_work/Cyclone/Code_Others/lcd1602/src/LCD1602_top.sv Line: 99
Warning (10230): Verilog HDL assignment warning at LCD1602_top.sv(102): truncated value with size 32 to match size of target (4) File: E:/FPGA_work/Cyclone/Code_Others/lcd1602/src/LCD1602_top.sv Line: 102
Warning (10230): Verilog HDL assignment warning at LCD1602_top.sv(103): truncated value with size 32 to match size of target (4) File: E:/FPGA_work/Cyclone/Code_Others/lcd1602/src/LCD1602_top.sv Line: 103
Warning (10230): Verilog HDL assignment warning at LCD1602_top.sv(114): truncated value with size 32 to match size of target (4) File: E:/FPGA_work/Cyclone/Code_Others/lcd1602/src/LCD1602_top.sv Line: 114
Warning (10230): Verilog HDL assignment warning at LCD1602_top.sv(118): truncated value with size 32 to match size of target (1) File: E:/FPGA_work/Cyclone/Code_Others/lcd1602/src/LCD1602_top.sv Line: 118
Warning (10230): Verilog HDL assignment warning at LCD1602_top.sv(120): truncated value with size 32 to match size of target (8) File: E:/FPGA_work/Cyclone/Code_Others/lcd1602/src/LCD1602_top.sv Line: 120
Warning (10230): Verilog HDL assignment warning at LCD1602_top.sv(123): truncated value with size 32 to match size of target (4) File: E:/FPGA_work/Cyclone/Code_Others/lcd1602/src/LCD1602_top.sv Line: 123
Warning (10230): Verilog HDL assignment warning at LCD1602_top.sv(131): truncated value with size 32 to match size of target (4) File: E:/FPGA_work/Cyclone/Code_Others/lcd1602/src/LCD1602_top.sv Line: 131
Info (12128): Elaborating entity "LCD1602_drive" for hierarchy "LCD1602_drive:LCD1602_drive_m0" File: E:/FPGA_work/Cyclone/Code_Others/lcd1602/src/LCD1602_top.sv Line: 157
Warning (13024): Output pins are stuck at VCC or GND
    Warning (13410): Pin "LCD1602_RW" is stuck at GND File: E:/FPGA_work/Cyclone/Code_Others/lcd1602/src/LCD1602_top.sv Line: 7
Info (286030): Timing-Driven Synthesis is running
Info (17049): 1 registers lost all their fanouts during netlist optimizations.
Info (144001): Generated suppressed messages file E:/FPGA_work/Cyclone/Code_Others/lcd1602/output_files/top.map.smsg
Info (16010): Generating hard_block partition "hard_block:auto_generated_inst"
    Info (16011): Adding 0 node(s), including 0 DDIO, 0 PLL, 0 transceiver and 0 LCELL
Info (21057): Implemented 224 device resources after synthesis - the final resource count might be different
    Info (21058): Implemented 2 input pins
    Info (21059): Implemented 11 output pins
    Info (21061): Implemented 211 logic cells
Info: Quartus Prime Analysis & Synthesis was successful. 0 errors, 26 warnings
    Info: Peak virtual memory: 4832 megabytes
    Info: Processing ended: Fri Jun 09 13:43:17 2023
    Info: Elapsed time: 00:00:05
    Info: Total CPU time (on all processors): 00:00:14


+------------------------------------------+
; Analysis & Synthesis Suppressed Messages ;
+------------------------------------------+
The suppressed messages can be found in E:/FPGA_work/Cyclone/Code_Others/lcd1602/output_files/top.map.smsg.


