Analysis & Synthesis report for top
Sat Apr 29 17:54:44 2023
Quartus Prime Version 20.1.1 Build 720 11/11/2020 SJ Lite Edition


---------------------
; Table of Contents ;
---------------------
  1. Legal Notice
  2. Analysis & Synthesis Summary
  3. Analysis & Synthesis Settings
  4. Parallel Compilation
  5. Analysis & Synthesis Source Files Read
  6. Analysis & Synthesis Resource Usage Summary
  7. Analysis & Synthesis Resource Utilization by Entity
  8. State Machine - |top|uart_top:uart_top_m0|state
  9. State Machine - |top|uart_top:uart_top_m0|uart_rx:uart_rx_m0|state
 10. State Machine - |top|uart_top:uart_top_m0|uart_tx:uart_tx_m0|state
 11. Registers Removed During Synthesis
 12. General Register Statistics
 13. Inverted Register Statistics
 14. Multiplexer Restructuring Statistics (Restructuring Performed)
 15. Parameter Settings for User Entity Instance: Top-level Entity: |top
 16. Parameter Settings for User Entity Instance: dht11:dht11_m0
 17. Parameter Settings for User Entity Instance: uart_top:uart_top_m0
 18. Parameter Settings for User Entity Instance: uart_top:uart_top_m0|uart_tx:uart_tx_m0
 19. Parameter Settings for User Entity Instance: uart_top:uart_top_m0|uart_rx:uart_rx_m0
 20. Parameter Settings for Inferred Entity Instance: dht11:dht11_m0|lpm_divide:Mod2
 21. Parameter Settings for Inferred Entity Instance: dht11:dht11_m0|lpm_divide:Div2
 22. Parameter Settings for Inferred Entity Instance: uart_top:uart_top_m0|lpm_divide:Div0
 23. Parameter Settings for Inferred Entity Instance: dht11:dht11_m0|lpm_divide:Div0
 24. Parameter Settings for Inferred Entity Instance: dht11:dht11_m0|lpm_divide:Div1
 25. Parameter Settings for Inferred Entity Instance: uart_top:uart_top_m0|lpm_divide:Mod0
 26. Parameter Settings for Inferred Entity Instance: dht11:dht11_m0|lpm_divide:Mod1
 27. Parameter Settings for Inferred Entity Instance: dht11:dht11_m0|lpm_divide:Mod0
 28. Port Connectivity Checks: "dht11:dht11_m0"
 29. Post-Synthesis Netlist Statistics for Top Partition
 30. Elapsed Time Per Partition
 31. Analysis & Synthesis Messages



----------------
; Legal Notice ;
----------------
Copyright (C) 2020  Intel Corporation. All rights reserved.
Your use of Intel Corporation's design tools, logic functions 
and other software and tools, and any partner logic 
functions, and any output files from any of the foregoing 
(including device programming or simulation files), and any 
associated documentation or information are expressly subject 
to the terms and conditions of the Intel Program License 
Subscription Agreement, the Intel Quartus Prime License Agreement,
the Intel FPGA IP License Agreement, or other applicable license
agreement, including, without limitation, that your use is for
the sole purpose of programming logic devices manufactured by
Intel and sold by Intel or its authorized distributors.  Please
refer to the applicable agreement for further details, at
https://fpgasoftware.intel.com/eula.



+-------------------------------------------------------------------------------+
; Analysis & Synthesis Summary                                                  ;
+---------------------------------+---------------------------------------------+
; Analysis & Synthesis Status     ; Successful - Sat Apr 29 17:54:44 2023       ;
; Quartus Prime Version           ; 20.1.1 Build 720 11/11/2020 SJ Lite Edition ;
; Revision Name                   ; top                                         ;
; Top-level Entity Name           ; top                                         ;
; Family                          ; Cyclone V                                   ;
; Logic utilization (in ALMs)     ; N/A                                         ;
; Total registers                 ; 252                                         ;
; Total pins                      ; 5                                           ;
; Total virtual pins              ; 0                                           ;
; Total block memory bits         ; 0                                           ;
; Total DSP Blocks                ; 0                                           ;
; Total HSSI RX PCSs              ; 0                                           ;
; Total HSSI PMA RX Deserializers ; 0                                           ;
; Total HSSI TX PCSs              ; 0                                           ;
; Total HSSI PMA TX Serializers   ; 0                                           ;
; Total PLLs                      ; 0                                           ;
; Total DLLs                      ; 0                                           ;
+---------------------------------+---------------------------------------------+


+---------------------------------------------------------------------------------------------------------------------------+
; Analysis & Synthesis Settings                                                                                             ;
+---------------------------------------------------------------------------------+--------------------+--------------------+
; Option                                                                          ; Setting            ; Default Value      ;
+---------------------------------------------------------------------------------+--------------------+--------------------+
; Device                                                                          ; 5CGXFC7C7F23C8     ;                    ;
; Top-level entity name                                                           ; top                ; top                ;
; Family name                                                                     ; Cyclone V          ; Cyclone V          ;
; Use smart compilation                                                           ; Off                ; Off                ;
; Enable parallel Assembler and Timing Analyzer during compilation                ; On                 ; On                 ;
; Enable compact report table                                                     ; Off                ; Off                ;
; Restructure Multiplexers                                                        ; Auto               ; Auto               ;
; MLAB Add Timing Constraints For Mixed-Port Feed-Through Mode Setting Don't Care ; Off                ; Off                ;
; Create Debugging Nodes for IP Cores                                             ; Off                ; Off                ;
; Preserve fewer node names                                                       ; On                 ; On                 ;
; Intel FPGA IP Evaluation Mode                                                   ; Enable             ; Enable             ;
; Verilog Version                                                                 ; Verilog_2001       ; Verilog_2001       ;
; VHDL Version                                                                    ; VHDL_1993          ; VHDL_1993          ;
; State Machine Processing                                                        ; Auto               ; Auto               ;
; Safe State Machine                                                              ; Off                ; Off                ;
; Extract Verilog State Machines                                                  ; On                 ; On                 ;
; Extract VHDL State Machines                                                     ; On                 ; On                 ;
; Ignore Verilog initial constructs                                               ; Off                ; Off                ;
; Iteration limit for constant Verilog loops                                      ; 5000               ; 5000               ;
; Iteration limit for non-constant Verilog loops                                  ; 250                ; 250                ;
; Add Pass-Through Logic to Inferred RAMs                                         ; On                 ; On                 ;
; Infer RAMs from Raw Logic                                                       ; On                 ; On                 ;
; Parallel Synthesis                                                              ; On                 ; On                 ;
; DSP Block Balancing                                                             ; Auto               ; Auto               ;
; NOT Gate Push-Back                                                              ; On                 ; On                 ;
; Power-Up Don't Care                                                             ; On                 ; On                 ;
; Remove Redundant Logic Cells                                                    ; Off                ; Off                ;
; Remove Duplicate Registers                                                      ; On                 ; On                 ;
; Ignore CARRY Buffers                                                            ; Off                ; Off                ;
; Ignore CASCADE Buffers                                                          ; Off                ; Off                ;
; Ignore GLOBAL Buffers                                                           ; Off                ; Off                ;
; Ignore ROW GLOBAL Buffers                                                       ; Off                ; Off                ;
; Ignore LCELL Buffers                                                            ; Off                ; Off                ;
; Ignore SOFT Buffers                                                             ; On                 ; On                 ;
; Limit AHDL Integers to 32 Bits                                                  ; Off                ; Off                ;
; Optimization Technique                                                          ; Balanced           ; Balanced           ;
; Carry Chain Length                                                              ; 70                 ; 70                 ;
; Auto Carry Chains                                                               ; On                 ; On                 ;
; Auto Open-Drain Pins                                                            ; On                 ; On                 ;
; Perform WYSIWYG Primitive Resynthesis                                           ; Off                ; Off                ;
; Auto ROM Replacement                                                            ; On                 ; On                 ;
; Auto RAM Replacement                                                            ; On                 ; On                 ;
; Auto DSP Block Replacement                                                      ; On                 ; On                 ;
; Auto Shift Register Replacement                                                 ; Auto               ; Auto               ;
; Allow Shift Register Merging across Hierarchies                                 ; Auto               ; Auto               ;
; Auto Clock Enable Replacement                                                   ; On                 ; On                 ;
; Strict RAM Replacement                                                          ; Off                ; Off                ;
; Allow Synchronous Control Signals                                               ; On                 ; On                 ;
; Force Use of Synchronous Clear Signals                                          ; Off                ; Off                ;
; Auto Resource Sharing                                                           ; Off                ; Off                ;
; Allow Any RAM Size For Recognition                                              ; Off                ; Off                ;
; Allow Any ROM Size For Recognition                                              ; Off                ; Off                ;
; Allow Any Shift Register Size For Recognition                                   ; Off                ; Off                ;
; Use LogicLock Constraints during Resource Balancing                             ; On                 ; On                 ;
; Ignore translate_off and synthesis_off directives                               ; Off                ; Off                ;
; Timing-Driven Synthesis                                                         ; On                 ; On                 ;
; Report Parameter Settings                                                       ; On                 ; On                 ;
; Report Source Assignments                                                       ; On                 ; On                 ;
; Report Connectivity Checks                                                      ; On                 ; On                 ;
; Ignore Maximum Fan-Out Assignments                                              ; Off                ; Off                ;
; Synchronization Register Chain Length                                           ; 3                  ; 3                  ;
; Power Optimization During Synthesis                                             ; Normal compilation ; Normal compilation ;
; HDL message level                                                               ; Level2             ; Level2             ;
; Suppress Register Optimization Related Messages                                 ; Off                ; Off                ;
; Number of Removed Registers Reported in Synthesis Report                        ; 5000               ; 5000               ;
; Number of Swept Nodes Reported in Synthesis Report                              ; 5000               ; 5000               ;
; Number of Inverted Registers Reported in Synthesis Report                       ; 100                ; 100                ;
; Clock MUX Protection                                                            ; On                 ; On                 ;
; Auto Gated Clock Conversion                                                     ; Off                ; Off                ;
; Block Design Naming                                                             ; Auto               ; Auto               ;
; SDC constraint protection                                                       ; Off                ; Off                ;
; Synthesis Effort                                                                ; Auto               ; Auto               ;
; Shift Register Replacement - Allow Asynchronous Clear Signal                    ; On                 ; On                 ;
; Pre-Mapping Resynthesis Optimization                                            ; Off                ; Off                ;
; Analysis & Synthesis Message Level                                              ; Medium             ; Medium             ;
; Disable Register Merging Across Hierarchies                                     ; Auto               ; Auto               ;
; Resource Aware Inference For Block RAM                                          ; On                 ; On                 ;
; Automatic Parallel Synthesis                                                    ; On                 ; On                 ;
; Partial Reconfiguration Bitstream ID                                            ; Off                ; Off                ;
+---------------------------------------------------------------------------------+--------------------+--------------------+


+------------------------------------------+
; Parallel Compilation                     ;
+----------------------------+-------------+
; Processors                 ; Number      ;
+----------------------------+-------------+
; Number detected on machine ; 16          ;
; Maximum allowed            ; 10          ;
;                            ;             ;
; Average used               ; 1.00        ;
; Maximum used               ; 10          ;
;                            ;             ;
; Usage by Processor         ; % Time Used ;
;     Processor 1            ; 100.0%      ;
;     Processor 2            ;   0.0%      ;
;     Processor 3            ;   0.0%      ;
;     Processor 4            ;   0.0%      ;
;     Processor 5            ;   0.0%      ;
;     Processors 6-10        ;   0.0%      ;
+----------------------------+-------------+


+--------------------------------------------------------------------------------------------------------------------------------------------------------------------------+
; Analysis & Synthesis Source Files Read                                                                                                                                   ;
+----------------------------------+-----------------+------------------------------+----------------------------------------------------------------------------+---------+
; File Name with User-Entered Path ; Used in Netlist ; File Type                    ; File Name with Absolute Path                                               ; Library ;
+----------------------------------+-----------------+------------------------------+----------------------------------------------------------------------------+---------+
; src/uart/uart_tx.sv              ; yes             ; User SystemVerilog HDL File  ; D:/Users/HUIP/Desktop/uart_dht11/src/uart/uart_tx.sv                       ;         ;
; src/uart/uart_top.sv             ; yes             ; User SystemVerilog HDL File  ; D:/Users/HUIP/Desktop/uart_dht11/src/uart/uart_top.sv                      ;         ;
; src/uart/uart_rx.sv              ; yes             ; User SystemVerilog HDL File  ; D:/Users/HUIP/Desktop/uart_dht11/src/uart/uart_rx.sv                       ;         ;
; src/top.sv                       ; yes             ; User SystemVerilog HDL File  ; D:/Users/HUIP/Desktop/uart_dht11/src/top.sv                                ;         ;
; src/dht11.sv                     ; yes             ; User SystemVerilog HDL File  ; D:/Users/HUIP/Desktop/uart_dht11/src/dht11.sv                              ;         ;
; lpm_divide.tdf                   ; yes             ; Megafunction                 ; d:/intelfpga_lite/20.1/quartus/libraries/megafunctions/lpm_divide.tdf      ;         ;
; abs_divider.inc                  ; yes             ; Megafunction                 ; d:/intelfpga_lite/20.1/quartus/libraries/megafunctions/abs_divider.inc     ;         ;
; sign_div_unsign.inc              ; yes             ; Megafunction                 ; d:/intelfpga_lite/20.1/quartus/libraries/megafunctions/sign_div_unsign.inc ;         ;
; aglobal201.inc                   ; yes             ; Megafunction                 ; d:/intelfpga_lite/20.1/quartus/libraries/megafunctions/aglobal201.inc      ;         ;
; db/lpm_divide_82m.tdf            ; yes             ; Auto-Generated Megafunction  ; D:/Users/HUIP/Desktop/uart_dht11/db/lpm_divide_82m.tdf                     ;         ;
; db/sign_div_unsign_bkh.tdf       ; yes             ; Auto-Generated Megafunction  ; D:/Users/HUIP/Desktop/uart_dht11/db/sign_div_unsign_bkh.tdf                ;         ;
; db/alt_u_div_sse.tdf             ; yes             ; Auto-Generated Megafunction  ; D:/Users/HUIP/Desktop/uart_dht11/db/alt_u_div_sse.tdf                      ;         ;
; db/lpm_divide_5am.tdf            ; yes             ; Auto-Generated Megafunction  ; D:/Users/HUIP/Desktop/uart_dht11/db/lpm_divide_5am.tdf                     ;         ;
+----------------------------------+-----------------+------------------------------+----------------------------------------------------------------------------+---------+


+---------------------------------------------------------+
; Analysis & Synthesis Resource Usage Summary             ;
+---------------------------------------------+-----------+
; Resource                                    ; Usage     ;
+---------------------------------------------+-----------+
; Estimate of Logic utilization (ALMs needed) ; 475       ;
;                                             ;           ;
; Combinational ALUT usage for logic          ; 861       ;
;     -- 7 input functions                    ; 6         ;
;     -- 6 input functions                    ; 80        ;
;     -- 5 input functions                    ; 65        ;
;     -- 4 input functions                    ; 110       ;
;     -- <=3 input functions                  ; 600       ;
;                                             ;           ;
; Dedicated logic registers                   ; 252       ;
;                                             ;           ;
; I/O pins                                    ; 5         ;
;                                             ;           ;
; Total DSP Blocks                            ; 0         ;
;                                             ;           ;
; Maximum fan-out node                        ; clk~input ;
; Maximum fan-out                             ; 252       ;
; Total fan-out                               ; 3511      ;
; Average fan-out                             ; 3.12      ;
+---------------------------------------------+-----------+


+---------------------------------------------------------------------------------------------------------------------------------------------------------------------------------------------------------------------------------------------------------------------------------------------------------------------+
; Analysis & Synthesis Resource Utilization by Entity                                                                                                                                                                                                                                                                 ;
+-------------------------------------------+---------------------+---------------------------+-------------------+------------+------+--------------+---------------------------------------------------------------------------------------------------------------------------+---------------------+--------------+
; Compilation Hierarchy Node                ; Combinational ALUTs ; Dedicated Logic Registers ; Block Memory Bits ; DSP Blocks ; Pins ; Virtual Pins ; Full Hierarchy Name                                                                                                       ; Entity Name         ; Library Name ;
+-------------------------------------------+---------------------+---------------------------+-------------------+------------+------+--------------+---------------------------------------------------------------------------------------------------------------------------+---------------------+--------------+
; |top                                      ; 861 (0)             ; 252 (0)                   ; 0                 ; 0          ; 5    ; 0            ; |top                                                                                                                      ; top                 ; work         ;
;    |dht11:dht11_m0|                       ; 525 (219)           ; 112 (112)                 ; 0                 ; 0          ; 0    ; 0            ; |top|dht11:dht11_m0                                                                                                       ; dht11               ; work         ;
;       |lpm_divide:Div0|                   ; 49 (0)              ; 0 (0)                     ; 0                 ; 0          ; 0    ; 0            ; |top|dht11:dht11_m0|lpm_divide:Div0                                                                                       ; lpm_divide          ; work         ;
;          |lpm_divide_5am:auto_generated|  ; 49 (0)              ; 0 (0)                     ; 0                 ; 0          ; 0    ; 0            ; |top|dht11:dht11_m0|lpm_divide:Div0|lpm_divide_5am:auto_generated                                                         ; lpm_divide_5am      ; work         ;
;             |sign_div_unsign_bkh:divider| ; 49 (0)              ; 0 (0)                     ; 0                 ; 0          ; 0    ; 0            ; |top|dht11:dht11_m0|lpm_divide:Div0|lpm_divide_5am:auto_generated|sign_div_unsign_bkh:divider                             ; sign_div_unsign_bkh ; work         ;
;                |alt_u_div_sse:divider|    ; 49 (49)             ; 0 (0)                     ; 0                 ; 0          ; 0    ; 0            ; |top|dht11:dht11_m0|lpm_divide:Div0|lpm_divide_5am:auto_generated|sign_div_unsign_bkh:divider|alt_u_div_sse:divider       ; alt_u_div_sse       ; work         ;
;       |lpm_divide:Div1|                   ; 49 (0)              ; 0 (0)                     ; 0                 ; 0          ; 0    ; 0            ; |top|dht11:dht11_m0|lpm_divide:Div1                                                                                       ; lpm_divide          ; work         ;
;          |lpm_divide_5am:auto_generated|  ; 49 (0)              ; 0 (0)                     ; 0                 ; 0          ; 0    ; 0            ; |top|dht11:dht11_m0|lpm_divide:Div1|lpm_divide_5am:auto_generated                                                         ; lpm_divide_5am      ; work         ;
;             |sign_div_unsign_bkh:divider| ; 49 (0)              ; 0 (0)                     ; 0                 ; 0          ; 0    ; 0            ; |top|dht11:dht11_m0|lpm_divide:Div1|lpm_divide_5am:auto_generated|sign_div_unsign_bkh:divider                             ; sign_div_unsign_bkh ; work         ;
;                |alt_u_div_sse:divider|    ; 49 (49)             ; 0 (0)                     ; 0                 ; 0          ; 0    ; 0            ; |top|dht11:dht11_m0|lpm_divide:Div1|lpm_divide_5am:auto_generated|sign_div_unsign_bkh:divider|alt_u_div_sse:divider       ; alt_u_div_sse       ; work         ;
;       |lpm_divide:Div2|                   ; 49 (0)              ; 0 (0)                     ; 0                 ; 0          ; 0    ; 0            ; |top|dht11:dht11_m0|lpm_divide:Div2                                                                                       ; lpm_divide          ; work         ;
;          |lpm_divide_5am:auto_generated|  ; 49 (0)              ; 0 (0)                     ; 0                 ; 0          ; 0    ; 0            ; |top|dht11:dht11_m0|lpm_divide:Div2|lpm_divide_5am:auto_generated                                                         ; lpm_divide_5am      ; work         ;
;             |sign_div_unsign_bkh:divider| ; 49 (0)              ; 0 (0)                     ; 0                 ; 0          ; 0    ; 0            ; |top|dht11:dht11_m0|lpm_divide:Div2|lpm_divide_5am:auto_generated|sign_div_unsign_bkh:divider                             ; sign_div_unsign_bkh ; work         ;
;                |alt_u_div_sse:divider|    ; 49 (49)             ; 0 (0)                     ; 0                 ; 0          ; 0    ; 0            ; |top|dht11:dht11_m0|lpm_divide:Div2|lpm_divide_5am:auto_generated|sign_div_unsign_bkh:divider|alt_u_div_sse:divider       ; alt_u_div_sse       ; work         ;
;       |lpm_divide:Mod0|                   ; 53 (0)              ; 0 (0)                     ; 0                 ; 0          ; 0    ; 0            ; |top|dht11:dht11_m0|lpm_divide:Mod0                                                                                       ; lpm_divide          ; work         ;
;          |lpm_divide_82m:auto_generated|  ; 53 (0)              ; 0 (0)                     ; 0                 ; 0          ; 0    ; 0            ; |top|dht11:dht11_m0|lpm_divide:Mod0|lpm_divide_82m:auto_generated                                                         ; lpm_divide_82m      ; work         ;
;             |sign_div_unsign_bkh:divider| ; 53 (0)              ; 0 (0)                     ; 0                 ; 0          ; 0    ; 0            ; |top|dht11:dht11_m0|lpm_divide:Mod0|lpm_divide_82m:auto_generated|sign_div_unsign_bkh:divider                             ; sign_div_unsign_bkh ; work         ;
;                |alt_u_div_sse:divider|    ; 53 (53)             ; 0 (0)                     ; 0                 ; 0          ; 0    ; 0            ; |top|dht11:dht11_m0|lpm_divide:Mod0|lpm_divide_82m:auto_generated|sign_div_unsign_bkh:divider|alt_u_div_sse:divider       ; alt_u_div_sse       ; work         ;
;       |lpm_divide:Mod1|                   ; 53 (0)              ; 0 (0)                     ; 0                 ; 0          ; 0    ; 0            ; |top|dht11:dht11_m0|lpm_divide:Mod1                                                                                       ; lpm_divide          ; work         ;
;          |lpm_divide_82m:auto_generated|  ; 53 (0)              ; 0 (0)                     ; 0                 ; 0          ; 0    ; 0            ; |top|dht11:dht11_m0|lpm_divide:Mod1|lpm_divide_82m:auto_generated                                                         ; lpm_divide_82m      ; work         ;
;             |sign_div_unsign_bkh:divider| ; 53 (0)              ; 0 (0)                     ; 0                 ; 0          ; 0    ; 0            ; |top|dht11:dht11_m0|lpm_divide:Mod1|lpm_divide_82m:auto_generated|sign_div_unsign_bkh:divider                             ; sign_div_unsign_bkh ; work         ;
;                |alt_u_div_sse:divider|    ; 53 (53)             ; 0 (0)                     ; 0                 ; 0          ; 0    ; 0            ; |top|dht11:dht11_m0|lpm_divide:Mod1|lpm_divide_82m:auto_generated|sign_div_unsign_bkh:divider|alt_u_div_sse:divider       ; alt_u_div_sse       ; work         ;
;       |lpm_divide:Mod2|                   ; 53 (0)              ; 0 (0)                     ; 0                 ; 0          ; 0    ; 0            ; |top|dht11:dht11_m0|lpm_divide:Mod2                                                                                       ; lpm_divide          ; work         ;
;          |lpm_divide_82m:auto_generated|  ; 53 (0)              ; 0 (0)                     ; 0                 ; 0          ; 0    ; 0            ; |top|dht11:dht11_m0|lpm_divide:Mod2|lpm_divide_82m:auto_generated                                                         ; lpm_divide_82m      ; work         ;
;             |sign_div_unsign_bkh:divider| ; 53 (0)              ; 0 (0)                     ; 0                 ; 0          ; 0    ; 0            ; |top|dht11:dht11_m0|lpm_divide:Mod2|lpm_divide_82m:auto_generated|sign_div_unsign_bkh:divider                             ; sign_div_unsign_bkh ; work         ;
;                |alt_u_div_sse:divider|    ; 53 (53)             ; 0 (0)                     ; 0                 ; 0          ; 0    ; 0            ; |top|dht11:dht11_m0|lpm_divide:Mod2|lpm_divide_82m:auto_generated|sign_div_unsign_bkh:divider|alt_u_div_sse:divider       ; alt_u_div_sse       ; work         ;
;    |uart_top:uart_top_m0|                 ; 336 (139)           ; 140 (59)                  ; 0                 ; 0          ; 0    ; 0            ; |top|uart_top:uart_top_m0                                                                                                 ; uart_top            ; work         ;
;       |lpm_divide:Div0|                   ; 49 (0)              ; 0 (0)                     ; 0                 ; 0          ; 0    ; 0            ; |top|uart_top:uart_top_m0|lpm_divide:Div0                                                                                 ; lpm_divide          ; work         ;
;          |lpm_divide_5am:auto_generated|  ; 49 (0)              ; 0 (0)                     ; 0                 ; 0          ; 0    ; 0            ; |top|uart_top:uart_top_m0|lpm_divide:Div0|lpm_divide_5am:auto_generated                                                   ; lpm_divide_5am      ; work         ;
;             |sign_div_unsign_bkh:divider| ; 49 (0)              ; 0 (0)                     ; 0                 ; 0          ; 0    ; 0            ; |top|uart_top:uart_top_m0|lpm_divide:Div0|lpm_divide_5am:auto_generated|sign_div_unsign_bkh:divider                       ; sign_div_unsign_bkh ; work         ;
;                |alt_u_div_sse:divider|    ; 49 (49)             ; 0 (0)                     ; 0                 ; 0          ; 0    ; 0            ; |top|uart_top:uart_top_m0|lpm_divide:Div0|lpm_divide_5am:auto_generated|sign_div_unsign_bkh:divider|alt_u_div_sse:divider ; alt_u_div_sse       ; work         ;
;       |lpm_divide:Mod0|                   ; 49 (0)              ; 0 (0)                     ; 0                 ; 0          ; 0    ; 0            ; |top|uart_top:uart_top_m0|lpm_divide:Mod0                                                                                 ; lpm_divide          ; work         ;
;          |lpm_divide_82m:auto_generated|  ; 49 (0)              ; 0 (0)                     ; 0                 ; 0          ; 0    ; 0            ; |top|uart_top:uart_top_m0|lpm_divide:Mod0|lpm_divide_82m:auto_generated                                                   ; lpm_divide_82m      ; work         ;
;             |sign_div_unsign_bkh:divider| ; 49 (0)              ; 0 (0)                     ; 0                 ; 0          ; 0    ; 0            ; |top|uart_top:uart_top_m0|lpm_divide:Mod0|lpm_divide_82m:auto_generated|sign_div_unsign_bkh:divider                       ; sign_div_unsign_bkh ; work         ;
;                |alt_u_div_sse:divider|    ; 49 (49)             ; 0 (0)                     ; 0                 ; 0          ; 0    ; 0            ; |top|uart_top:uart_top_m0|lpm_divide:Mod0|lpm_divide_82m:auto_generated|sign_div_unsign_bkh:divider|alt_u_div_sse:divider ; alt_u_div_sse       ; work         ;
;       |uart_rx:uart_rx_m0|                ; 61 (61)             ; 44 (44)                   ; 0                 ; 0          ; 0    ; 0            ; |top|uart_top:uart_top_m0|uart_rx:uart_rx_m0                                                                              ; uart_rx             ; work         ;
;       |uart_tx:uart_tx_m0|                ; 38 (38)             ; 37 (37)                   ; 0                 ; 0          ; 0    ; 0            ; |top|uart_top:uart_top_m0|uart_tx:uart_tx_m0                                                                              ; uart_tx             ; work         ;
+-------------------------------------------+---------------------+---------------------------+-------------------+------------+------+--------------+---------------------------------------------------------------------------------------------------------------------------+---------------------+--------------+
Note: For table entries with two numbers listed, the numbers in parentheses indicate the number of resources of the given type used by the specific entity alone. The numbers listed outside of parentheses indicate the total resources of the given type used by the specific entity and all of its sub-entities in the hierarchy.


Encoding Type:  One-Hot
+-------------------------------------------------+
; State Machine - |top|uart_top:uart_top_m0|state ;
+------------+------------------------------------+
; Name       ; state.WAIT                         ;
+------------+------------------------------------+
; state.SEND ; 0                                  ;
; state.WAIT ; 1                                  ;
+------------+------------------------------------+


Encoding Type:  One-Hot
+--------------------------------------------------------------------+
; State Machine - |top|uart_top:uart_top_m0|uart_rx:uart_rx_m0|state ;
+-------------+------------+------------+-------------+--------------+
; Name        ; state.STOP ; state.RECV ; state.START ; state.WAIT   ;
+-------------+------------+------------+-------------+--------------+
; state.WAIT  ; 0          ; 0          ; 0           ; 0            ;
; state.START ; 0          ; 0          ; 1           ; 1            ;
; state.RECV  ; 0          ; 1          ; 0           ; 1            ;
; state.STOP  ; 1          ; 0          ; 0           ; 1            ;
+-------------+------------+------------+-------------+--------------+


Encoding Type:  One-Hot
+--------------------------------------------------------------------+
; State Machine - |top|uart_top:uart_top_m0|uart_tx:uart_tx_m0|state ;
+-------------+------------+------------+-------------+--------------+
; Name        ; state.STOP ; state.SEND ; state.START ; state.WAIT   ;
+-------------+------------+------------+-------------+--------------+
; state.WAIT  ; 0          ; 0          ; 0           ; 0            ;
; state.START ; 0          ; 0          ; 1           ; 1            ;
; state.SEND  ; 0          ; 1          ; 0           ; 1            ;
; state.STOP  ; 1          ; 0          ; 0           ; 1            ;
+-------------+------------+------------+-------------+--------------+


+----------------------------------------------------------------------+
; Registers Removed During Synthesis                                   ;
+-------------------------------------------------+--------------------+
; Register name                                   ; Reason for Removal ;
+-------------------------------------------------+--------------------+
; uart_top:uart_top_m0|state~5                    ; Lost fanout        ;
; uart_top:uart_top_m0|uart_rx:uart_rx_m0|state~6 ; Lost fanout        ;
; uart_top:uart_top_m0|uart_rx:uart_rx_m0|state~7 ; Lost fanout        ;
; uart_top:uart_top_m0|uart_tx:uart_tx_m0|state~5 ; Lost fanout        ;
; uart_top:uart_top_m0|uart_tx:uart_tx_m0|state~6 ; Lost fanout        ;
; Total Number of Removed Registers = 5           ;                    ;
+-------------------------------------------------+--------------------+


+------------------------------------------------------+
; General Register Statistics                          ;
+----------------------------------------------+-------+
; Statistic                                    ; Value ;
+----------------------------------------------+-------+
; Total registers                              ; 252   ;
; Number of registers using Synchronous Clear  ; 126   ;
; Number of registers using Synchronous Load   ; 1     ;
; Number of registers using Asynchronous Clear ; 0     ;
; Number of registers using Asynchronous Load  ; 0     ;
; Number of registers using Clock Enable       ; 188   ;
; Number of registers using Preset             ; 0     ;
+----------------------------------------------+-------+


+--------------------------------------------------+
; Inverted Register Statistics                     ;
+----------------------------------------+---------+
; Inverted Register                      ; Fan out ;
+----------------------------------------+---------+
; uart_top:uart_top_m0|temp_thres[5]     ; 9       ;
; uart_top:uart_top_m0|temp_thres[3]     ; 8       ;
; dht11:dht11_m0|data_out                ; 3       ;
; dht11:dht11_m0|data_en                 ; 2       ;
; Total number of inverted registers = 4 ;         ;
+----------------------------------------+---------+


+------------------------------------------------------------------------------------------------------------------------------------------------------------------------+
; Multiplexer Restructuring Statistics (Restructuring Performed)                                                                                                         ;
+--------------------+-----------+---------------+----------------------+------------------------+------------+----------------------------------------------------------+
; Multiplexer Inputs ; Bus Width ; Baseline Area ; Area if Restructured ; Saving if Restructured ; Registered ; Example Multiplexer Output                               ;
+--------------------+-----------+---------------+----------------------+------------------------+------------+----------------------------------------------------------+
; 3:1                ; 8 bits    ; 16 LEs        ; 0 LEs                ; 16 LEs                 ; Yes        ; |top|uart_top:uart_top_m0|send_cnt[0]                    ;
; 3:1                ; 21 bits   ; 42 LEs        ; 0 LEs                ; 42 LEs                 ; Yes        ; |top|uart_top:uart_top_m0|uart_tx:uart_tx_m0|clk_cnt[19] ;
; 3:1                ; 6 bits    ; 12 LEs        ; 6 LEs                ; 6 LEs                  ; Yes        ; |top|uart_top:uart_top_m0|temp_thres[4]                  ;
; 5:1                ; 3 bits    ; 9 LEs         ; 3 LEs                ; 6 LEs                  ; Yes        ; |top|uart_top:uart_top_m0|uart_rx:uart_rx_m0|recv_cnt[2] ;
; 5:1                ; 3 bits    ; 9 LEs         ; 3 LEs                ; 6 LEs                  ; Yes        ; |top|uart_top:uart_top_m0|uart_tx:uart_tx_m0|send_cnt[1] ;
; 18:1               ; 8 bits    ; 96 LEs        ; 0 LEs                ; 96 LEs                 ; Yes        ; |top|dht11:dht11_m0|data_cnt[7]                          ;
; 7:1                ; 21 bits   ; 84 LEs        ; 0 LEs                ; 84 LEs                 ; Yes        ; |top|uart_top:uart_top_m0|uart_rx:uart_rx_m0|clk_cnt[0]  ;
; 256:1              ; 2 bits    ; 340 LEs       ; 12 LEs               ; 328 LEs                ; Yes        ; |top|uart_top:uart_top_m0|send_data[2]                   ;
; 23:1               ; 2 bits    ; 30 LEs        ; 4 LEs                ; 26 LEs                 ; Yes        ; |top|dht11:dht11_m0|dht11_step[1]                        ;
; 128:1              ; 2 bits    ; 170 LEs       ; 6 LEs                ; 164 LEs                ; Yes        ; |top|uart_top:uart_top_m0|send_data[5]                   ;
; 133:1              ; 2 bits    ; 176 LEs       ; 12 LEs               ; 164 LEs                ; Yes        ; |top|uart_top:uart_top_m0|send_data[0]                   ;
; 29:1               ; 32 bits   ; 608 LEs       ; 0 LEs                ; 608 LEs                ; Yes        ; |top|dht11:dht11_m0|clk_delay[25]                        ;
; 3:1                ; 2 bits    ; 4 LEs         ; 2 LEs                ; 2 LEs                  ; Yes        ; |top|uart_top:uart_top_m0|temp_thres[5]                  ;
; 8:1                ; 2 bits    ; 10 LEs        ; 4 LEs                ; 6 LEs                  ; No         ; |top|uart_top:uart_top_m0|uart_rx:uart_rx_m0|Selector4   ;
; 8:1                ; 2 bits    ; 10 LEs        ; 4 LEs                ; 6 LEs                  ; No         ; |top|uart_top:uart_top_m0|uart_rx:uart_rx_m0|Selector6   ;
+--------------------+-----------+---------------+----------------------+------------------------+------------+----------------------------------------------------------+


+---------------------------------------------------------------------+
; Parameter Settings for User Entity Instance: Top-level Entity: |top ;
+----------------+-------+--------------------------------------------+
; Parameter Name ; Value ; Type                                       ;
+----------------+-------+--------------------------------------------+
; CLK_FRE        ; 50    ; Signed Integer                             ;
; UART_RATE      ; 9600  ; Signed Integer                             ;
+----------------+-------+--------------------------------------------+
Note: In order to hide this table in the UI and the text report file, please set the "Show Parameter Settings in Synthesis Report" option in "Analysis and Synthesis Settings -> More Settings" to "Off".


+-------------------------------------------------------------+
; Parameter Settings for User Entity Instance: dht11:dht11_m0 ;
+----------------+-------+------------------------------------+
; Parameter Name ; Value ; Type                               ;
+----------------+-------+------------------------------------+
; CLK_FRE        ; 50    ; Signed Integer                     ;
+----------------+-------+------------------------------------+
Note: In order to hide this table in the UI and the text report file, please set the "Show Parameter Settings in Synthesis Report" option in "Analysis and Synthesis Settings -> More Settings" to "Off".


+-------------------------------------------------------------------+
; Parameter Settings for User Entity Instance: uart_top:uart_top_m0 ;
+----------------+-------+------------------------------------------+
; Parameter Name ; Value ; Type                                     ;
+----------------+-------+------------------------------------------+
; CLK_FRE        ; 50    ; Signed Integer                           ;
; UART_RATE      ; 9600  ; Signed Integer                           ;
+----------------+-------+------------------------------------------+
Note: In order to hide this table in the UI and the text report file, please set the "Show Parameter Settings in Synthesis Report" option in "Analysis and Synthesis Settings -> More Settings" to "Off".


+--------------------------------------------------------------------------------------+
; Parameter Settings for User Entity Instance: uart_top:uart_top_m0|uart_tx:uart_tx_m0 ;
+----------------+-------+-------------------------------------------------------------+
; Parameter Name ; Value ; Type                                                        ;
+----------------+-------+-------------------------------------------------------------+
; CLK_FRE        ; 50    ; Signed Integer                                              ;
; UART_RATE      ; 9600  ; Signed Integer                                              ;
+----------------+-------+-------------------------------------------------------------+
Note: In order to hide this table in the UI and the text report file, please set the "Show Parameter Settings in Synthesis Report" option in "Analysis and Synthesis Settings -> More Settings" to "Off".


+--------------------------------------------------------------------------------------+
; Parameter Settings for User Entity Instance: uart_top:uart_top_m0|uart_rx:uart_rx_m0 ;
+----------------+-------+-------------------------------------------------------------+
; Parameter Name ; Value ; Type                                                        ;
+----------------+-------+-------------------------------------------------------------+
; CLK_FRE        ; 50    ; Signed Integer                                              ;
; UART_RATE      ; 9600  ; Signed Integer                                              ;
+----------------+-------+-------------------------------------------------------------+
Note: In order to hide this table in the UI and the text report file, please set the "Show Parameter Settings in Synthesis Report" option in "Analysis and Synthesis Settings -> More Settings" to "Off".


+---------------------------------------------------------------------------------+
; Parameter Settings for Inferred Entity Instance: dht11:dht11_m0|lpm_divide:Mod2 ;
+------------------------+----------------+---------------------------------------+
; Parameter Name         ; Value          ; Type                                  ;
+------------------------+----------------+---------------------------------------+
; LPM_WIDTHN             ; 8              ; Untyped                               ;
; LPM_WIDTHD             ; 4              ; Untyped                               ;
; LPM_NREPRESENTATION    ; UNSIGNED       ; Untyped                               ;
; LPM_DREPRESENTATION    ; UNSIGNED       ; Untyped                               ;
; LPM_PIPELINE           ; 0              ; Untyped                               ;
; LPM_REMAINDERPOSITIVE  ; TRUE           ; Untyped                               ;
; MAXIMIZE_SPEED         ; 5              ; Untyped                               ;
; CBXI_PARAMETER         ; lpm_divide_82m ; Untyped                               ;
; CARRY_CHAIN            ; MANUAL         ; Untyped                               ;
; OPTIMIZE_FOR_SPEED     ; 5              ; Untyped                               ;
; AUTO_CARRY_CHAINS      ; ON             ; AUTO_CARRY                            ;
; IGNORE_CARRY_BUFFERS   ; OFF            ; IGNORE_CARRY                          ;
; AUTO_CASCADE_CHAINS    ; ON             ; AUTO_CASCADE                          ;
; IGNORE_CASCADE_BUFFERS ; OFF            ; IGNORE_CASCADE                        ;
+------------------------+----------------+---------------------------------------+
Note: In order to hide this table in the UI and the text report file, please set the "Show Parameter Settings in Synthesis Report" option in "Analysis and Synthesis Settings -> More Settings" to "Off".


+---------------------------------------------------------------------------------+
; Parameter Settings for Inferred Entity Instance: dht11:dht11_m0|lpm_divide:Div2 ;
+------------------------+----------------+---------------------------------------+
; Parameter Name         ; Value          ; Type                                  ;
+------------------------+----------------+---------------------------------------+
; LPM_WIDTHN             ; 8              ; Untyped                               ;
; LPM_WIDTHD             ; 4              ; Untyped                               ;
; LPM_NREPRESENTATION    ; UNSIGNED       ; Untyped                               ;
; LPM_DREPRESENTATION    ; UNSIGNED       ; Untyped                               ;
; LPM_PIPELINE           ; 0              ; Untyped                               ;
; LPM_REMAINDERPOSITIVE  ; TRUE           ; Untyped                               ;
; MAXIMIZE_SPEED         ; 5              ; Untyped                               ;
; CBXI_PARAMETER         ; lpm_divide_5am ; Untyped                               ;
; CARRY_CHAIN            ; MANUAL         ; Untyped                               ;
; OPTIMIZE_FOR_SPEED     ; 5              ; Untyped                               ;
; AUTO_CARRY_CHAINS      ; ON             ; AUTO_CARRY                            ;
; IGNORE_CARRY_BUFFERS   ; OFF            ; IGNORE_CARRY                          ;
; AUTO_CASCADE_CHAINS    ; ON             ; AUTO_CASCADE                          ;
; IGNORE_CASCADE_BUFFERS ; OFF            ; IGNORE_CASCADE                        ;
+------------------------+----------------+---------------------------------------+
Note: In order to hide this table in the UI and the text report file, please set the "Show Parameter Settings in Synthesis Report" option in "Analysis and Synthesis Settings -> More Settings" to "Off".


+---------------------------------------------------------------------------------------+
; Parameter Settings for Inferred Entity Instance: uart_top:uart_top_m0|lpm_divide:Div0 ;
+------------------------+----------------+---------------------------------------------+
; Parameter Name         ; Value          ; Type                                        ;
+------------------------+----------------+---------------------------------------------+
; LPM_WIDTHN             ; 8              ; Untyped                                     ;
; LPM_WIDTHD             ; 4              ; Untyped                                     ;
; LPM_NREPRESENTATION    ; UNSIGNED       ; Untyped                                     ;
; LPM_DREPRESENTATION    ; UNSIGNED       ; Untyped                                     ;
; LPM_PIPELINE           ; 0              ; Untyped                                     ;
; LPM_REMAINDERPOSITIVE  ; TRUE           ; Untyped                                     ;
; MAXIMIZE_SPEED         ; 5              ; Untyped                                     ;
; CBXI_PARAMETER         ; lpm_divide_5am ; Untyped                                     ;
; CARRY_CHAIN            ; MANUAL         ; Untyped                                     ;
; OPTIMIZE_FOR_SPEED     ; 5              ; Untyped                                     ;
; AUTO_CARRY_CHAINS      ; ON             ; AUTO_CARRY                                  ;
; IGNORE_CARRY_BUFFERS   ; OFF            ; IGNORE_CARRY                                ;
; AUTO_CASCADE_CHAINS    ; ON             ; AUTO_CASCADE                                ;
; IGNORE_CASCADE_BUFFERS ; OFF            ; IGNORE_CASCADE                              ;
+------------------------+----------------+---------------------------------------------+
Note: In order to hide this table in the UI and the text report file, please set the "Show Parameter Settings in Synthesis Report" option in "Analysis and Synthesis Settings -> More Settings" to "Off".


+---------------------------------------------------------------------------------+
; Parameter Settings for Inferred Entity Instance: dht11:dht11_m0|lpm_divide:Div0 ;
+------------------------+----------------+---------------------------------------+
; Parameter Name         ; Value          ; Type                                  ;
+------------------------+----------------+---------------------------------------+
; LPM_WIDTHN             ; 8              ; Untyped                               ;
; LPM_WIDTHD             ; 4              ; Untyped                               ;
; LPM_NREPRESENTATION    ; UNSIGNED       ; Untyped                               ;
; LPM_DREPRESENTATION    ; UNSIGNED       ; Untyped                               ;
; LPM_PIPELINE           ; 0              ; Untyped                               ;
; LPM_REMAINDERPOSITIVE  ; TRUE           ; Untyped                               ;
; MAXIMIZE_SPEED         ; 5              ; Untyped                               ;
; CBXI_PARAMETER         ; lpm_divide_5am ; Untyped                               ;
; CARRY_CHAIN            ; MANUAL         ; Untyped                               ;
; OPTIMIZE_FOR_SPEED     ; 5              ; Untyped                               ;
; AUTO_CARRY_CHAINS      ; ON             ; AUTO_CARRY                            ;
; IGNORE_CARRY_BUFFERS   ; OFF            ; IGNORE_CARRY                          ;
; AUTO_CASCADE_CHAINS    ; ON             ; AUTO_CASCADE                          ;
; IGNORE_CASCADE_BUFFERS ; OFF            ; IGNORE_CASCADE                        ;
+------------------------+----------------+---------------------------------------+
Note: In order to hide this table in the UI and the text report file, please set the "Show Parameter Settings in Synthesis Report" option in "Analysis and Synthesis Settings -> More Settings" to "Off".


+---------------------------------------------------------------------------------+
; Parameter Settings for Inferred Entity Instance: dht11:dht11_m0|lpm_divide:Div1 ;
+------------------------+----------------+---------------------------------------+
; Parameter Name         ; Value          ; Type                                  ;
+------------------------+----------------+---------------------------------------+
; LPM_WIDTHN             ; 8              ; Untyped                               ;
; LPM_WIDTHD             ; 4              ; Untyped                               ;
; LPM_NREPRESENTATION    ; UNSIGNED       ; Untyped                               ;
; LPM_DREPRESENTATION    ; UNSIGNED       ; Untyped                               ;
; LPM_PIPELINE           ; 0              ; Untyped                               ;
; LPM_REMAINDERPOSITIVE  ; TRUE           ; Untyped                               ;
; MAXIMIZE_SPEED         ; 5              ; Untyped                               ;
; CBXI_PARAMETER         ; lpm_divide_5am ; Untyped                               ;
; CARRY_CHAIN            ; MANUAL         ; Untyped                               ;
; OPTIMIZE_FOR_SPEED     ; 5              ; Untyped                               ;
; AUTO_CARRY_CHAINS      ; ON             ; AUTO_CARRY                            ;
; IGNORE_CARRY_BUFFERS   ; OFF            ; IGNORE_CARRY                          ;
; AUTO_CASCADE_CHAINS    ; ON             ; AUTO_CASCADE                          ;
; IGNORE_CASCADE_BUFFERS ; OFF            ; IGNORE_CASCADE                        ;
+------------------------+----------------+---------------------------------------+
Note: In order to hide this table in the UI and the text report file, please set the "Show Parameter Settings in Synthesis Report" option in "Analysis and Synthesis Settings -> More Settings" to "Off".


+---------------------------------------------------------------------------------------+
; Parameter Settings for Inferred Entity Instance: uart_top:uart_top_m0|lpm_divide:Mod0 ;
+------------------------+----------------+---------------------------------------------+
; Parameter Name         ; Value          ; Type                                        ;
+------------------------+----------------+---------------------------------------------+
; LPM_WIDTHN             ; 8              ; Untyped                                     ;
; LPM_WIDTHD             ; 4              ; Untyped                                     ;
; LPM_NREPRESENTATION    ; UNSIGNED       ; Untyped                                     ;
; LPM_DREPRESENTATION    ; UNSIGNED       ; Untyped                                     ;
; LPM_PIPELINE           ; 0              ; Untyped                                     ;
; LPM_REMAINDERPOSITIVE  ; TRUE           ; Untyped                                     ;
; MAXIMIZE_SPEED         ; 5              ; Untyped                                     ;
; CBXI_PARAMETER         ; lpm_divide_82m ; Untyped                                     ;
; CARRY_CHAIN            ; MANUAL         ; Untyped                                     ;
; OPTIMIZE_FOR_SPEED     ; 5              ; Untyped                                     ;
; AUTO_CARRY_CHAINS      ; ON             ; AUTO_CARRY                                  ;
; IGNORE_CARRY_BUFFERS   ; OFF            ; IGNORE_CARRY                                ;
; AUTO_CASCADE_CHAINS    ; ON             ; AUTO_CASCADE                                ;
; IGNORE_CASCADE_BUFFERS ; OFF            ; IGNORE_CASCADE                              ;
+------------------------+----------------+---------------------------------------------+
Note: In order to hide this table in the UI and the text report file, please set the "Show Parameter Settings in Synthesis Report" option in "Analysis and Synthesis Settings -> More Settings" to "Off".


+---------------------------------------------------------------------------------+
; Parameter Settings for Inferred Entity Instance: dht11:dht11_m0|lpm_divide:Mod1 ;
+------------------------+----------------+---------------------------------------+
; Parameter Name         ; Value          ; Type                                  ;
+------------------------+----------------+---------------------------------------+
; LPM_WIDTHN             ; 8              ; Untyped                               ;
; LPM_WIDTHD             ; 4              ; Untyped                               ;
; LPM_NREPRESENTATION    ; UNSIGNED       ; Untyped                               ;
; LPM_DREPRESENTATION    ; UNSIGNED       ; Untyped                               ;
; LPM_PIPELINE           ; 0              ; Untyped                               ;
; LPM_REMAINDERPOSITIVE  ; TRUE           ; Untyped                               ;
; MAXIMIZE_SPEED         ; 5              ; Untyped                               ;
; CBXI_PARAMETER         ; lpm_divide_82m ; Untyped                               ;
; CARRY_CHAIN            ; MANUAL         ; Untyped                               ;
; OPTIMIZE_FOR_SPEED     ; 5              ; Untyped                               ;
; AUTO_CARRY_CHAINS      ; ON             ; AUTO_CARRY                            ;
; IGNORE_CARRY_BUFFERS   ; OFF            ; IGNORE_CARRY                          ;
; AUTO_CASCADE_CHAINS    ; ON             ; AUTO_CASCADE                          ;
; IGNORE_CASCADE_BUFFERS ; OFF            ; IGNORE_CASCADE                        ;
+------------------------+----------------+---------------------------------------+
Note: In order to hide this table in the UI and the text report file, please set the "Show Parameter Settings in Synthesis Report" option in "Analysis and Synthesis Settings -> More Settings" to "Off".


+---------------------------------------------------------------------------------+
; Parameter Settings for Inferred Entity Instance: dht11:dht11_m0|lpm_divide:Mod0 ;
+------------------------+----------------+---------------------------------------+
; Parameter Name         ; Value          ; Type                                  ;
+------------------------+----------------+---------------------------------------+
; LPM_WIDTHN             ; 8              ; Untyped                               ;
; LPM_WIDTHD             ; 4              ; Untyped                               ;
; LPM_NREPRESENTATION    ; UNSIGNED       ; Untyped                               ;
; LPM_DREPRESENTATION    ; UNSIGNED       ; Untyped                               ;
; LPM_PIPELINE           ; 0              ; Untyped                               ;
; LPM_REMAINDERPOSITIVE  ; TRUE           ; Untyped                               ;
; MAXIMIZE_SPEED         ; 5              ; Untyped                               ;
; CBXI_PARAMETER         ; lpm_divide_82m ; Untyped                               ;
; CARRY_CHAIN            ; MANUAL         ; Untyped                               ;
; OPTIMIZE_FOR_SPEED     ; 5              ; Untyped                               ;
; AUTO_CARRY_CHAINS      ; ON             ; AUTO_CARRY                            ;
; IGNORE_CARRY_BUFFERS   ; OFF            ; IGNORE_CARRY                          ;
; AUTO_CASCADE_CHAINS    ; ON             ; AUTO_CASCADE                          ;
; IGNORE_CASCADE_BUFFERS ; OFF            ; IGNORE_CASCADE                        ;
+------------------------+----------------+---------------------------------------+
Note: In order to hide this table in the UI and the text report file, please set the "Show Parameter Settings in Synthesis Report" option in "Analysis and Synthesis Settings -> More Settings" to "Off".


+--------------------------------------------------------------------------------------------------------------------------------------------+
; Port Connectivity Checks: "dht11:dht11_m0"                                                                                                 ;
+-------------+--------+----------+----------------------------------------------------------------------------------------------------------+
; Port        ; Type   ; Severity ; Details                                                                                                  ;
+-------------+--------+----------+----------------------------------------------------------------------------------------------------------+
; dht11_state ; Output ; Warning  ; Declared by entity but not connected by instance. Logic that only feeds a dangling port will be removed. ;
+-------------+--------+----------+----------------------------------------------------------------------------------------------------------+


+-----------------------------------------------------+
; Post-Synthesis Netlist Statistics for Top Partition ;
+-----------------------+-----------------------------+
; Type                  ; Count                       ;
+-----------------------+-----------------------------+
; arriav_ff             ; 252                         ;
;     ENA               ; 63                          ;
;     ENA SCLR          ; 125                         ;
;     SCLR              ; 1                           ;
;     SLD               ; 1                           ;
;     plain             ; 62                          ;
; arriav_io_obuf        ; 1                           ;
; arriav_lcell_comb     ; 862                         ;
;     arith             ; 373                         ;
;         0 data inputs ; 68                          ;
;         1 data inputs ; 157                         ;
;         2 data inputs ; 33                          ;
;         3 data inputs ; 89                          ;
;         4 data inputs ; 26                          ;
;     extend            ; 6                           ;
;         7 data inputs ; 6                           ;
;     normal            ; 435                         ;
;         1 data inputs ; 15                          ;
;         2 data inputs ; 109                         ;
;         3 data inputs ; 82                          ;
;         4 data inputs ; 84                          ;
;         5 data inputs ; 65                          ;
;         6 data inputs ; 80                          ;
;     shared            ; 48                          ;
;         0 data inputs ; 8                           ;
;         1 data inputs ; 32                          ;
;         3 data inputs ; 8                           ;
; boundary_port         ; 5                           ;
;                       ;                             ;
; Max LUT depth         ; 8.90                        ;
; Average LUT depth     ; 5.46                        ;
+-----------------------+-----------------------------+


+-------------------------------+
; Elapsed Time Per Partition    ;
+----------------+--------------+
; Partition Name ; Elapsed Time ;
+----------------+--------------+
; Top            ; 00:00:01     ;
+----------------+--------------+


+-------------------------------+
; Analysis & Synthesis Messages ;
+-------------------------------+
Info: *******************************************************************
Info: Running Quartus Prime Analysis & Synthesis
    Info: Version 20.1.1 Build 720 11/11/2020 SJ Lite Edition
    Info: Processing started: Sat Apr 29 17:54:37 2023
Info: Command: quartus_map --read_settings_files=on --write_settings_files=off top -c top
Warning (18236): Number of processors has not been specified which may cause overloading on shared machines.  Set the global assignment NUM_PARALLEL_PROCESSORS in your QSF to an appropriate value for best performance.
Info (20030): Parallel compilation is enabled and will use 10 of the 10 processors detected
Info (12021): Found 1 design units, including 1 entities, in source file src/uart/uart_tx.sv
    Info (12023): Found entity 1: uart_tx File: D:/Users/HUIP/Desktop/uart_dht11/src/uart/uart_tx.sv Line: 2
Info (12021): Found 1 design units, including 1 entities, in source file src/uart/uart_top.sv
    Info (12023): Found entity 1: uart_top File: D:/Users/HUIP/Desktop/uart_dht11/src/uart/uart_top.sv Line: 1
Info (12021): Found 1 design units, including 1 entities, in source file src/uart/uart_rx.sv
    Info (12023): Found entity 1: uart_rx File: D:/Users/HUIP/Desktop/uart_dht11/src/uart/uart_rx.sv Line: 2
Info (12021): Found 1 design units, including 1 entities, in source file src/top.sv
    Info (12023): Found entity 1: top File: D:/Users/HUIP/Desktop/uart_dht11/src/top.sv Line: 1
Info (12021): Found 1 design units, including 1 entities, in source file src/dht11.sv
    Info (12023): Found entity 1: dht11 File: D:/Users/HUIP/Desktop/uart_dht11/src/dht11.sv Line: 1
Warning (10236): Verilog HDL Implicit Net warning at uart_top.sv(95): created implicit net for "send_busy" File: D:/Users/HUIP/Desktop/uart_dht11/src/uart/uart_top.sv Line: 95
Warning (10222): Verilog HDL Parameter Declaration warning at uart_tx.sv(14): Parameter Declaration in module "uart_tx" behaves as a Local Parameter Declaration because the module has a Module Parameter Port List File: D:/Users/HUIP/Desktop/uart_dht11/src/uart/uart_tx.sv Line: 14
Warning (10222): Verilog HDL Parameter Declaration warning at uart_top.sv(26): Parameter Declaration in module "uart_top" behaves as a Local Parameter Declaration because the module has a Module Parameter Port List File: D:/Users/HUIP/Desktop/uart_dht11/src/uart/uart_top.sv Line: 26
Warning (10222): Verilog HDL Parameter Declaration warning at uart_top.sv(27): Parameter Declaration in module "uart_top" behaves as a Local Parameter Declaration because the module has a Module Parameter Port List File: D:/Users/HUIP/Desktop/uart_dht11/src/uart/uart_top.sv Line: 27
Warning (10222): Verilog HDL Parameter Declaration warning at uart_top.sv(28): Parameter Declaration in module "uart_top" behaves as a Local Parameter Declaration because the module has a Module Parameter Port List File: D:/Users/HUIP/Desktop/uart_dht11/src/uart/uart_top.sv Line: 28
Warning (10222): Verilog HDL Parameter Declaration warning at uart_rx.sv(14): Parameter Declaration in module "uart_rx" behaves as a Local Parameter Declaration because the module has a Module Parameter Port List File: D:/Users/HUIP/Desktop/uart_dht11/src/uart/uart_rx.sv Line: 14
Info (12127): Elaborating entity "top" for the top level hierarchy
Info (12128): Elaborating entity "dht11" for hierarchy "dht11:dht11_m0" File: D:/Users/HUIP/Desktop/uart_dht11/src/top.sv Line: 27
Warning (10230): Verilog HDL assignment warning at dht11.sv(129): truncated value with size 4 to match size of target (2) File: D:/Users/HUIP/Desktop/uart_dht11/src/dht11.sv Line: 129
Warning (10230): Verilog HDL assignment warning at dht11.sv(135): truncated value with size 4 to match size of target (2) File: D:/Users/HUIP/Desktop/uart_dht11/src/dht11.sv Line: 135
Warning (10230): Verilog HDL assignment warning at dht11.sv(139): truncated value with size 32 to match size of target (8) File: D:/Users/HUIP/Desktop/uart_dht11/src/dht11.sv Line: 139
Warning (10230): Verilog HDL assignment warning at dht11.sv(142): truncated value with size 4 to match size of target (2) File: D:/Users/HUIP/Desktop/uart_dht11/src/dht11.sv Line: 142
Warning (10230): Verilog HDL assignment warning at dht11.sv(144): truncated value with size 4 to match size of target (2) File: D:/Users/HUIP/Desktop/uart_dht11/src/dht11.sv Line: 144
Warning (10230): Verilog HDL assignment warning at dht11.sv(163): truncated value with size 32 to match size of target (4) File: D:/Users/HUIP/Desktop/uart_dht11/src/dht11.sv Line: 163
Warning (10230): Verilog HDL assignment warning at dht11.sv(164): truncated value with size 32 to match size of target (4) File: D:/Users/HUIP/Desktop/uart_dht11/src/dht11.sv Line: 164
Warning (10230): Verilog HDL assignment warning at dht11.sv(166): truncated value with size 32 to match size of target (4) File: D:/Users/HUIP/Desktop/uart_dht11/src/dht11.sv Line: 166
Warning (10230): Verilog HDL assignment warning at dht11.sv(167): truncated value with size 32 to match size of target (4) File: D:/Users/HUIP/Desktop/uart_dht11/src/dht11.sv Line: 167
Warning (10230): Verilog HDL assignment warning at dht11.sv(169): truncated value with size 32 to match size of target (4) File: D:/Users/HUIP/Desktop/uart_dht11/src/dht11.sv Line: 169
Warning (10230): Verilog HDL assignment warning at dht11.sv(170): truncated value with size 32 to match size of target (4) File: D:/Users/HUIP/Desktop/uart_dht11/src/dht11.sv Line: 170
Info (12128): Elaborating entity "uart_top" for hierarchy "uart_top:uart_top_m0" File: D:/Users/HUIP/Desktop/uart_dht11/src/top.sv Line: 41
Warning (10230): Verilog HDL assignment warning at uart_top.sv(50): truncated value with size 32 to match size of target (8) File: D:/Users/HUIP/Desktop/uart_dht11/src/uart/uart_top.sv Line: 50
Warning (10230): Verilog HDL assignment warning at uart_top.sv(51): truncated value with size 32 to match size of target (8) File: D:/Users/HUIP/Desktop/uart_dht11/src/uart/uart_top.sv Line: 51
Warning (10230): Verilog HDL assignment warning at uart_top.sv(54): truncated value with size 32 to match size of target (8) File: D:/Users/HUIP/Desktop/uart_dht11/src/uart/uart_top.sv Line: 54
Warning (10230): Verilog HDL assignment warning at uart_top.sv(79): truncated value with size 32 to match size of target (8) File: D:/Users/HUIP/Desktop/uart_dht11/src/uart/uart_top.sv Line: 79
Warning (10230): Verilog HDL assignment warning at uart_top.sv(80): truncated value with size 32 to match size of target (8) File: D:/Users/HUIP/Desktop/uart_dht11/src/uart/uart_top.sv Line: 80
Info (12128): Elaborating entity "uart_tx" for hierarchy "uart_top:uart_top_m0|uart_tx:uart_tx_m0" File: D:/Users/HUIP/Desktop/uart_dht11/src/uart/uart_top.sv Line: 99
Warning (10230): Verilog HDL assignment warning at uart_tx.sv(43): truncated value with size 32 to match size of target (21) File: D:/Users/HUIP/Desktop/uart_dht11/src/uart/uart_tx.sv Line: 43
Warning (10230): Verilog HDL assignment warning at uart_tx.sv(51): truncated value with size 32 to match size of target (3) File: D:/Users/HUIP/Desktop/uart_dht11/src/uart/uart_tx.sv Line: 51
Warning (10230): Verilog HDL assignment warning at uart_tx.sv(55): truncated value with size 32 to match size of target (21) File: D:/Users/HUIP/Desktop/uart_dht11/src/uart/uart_tx.sv Line: 55
Warning (10230): Verilog HDL assignment warning at uart_tx.sv(66): truncated value with size 32 to match size of target (21) File: D:/Users/HUIP/Desktop/uart_dht11/src/uart/uart_tx.sv Line: 66
Info (12128): Elaborating entity "uart_rx" for hierarchy "uart_top:uart_top_m0|uart_rx:uart_rx_m0" File: D:/Users/HUIP/Desktop/uart_dht11/src/uart/uart_top.sv Line: 112
Warning (10230): Verilog HDL assignment warning at uart_rx.sv(40): truncated value with size 32 to match size of target (21) File: D:/Users/HUIP/Desktop/uart_dht11/src/uart/uart_rx.sv Line: 40
Warning (10230): Verilog HDL assignment warning at uart_rx.sv(47): truncated value with size 32 to match size of target (3) File: D:/Users/HUIP/Desktop/uart_dht11/src/uart/uart_rx.sv Line: 47
Warning (10230): Verilog HDL assignment warning at uart_rx.sv(51): truncated value with size 32 to match size of target (21) File: D:/Users/HUIP/Desktop/uart_dht11/src/uart/uart_rx.sv Line: 51
Warning (10230): Verilog HDL assignment warning at uart_rx.sv(62): truncated value with size 32 to match size of target (21) File: D:/Users/HUIP/Desktop/uart_dht11/src/uart/uart_rx.sv Line: 62
Info (278001): Inferred 8 megafunctions from design logic
    Info (278004): Inferred divider/modulo megafunction ("lpm_divide") from the following logic: "dht11:dht11_m0|Mod2" File: D:/Users/HUIP/Desktop/uart_dht11/src/dht11.sv Line: 170
    Info (278004): Inferred divider/modulo megafunction ("lpm_divide") from the following logic: "dht11:dht11_m0|Div2" File: D:/Users/HUIP/Desktop/uart_dht11/src/dht11.sv Line: 169
    Info (278004): Inferred divider/modulo megafunction ("lpm_divide") from the following logic: "uart_top:uart_top_m0|Div0" File: D:/Users/HUIP/Desktop/uart_dht11/src/uart/uart_top.sv Line: 50
    Info (278004): Inferred divider/modulo megafunction ("lpm_divide") from the following logic: "dht11:dht11_m0|Div0" File: D:/Users/HUIP/Desktop/uart_dht11/src/dht11.sv Line: 163
    Info (278004): Inferred divider/modulo megafunction ("lpm_divide") from the following logic: "dht11:dht11_m0|Div1" File: D:/Users/HUIP/Desktop/uart_dht11/src/dht11.sv Line: 166
    Info (278004): Inferred divider/modulo megafunction ("lpm_divide") from the following logic: "uart_top:uart_top_m0|Mod0" File: D:/Users/HUIP/Desktop/uart_dht11/src/uart/uart_top.sv Line: 51
    Info (278004): Inferred divider/modulo megafunction ("lpm_divide") from the following logic: "dht11:dht11_m0|Mod1" File: D:/Users/HUIP/Desktop/uart_dht11/src/dht11.sv Line: 167
    Info (278004): Inferred divider/modulo megafunction ("lpm_divide") from the following logic: "dht11:dht11_m0|Mod0" File: D:/Users/HUIP/Desktop/uart_dht11/src/dht11.sv Line: 164
Info (12130): Elaborated megafunction instantiation "dht11:dht11_m0|lpm_divide:Mod2" File: D:/Users/HUIP/Desktop/uart_dht11/src/dht11.sv Line: 170
Info (12133): Instantiated megafunction "dht11:dht11_m0|lpm_divide:Mod2" with the following parameter: File: D:/Users/HUIP/Desktop/uart_dht11/src/dht11.sv Line: 170
    Info (12134): Parameter "LPM_WIDTHN" = "8"
    Info (12134): Parameter "LPM_WIDTHD" = "4"
    Info (12134): Parameter "LPM_NREPRESENTATION" = "UNSIGNED"
    Info (12134): Parameter "LPM_DREPRESENTATION" = "UNSIGNED"
Info (12021): Found 1 design units, including 1 entities, in source file db/lpm_divide_82m.tdf
    Info (12023): Found entity 1: lpm_divide_82m File: D:/Users/HUIP/Desktop/uart_dht11/db/lpm_divide_82m.tdf Line: 25
Info (12021): Found 1 design units, including 1 entities, in source file db/sign_div_unsign_bkh.tdf
    Info (12023): Found entity 1: sign_div_unsign_bkh File: D:/Users/HUIP/Desktop/uart_dht11/db/sign_div_unsign_bkh.tdf Line: 25
Info (12021): Found 1 design units, including 1 entities, in source file db/alt_u_div_sse.tdf
    Info (12023): Found entity 1: alt_u_div_sse File: D:/Users/HUIP/Desktop/uart_dht11/db/alt_u_div_sse.tdf Line: 23
Info (12130): Elaborated megafunction instantiation "dht11:dht11_m0|lpm_divide:Div2" File: D:/Users/HUIP/Desktop/uart_dht11/src/dht11.sv Line: 169
Info (12133): Instantiated megafunction "dht11:dht11_m0|lpm_divide:Div2" with the following parameter: File: D:/Users/HUIP/Desktop/uart_dht11/src/dht11.sv Line: 169
    Info (12134): Parameter "LPM_WIDTHN" = "8"
    Info (12134): Parameter "LPM_WIDTHD" = "4"
    Info (12134): Parameter "LPM_NREPRESENTATION" = "UNSIGNED"
    Info (12134): Parameter "LPM_DREPRESENTATION" = "UNSIGNED"
Info (12021): Found 1 design units, including 1 entities, in source file db/lpm_divide_5am.tdf
    Info (12023): Found entity 1: lpm_divide_5am File: D:/Users/HUIP/Desktop/uart_dht11/db/lpm_divide_5am.tdf Line: 25
Info (12130): Elaborated megafunction instantiation "uart_top:uart_top_m0|lpm_divide:Div0" File: D:/Users/HUIP/Desktop/uart_dht11/src/uart/uart_top.sv Line: 50
Info (12133): Instantiated megafunction "uart_top:uart_top_m0|lpm_divide:Div0" with the following parameter: File: D:/Users/HUIP/Desktop/uart_dht11/src/uart/uart_top.sv Line: 50
    Info (12134): Parameter "LPM_WIDTHN" = "8"
    Info (12134): Parameter "LPM_WIDTHD" = "4"
    Info (12134): Parameter "LPM_NREPRESENTATION" = "UNSIGNED"
    Info (12134): Parameter "LPM_DREPRESENTATION" = "UNSIGNED"
Warning (12241): 1 hierarchies have connectivity warnings - see the Connectivity Checks report folder
Info (286030): Timing-Driven Synthesis is running
Info (17049): 5 registers lost all their fanouts during netlist optimizations.
Info (16010): Generating hard_block partition "hard_block:auto_generated_inst"
    Info (16011): Adding 0 node(s), including 0 DDIO, 0 PLL, 0 transceiver and 0 LCELL
Info (21057): Implemented 882 device resources after synthesis - the final resource count might be different
    Info (21058): Implemented 2 input pins
    Info (21059): Implemented 2 output pins
    Info (21060): Implemented 1 bidirectional pins
    Info (21061): Implemented 877 logic cells
Info: Quartus Prime Analysis & Synthesis was successful. 0 errors, 32 warnings
    Info: Peak virtual memory: 4899 megabytes
    Info: Processing ended: Sat Apr 29 17:54:44 2023
    Info: Elapsed time: 00:00:07
    Info: Total CPU time (on all processors): 00:00:16


