Analysis & Synthesis report for top
Wed Nov 09 10:55:07 2022
Quartus Prime Version 20.1.1 Build 720 11/11/2020 SJ Lite Edition


---------------------
; Table of Contents ;
---------------------
  1. Legal Notice
  2. Analysis & Synthesis Summary
  3. Analysis & Synthesis Settings
  4. Parallel Compilation
  5. Analysis & Synthesis Source Files Read
  6. Analysis & Synthesis Resource Usage Summary
  7. Analysis & Synthesis Resource Utilization by Entity
  8. State Machine - |uart_top|state
  9. State Machine - |uart_top|uart_rx:uart_rx_m0|state
 10. State Machine - |uart_top|uart_tx:uart_tx_m0|state
 11. Registers Removed During Synthesis
 12. General Register Statistics
 13. Multiplexer Restructuring Statistics (Restructuring Performed)
 14. Parameter Settings for User Entity Instance: Top-level Entity: |uart_top
 15. Parameter Settings for User Entity Instance: uart_tx:uart_tx_m0
 16. Parameter Settings for User Entity Instance: uart_rx:uart_rx_m0
 17. Post-Synthesis Netlist Statistics for Top Partition
 18. Elapsed Time Per Partition
 19. Analysis & Synthesis Messages



----------------
; Legal Notice ;
----------------
Copyright (C) 2020  Intel Corporation. All rights reserved.
Your use of Intel Corporation's design tools, logic functions 
and other software and tools, and any partner logic 
functions, and any output files from any of the foregoing 
(including device programming or simulation files), and any 
associated documentation or information are expressly subject 
to the terms and conditions of the Intel Program License 
Subscription Agreement, the Intel Quartus Prime License Agreement,
the Intel FPGA IP License Agreement, or other applicable license
agreement, including, without limitation, that your use is for
the sole purpose of programming logic devices manufactured by
Intel and sold by Intel or its authorized distributors.  Please
refer to the applicable agreement for further details, at
https://fpgasoftware.intel.com/eula.



+----------------------------------------------------------------------------------+
; Analysis & Synthesis Summary                                                     ;
+------------------------------------+---------------------------------------------+
; Analysis & Synthesis Status        ; Successful - Wed Nov 09 10:55:07 2022       ;
; Quartus Prime Version              ; 20.1.1 Build 720 11/11/2020 SJ Lite Edition ;
; Revision Name                      ; top                                         ;
; Top-level Entity Name              ; uart_top                                    ;
; Family                             ; Cyclone IV E                                ;
; Total logic elements               ; 187                                         ;
;     Total combinational functions  ; 171                                         ;
;     Dedicated logic registers      ; 111                                         ;
; Total registers                    ; 111                                         ;
; Total pins                         ; 3                                           ;
; Total virtual pins                 ; 0                                           ;
; Total memory bits                  ; 0                                           ;
; Embedded Multiplier 9-bit elements ; 0                                           ;
; Total PLLs                         ; 0                                           ;
+------------------------------------+---------------------------------------------+


+------------------------------------------------------------------------------------------------------------+
; Analysis & Synthesis Settings                                                                              ;
+------------------------------------------------------------------+--------------------+--------------------+
; Option                                                           ; Setting            ; Default Value      ;
+------------------------------------------------------------------+--------------------+--------------------+
; Device                                                           ; EP4CE10F17C8       ;                    ;
; Top-level entity name                                            ; uart_top           ; top                ;
; Family name                                                      ; Cyclone IV E       ; Cyclone V          ;
; Use smart compilation                                            ; Off                ; Off                ;
; Enable parallel Assembler and Timing Analyzer during compilation ; On                 ; On                 ;
; Enable compact report table                                      ; Off                ; Off                ;
; Restructure Multiplexers                                         ; Auto               ; Auto               ;
; Create Debugging Nodes for IP Cores                              ; Off                ; Off                ;
; Preserve fewer node names                                        ; On                 ; On                 ;
; Intel FPGA IP Evaluation Mode                                    ; Enable             ; Enable             ;
; Verilog Version                                                  ; Verilog_2001       ; Verilog_2001       ;
; VHDL Version                                                     ; VHDL_1993          ; VHDL_1993          ;
; State Machine Processing                                         ; Auto               ; Auto               ;
; Safe State Machine                                               ; Off                ; Off                ;
; Extract Verilog State Machines                                   ; On                 ; On                 ;
; Extract VHDL State Machines                                      ; On                 ; On                 ;
; Ignore Verilog initial constructs                                ; Off                ; Off                ;
; Iteration limit for constant Verilog loops                       ; 5000               ; 5000               ;
; Iteration limit for non-constant Verilog loops                   ; 250                ; 250                ;
; Add Pass-Through Logic to Inferred RAMs                          ; On                 ; On                 ;
; Infer RAMs from Raw Logic                                        ; On                 ; On                 ;
; Parallel Synthesis                                               ; On                 ; On                 ;
; DSP Block Balancing                                              ; Auto               ; Auto               ;
; NOT Gate Push-Back                                               ; On                 ; On                 ;
; Power-Up Don't Care                                              ; On                 ; On                 ;
; Remove Redundant Logic Cells                                     ; Off                ; Off                ;
; Remove Duplicate Registers                                       ; On                 ; On                 ;
; Ignore CARRY Buffers                                             ; Off                ; Off                ;
; Ignore CASCADE Buffers                                           ; Off                ; Off                ;
; Ignore GLOBAL Buffers                                            ; Off                ; Off                ;
; Ignore ROW GLOBAL Buffers                                        ; Off                ; Off                ;
; Ignore LCELL Buffers                                             ; Off                ; Off                ;
; Ignore SOFT Buffers                                              ; On                 ; On                 ;
; Limit AHDL Integers to 32 Bits                                   ; Off                ; Off                ;
; Optimization Technique                                           ; Balanced           ; Balanced           ;
; Carry Chain Length                                               ; 70                 ; 70                 ;
; Auto Carry Chains                                                ; On                 ; On                 ;
; Auto Open-Drain Pins                                             ; On                 ; On                 ;
; Perform WYSIWYG Primitive Resynthesis                            ; Off                ; Off                ;
; Auto ROM Replacement                                             ; On                 ; On                 ;
; Auto RAM Replacement                                             ; On                 ; On                 ;
; Auto DSP Block Replacement                                       ; On                 ; On                 ;
; Auto Shift Register Replacement                                  ; Auto               ; Auto               ;
; Allow Shift Register Merging across Hierarchies                  ; Auto               ; Auto               ;
; Auto Clock Enable Replacement                                    ; On                 ; On                 ;
; Strict RAM Replacement                                           ; Off                ; Off                ;
; Allow Synchronous Control Signals                                ; On                 ; On                 ;
; Force Use of Synchronous Clear Signals                           ; Off                ; Off                ;
; Auto RAM Block Balancing                                         ; On                 ; On                 ;
; Auto RAM to Logic Cell Conversion                                ; Off                ; Off                ;
; Auto Resource Sharing                                            ; Off                ; Off                ;
; Allow Any RAM Size For Recognition                               ; Off                ; Off                ;
; Allow Any ROM Size For Recognition                               ; Off                ; Off                ;
; Allow Any Shift Register Size For Recognition                    ; Off                ; Off                ;
; Use LogicLock Constraints during Resource Balancing              ; On                 ; On                 ;
; Ignore translate_off and synthesis_off directives                ; Off                ; Off                ;
; Timing-Driven Synthesis                                          ; On                 ; On                 ;
; Report Parameter Settings                                        ; On                 ; On                 ;
; Report Source Assignments                                        ; On                 ; On                 ;
; Report Connectivity Checks                                       ; On                 ; On                 ;
; Ignore Maximum Fan-Out Assignments                               ; Off                ; Off                ;
; Synchronization Register Chain Length                            ; 2                  ; 2                  ;
; Power Optimization During Synthesis                              ; Normal compilation ; Normal compilation ;
; HDL message level                                                ; Level2             ; Level2             ;
; Suppress Register Optimization Related Messages                  ; Off                ; Off                ;
; Number of Removed Registers Reported in Synthesis Report         ; 5000               ; 5000               ;
; Number of Swept Nodes Reported in Synthesis Report               ; 5000               ; 5000               ;
; Number of Inverted Registers Reported in Synthesis Report        ; 100                ; 100                ;
; Clock MUX Protection                                             ; On                 ; On                 ;
; Auto Gated Clock Conversion                                      ; Off                ; Off                ;
; Block Design Naming                                              ; Auto               ; Auto               ;
; SDC constraint protection                                        ; Off                ; Off                ;
; Synthesis Effort                                                 ; Auto               ; Auto               ;
; Shift Register Replacement - Allow Asynchronous Clear Signal     ; On                 ; On                 ;
; Pre-Mapping Resynthesis Optimization                             ; Off                ; Off                ;
; Analysis & Synthesis Message Level                               ; Medium             ; Medium             ;
; Disable Register Merging Across Hierarchies                      ; Auto               ; Auto               ;
; Resource Aware Inference For Block RAM                           ; On                 ; On                 ;
+------------------------------------------------------------------+--------------------+--------------------+


+------------------------------------------+
; Parallel Compilation                     ;
+----------------------------+-------------+
; Processors                 ; Number      ;
+----------------------------+-------------+
; Number detected on machine ; 12          ;
; Maximum allowed            ; 6           ;
;                            ;             ;
; Average used               ; 1.00        ;
; Maximum used               ; 6           ;
;                            ;             ;
; Usage by Processor         ; % Time Used ;
;     Processor 1            ; 100.0%      ;
;     Processors 2-6         ;   0.0%      ;
+----------------------------+-------------+


+-----------------------------------------------------------------------------------------------------------------------------------------------+
; Analysis & Synthesis Source Files Read                                                                                                        ;
+----------------------------------+-----------------+------------------------------+-------------------------------------------------+---------+
; File Name with User-Entered Path ; Used in Netlist ; File Type                    ; File Name with Absolute Path                    ; Library ;
+----------------------------------+-----------------+------------------------------+-------------------------------------------------+---------+
; src/uart_tx.sv                   ; yes             ; User SystemVerilog HDL File  ; D:/Users/HUIP/Desktop/UART_LOOP/src/uart_tx.sv  ;         ;
; src/uart_top.sv                  ; yes             ; User SystemVerilog HDL File  ; D:/Users/HUIP/Desktop/UART_LOOP/src/uart_top.sv ;         ;
; src/uart_rx.sv                   ; yes             ; User SystemVerilog HDL File  ; D:/Users/HUIP/Desktop/UART_LOOP/src/uart_rx.sv  ;         ;
+----------------------------------+-----------------+------------------------------+-------------------------------------------------+---------+


+---------------------------------------------------------+
; Analysis & Synthesis Resource Usage Summary             ;
+---------------------------------------------+-----------+
; Resource                                    ; Usage     ;
+---------------------------------------------+-----------+
; Estimated Total logic elements              ; 187       ;
;                                             ;           ;
; Total combinational functions               ; 171       ;
; Logic element usage by number of LUT inputs ;           ;
;     -- 4 input functions                    ; 69        ;
;     -- 3 input functions                    ; 34        ;
;     -- <=2 input functions                  ; 68        ;
;                                             ;           ;
; Logic elements by mode                      ;           ;
;     -- normal mode                          ; 113       ;
;     -- arithmetic mode                      ; 58        ;
;                                             ;           ;
; Total registers                             ; 111       ;
;     -- Dedicated logic registers            ; 111       ;
;     -- I/O registers                        ; 0         ;
;                                             ;           ;
; I/O pins                                    ; 3         ;
;                                             ;           ;
; Embedded Multiplier 9-bit elements          ; 0         ;
;                                             ;           ;
; Maximum fan-out node                        ; clk~input ;
; Maximum fan-out                             ; 111       ;
; Total fan-out                               ; 855       ;
; Average fan-out                             ; 2.97      ;
+---------------------------------------------+-----------+


+-------------------------------------------------------------------------------------------------------------------------------------------------------------------------------------------------------------------+
; Analysis & Synthesis Resource Utilization by Entity                                                                                                                                                               ;
+----------------------------+---------------------+---------------------------+-------------+--------------+---------+-----------+------+--------------+------------------------------+-------------+--------------+
; Compilation Hierarchy Node ; Combinational ALUTs ; Dedicated Logic Registers ; Memory Bits ; DSP Elements ; DSP 9x9 ; DSP 18x18 ; Pins ; Virtual Pins ; Full Hierarchy Name          ; Entity Name ; Library Name ;
+----------------------------+---------------------+---------------------------+-------------+--------------+---------+-----------+------+--------------+------------------------------+-------------+--------------+
; |uart_top                  ; 171 (84)            ; 111 (50)                  ; 0           ; 0            ; 0       ; 0         ; 3    ; 0            ; |uart_top                    ; uart_top    ; work         ;
;    |uart_rx:uart_rx_m0|    ; 51 (51)             ; 34 (34)                   ; 0           ; 0            ; 0       ; 0         ; 0    ; 0            ; |uart_top|uart_rx:uart_rx_m0 ; uart_rx     ; work         ;
;    |uart_tx:uart_tx_m0|    ; 36 (36)             ; 27 (27)                   ; 0           ; 0            ; 0       ; 0         ; 0    ; 0            ; |uart_top|uart_tx:uart_tx_m0 ; uart_tx     ; work         ;
+----------------------------+---------------------+---------------------------+-------------+--------------+---------+-----------+------+--------------+------------------------------+-------------+--------------+
Note: For table entries with two numbers listed, the numbers in parentheses indicate the number of resources of the given type used by the specific entity alone. The numbers listed outside of parentheses indicate the total resources of the given type used by the specific entity and all of its sub-entities in the hierarchy.


Encoding Type:  One-Hot
+---------------------------------+
; State Machine - |uart_top|state ;
+------------+--------------------+
; Name       ; state.WAIT         ;
+------------+--------------------+
; state.SEND ; 0                  ;
; state.WAIT ; 1                  ;
+------------+--------------------+


Encoding Type:  One-Hot
+------------------------------------------------------------------+
; State Machine - |uart_top|uart_rx:uart_rx_m0|state               ;
+-------------+------------+------------+-------------+------------+
; Name        ; state.STOP ; state.RECV ; state.START ; state.WAIT ;
+-------------+------------+------------+-------------+------------+
; state.WAIT  ; 0          ; 0          ; 0           ; 0          ;
; state.START ; 0          ; 0          ; 1           ; 1          ;
; state.RECV  ; 0          ; 1          ; 0           ; 1          ;
; state.STOP  ; 1          ; 0          ; 0           ; 1          ;
+-------------+------------+------------+-------------+------------+


Encoding Type:  One-Hot
+------------------------------------------------------------------+
; State Machine - |uart_top|uart_tx:uart_tx_m0|state               ;
+-------------+------------+------------+-------------+------------+
; Name        ; state.STOP ; state.SEND ; state.START ; state.WAIT ;
+-------------+------------+------------+-------------+------------+
; state.WAIT  ; 0          ; 0          ; 0           ; 0          ;
; state.START ; 0          ; 0          ; 1           ; 1          ;
; state.SEND  ; 0          ; 1          ; 0           ; 1          ;
; state.STOP  ; 1          ; 0          ; 0           ; 1          ;
+-------------+------------+------------+-------------+------------+


+------------------------------------------------------------+
; Registers Removed During Synthesis                         ;
+---------------------------------------+--------------------+
; Register name                         ; Reason for Removal ;
+---------------------------------------+--------------------+
; state~5                               ; Lost fanout        ;
; uart_rx:uart_rx_m0|state~6            ; Lost fanout        ;
; uart_rx:uart_rx_m0|state~7            ; Lost fanout        ;
; uart_tx:uart_tx_m0|state~5            ; Lost fanout        ;
; uart_tx:uart_tx_m0|state~6            ; Lost fanout        ;
; Total Number of Removed Registers = 5 ;                    ;
+---------------------------------------+--------------------+


+------------------------------------------------------+
; General Register Statistics                          ;
+----------------------------------------------+-------+
; Statistic                                    ; Value ;
+----------------------------------------------+-------+
; Total registers                              ; 111   ;
; Number of registers using Synchronous Clear  ; 11    ;
; Number of registers using Synchronous Load   ; 9     ;
; Number of registers using Asynchronous Clear ; 0     ;
; Number of registers using Asynchronous Load  ; 0     ;
; Number of registers using Clock Enable       ; 90    ;
; Number of registers using Preset             ; 0     ;
+----------------------------------------------+-------+


+--------------------------------------------------------------------------------------------------------------------------------------------------------+
; Multiplexer Restructuring Statistics (Restructuring Performed)                                                                                         ;
+--------------------+-----------+---------------+----------------------+------------------------+------------+------------------------------------------+
; Multiplexer Inputs ; Bus Width ; Baseline Area ; Area if Restructured ; Saving if Restructured ; Registered ; Example Multiplexer Output               ;
+--------------------+-----------+---------------+----------------------+------------------------+------------+------------------------------------------+
; 3:1                ; 6 bits    ; 12 LEs        ; 6 LEs                ; 6 LEs                  ; Yes        ; |uart_top|send_data[0]                   ;
; 3:1                ; 8 bits    ; 16 LEs        ; 8 LEs                ; 8 LEs                  ; Yes        ; |uart_top|send_cnt[3]                    ;
; 3:1                ; 11 bits   ; 22 LEs        ; 11 LEs               ; 11 LEs                 ; Yes        ; |uart_top|uart_tx:uart_tx_m0|clk_cnt[9]  ;
; 5:1                ; 3 bits    ; 9 LEs         ; 3 LEs                ; 6 LEs                  ; Yes        ; |uart_top|uart_rx:uart_rx_m0|recv_cnt[2] ;
; 5:1                ; 3 bits    ; 9 LEs         ; 3 LEs                ; 6 LEs                  ; Yes        ; |uart_top|uart_tx:uart_tx_m0|send_cnt[0] ;
; 7:1                ; 11 bits   ; 44 LEs        ; 11 LEs               ; 33 LEs                 ; Yes        ; |uart_top|uart_rx:uart_rx_m0|clk_cnt[0]  ;
; 8:1                ; 2 bits    ; 10 LEs        ; 4 LEs                ; 6 LEs                  ; No         ; |uart_top|uart_rx:uart_rx_m0|Selector3   ;
; 8:1                ; 2 bits    ; 10 LEs        ; 4 LEs                ; 6 LEs                  ; No         ; |uart_top|uart_rx:uart_rx_m0|Selector5   ;
+--------------------+-----------+---------------+----------------------+------------------------+------------+------------------------------------------+


+--------------------------------------------------------------------------+
; Parameter Settings for User Entity Instance: Top-level Entity: |uart_top ;
+----------------+--------+------------------------------------------------+
; Parameter Name ; Value  ; Type                                           ;
+----------------+--------+------------------------------------------------+
; CLK_FRE        ; 50     ; Signed Integer                                 ;
; UART_RATE      ; 115200 ; Signed Integer                                 ;
; ENG_NUM        ; 9      ; Signed Integer                                 ;
; CHE_NUM        ; 2      ; Signed Integer                                 ;
; DATA_NUM       ; 15     ; Signed Integer                                 ;
+----------------+--------+------------------------------------------------+
Note: In order to hide this table in the UI and the text report file, please set the "Show Parameter Settings in Synthesis Report" option in "Analysis and Synthesis Settings -> More Settings" to "Off".


+-----------------------------------------------------------------+
; Parameter Settings for User Entity Instance: uart_tx:uart_tx_m0 ;
+----------------+--------+---------------------------------------+
; Parameter Name ; Value  ; Type                                  ;
+----------------+--------+---------------------------------------+
; CLK_FRE        ; 50     ; Signed Integer                        ;
; UART_RATE      ; 115200 ; Signed Integer                        ;
+----------------+--------+---------------------------------------+
Note: In order to hide this table in the UI and the text report file, please set the "Show Parameter Settings in Synthesis Report" option in "Analysis and Synthesis Settings -> More Settings" to "Off".


+-----------------------------------------------------------------+
; Parameter Settings for User Entity Instance: uart_rx:uart_rx_m0 ;
+----------------+--------+---------------------------------------+
; Parameter Name ; Value  ; Type                                  ;
+----------------+--------+---------------------------------------+
; CLK_FRE        ; 50     ; Signed Integer                        ;
; UART_RATE      ; 115200 ; Signed Integer                        ;
+----------------+--------+---------------------------------------+
Note: In order to hide this table in the UI and the text report file, please set the "Show Parameter Settings in Synthesis Report" option in "Analysis and Synthesis Settings -> More Settings" to "Off".


+-----------------------------------------------------+
; Post-Synthesis Netlist Statistics for Top Partition ;
+-----------------------+-----------------------------+
; Type                  ; Count                       ;
+-----------------------+-----------------------------+
; boundary_port         ; 3                           ;
; cycloneiii_ff         ; 111                         ;
;     ENA               ; 71                          ;
;     ENA SCLR          ; 11                          ;
;     ENA SLD           ; 8                           ;
;     SLD               ; 1                           ;
;     plain             ; 20                          ;
; cycloneiii_lcell_comb ; 171                         ;
;     arith             ; 58                          ;
;         2 data inputs ; 58                          ;
;     normal            ; 113                         ;
;         1 data inputs ; 4                           ;
;         2 data inputs ; 6                           ;
;         3 data inputs ; 34                          ;
;         4 data inputs ; 69                          ;
;                       ;                             ;
; Max LUT depth         ; 4.50                        ;
; Average LUT depth     ; 3.00                        ;
+-----------------------+-----------------------------+


+-------------------------------+
; Elapsed Time Per Partition    ;
+----------------+--------------+
; Partition Name ; Elapsed Time ;
+----------------+--------------+
; Top            ; 00:00:00     ;
+----------------+--------------+


+-------------------------------+
; Analysis & Synthesis Messages ;
+-------------------------------+
Info: *******************************************************************
Info: Running Quartus Prime Analysis & Synthesis
    Info: Version 20.1.1 Build 720 11/11/2020 SJ Lite Edition
    Info: Processing started: Wed Nov 09 10:55:01 2022
Info: Command: quartus_map --read_settings_files=on --write_settings_files=off top -c top
Warning (18236): Number of processors has not been specified which may cause overloading on shared machines.  Set the global assignment NUM_PARALLEL_PROCESSORS in your QSF to an appropriate value for best performance.
Info (20030): Parallel compilation is enabled and will use 6 of the 6 processors detected
Info (12021): Found 1 design units, including 1 entities, in source file src/uart_tx.sv
    Info (12023): Found entity 1: uart_tx File: D:/Users/HUIP/Desktop/UART_LOOP/src/uart_tx.sv Line: 2
Info (12021): Found 1 design units, including 1 entities, in source file src/uart_top.sv
    Info (12023): Found entity 1: uart_top File: D:/Users/HUIP/Desktop/UART_LOOP/src/uart_top.sv Line: 1
Info (12021): Found 1 design units, including 1 entities, in source file src/uart_rx.sv
    Info (12023): Found entity 1: uart_rx File: D:/Users/HUIP/Desktop/UART_LOOP/src/uart_rx.sv Line: 2
Warning (10236): Verilog HDL Implicit Net warning at uart_top.sv(63): created implicit net for "send_busy" File: D:/Users/HUIP/Desktop/UART_LOOP/src/uart_top.sv Line: 63
Warning (10222): Verilog HDL Parameter Declaration warning at uart_tx.sv(14): Parameter Declaration in module "uart_tx" behaves as a Local Parameter Declaration because the module has a Module Parameter Port List File: D:/Users/HUIP/Desktop/UART_LOOP/src/uart_tx.sv Line: 14
Warning (10222): Verilog HDL Parameter Declaration warning at uart_rx.sv(14): Parameter Declaration in module "uart_rx" behaves as a Local Parameter Declaration because the module has a Module Parameter Port List File: D:/Users/HUIP/Desktop/UART_LOOP/src/uart_rx.sv Line: 14
Info (12127): Elaborating entity "uart_top" for the top level hierarchy
Warning (10230): Verilog HDL assignment warning at uart_top.sv(39): truncated value with size 32 to match size of target (8) File: D:/Users/HUIP/Desktop/UART_LOOP/src/uart_top.sv Line: 39
Info (12128): Elaborating entity "uart_tx" for hierarchy "uart_tx:uart_tx_m0" File: D:/Users/HUIP/Desktop/UART_LOOP/src/uart_top.sv Line: 67
Warning (10230): Verilog HDL assignment warning at uart_tx.sv(43): truncated value with size 32 to match size of target (11) File: D:/Users/HUIP/Desktop/UART_LOOP/src/uart_tx.sv Line: 43
Warning (10230): Verilog HDL assignment warning at uart_tx.sv(51): truncated value with size 32 to match size of target (3) File: D:/Users/HUIP/Desktop/UART_LOOP/src/uart_tx.sv Line: 51
Warning (10230): Verilog HDL assignment warning at uart_tx.sv(55): truncated value with size 32 to match size of target (11) File: D:/Users/HUIP/Desktop/UART_LOOP/src/uart_tx.sv Line: 55
Warning (10230): Verilog HDL assignment warning at uart_tx.sv(66): truncated value with size 32 to match size of target (11) File: D:/Users/HUIP/Desktop/UART_LOOP/src/uart_tx.sv Line: 66
Info (12128): Elaborating entity "uart_rx" for hierarchy "uart_rx:uart_rx_m0" File: D:/Users/HUIP/Desktop/UART_LOOP/src/uart_top.sv Line: 80
Warning (10230): Verilog HDL assignment warning at uart_rx.sv(40): truncated value with size 32 to match size of target (11) File: D:/Users/HUIP/Desktop/UART_LOOP/src/uart_rx.sv Line: 40
Warning (10230): Verilog HDL assignment warning at uart_rx.sv(47): truncated value with size 32 to match size of target (3) File: D:/Users/HUIP/Desktop/UART_LOOP/src/uart_rx.sv Line: 47
Warning (10230): Verilog HDL assignment warning at uart_rx.sv(51): truncated value with size 32 to match size of target (11) File: D:/Users/HUIP/Desktop/UART_LOOP/src/uart_rx.sv Line: 51
Warning (10230): Verilog HDL assignment warning at uart_rx.sv(62): truncated value with size 32 to match size of target (11) File: D:/Users/HUIP/Desktop/UART_LOOP/src/uart_rx.sv Line: 62
Info (286030): Timing-Driven Synthesis is running
Info (17049): 5 registers lost all their fanouts during netlist optimizations.
Info (16010): Generating hard_block partition "hard_block:auto_generated_inst"
    Info (16011): Adding 0 node(s), including 0 DDIO, 0 PLL, 0 transceiver and 0 LCELL
Info (21057): Implemented 190 device resources after synthesis - the final resource count might be different
    Info (21058): Implemented 2 input pins
    Info (21059): Implemented 1 output pins
    Info (21061): Implemented 187 logic cells
Info: Quartus Prime Analysis & Synthesis was successful. 0 errors, 13 warnings
    Info: Peak virtual memory: 4778 megabytes
    Info: Processing ended: Wed Nov 09 10:55:07 2022
    Info: Elapsed time: 00:00:06
    Info: Total CPU time (on all processors): 00:00:16


