Analysis & Synthesis report for top
Wed Oct 19 22:21:56 2022
Quartus Prime Version 20.1.1 Build 720 11/11/2020 SJ Lite Edition


---------------------
; Table of Contents ;
---------------------
  1. Legal Notice
  2. Analysis & Synthesis Summary
  3. Analysis & Synthesis Settings
  4. Parallel Compilation
  5. Analysis & Synthesis Source Files Read
  6. Analysis & Synthesis Resource Usage Summary
  7. Analysis & Synthesis Resource Utilization by Entity
  8. Analysis & Synthesis RAM Summary
  9. Registers Removed During Synthesis
 10. General Register Statistics
 11. Registers Packed Into Inferred Megafunctions
 12. Multiplexer Restructuring Statistics (Restructuring Performed)
 13. Source assignments for oled_ram:oled_ram_m0|altsyncram:ram_data_rtl_0|altsyncram_3el1:auto_generated
 14. Parameter Settings for User Entity Instance: Top-level Entity: |top
 15. Parameter Settings for User Entity Instance: oled_ctrl:oled_ctrl_m0
 16. Parameter Settings for User Entity Instance: spi_master:spi_master_m0
 17. Parameter Settings for Inferred Entity Instance: oled_ram:oled_ram_m0|altsyncram:ram_data_rtl_0
 18. altsyncram Parameter Settings by Entity Instance
 19. Port Connectivity Checks: "spi_master:spi_master_m0"
 20. Port Connectivity Checks: "oled_ram:oled_ram_m0"
 21. Post-Synthesis Netlist Statistics for Top Partition
 22. Elapsed Time Per Partition
 23. Analysis & Synthesis Messages
 24. Analysis & Synthesis Suppressed Messages



----------------
; Legal Notice ;
----------------
Copyright (C) 2020  Intel Corporation. All rights reserved.
Your use of Intel Corporation's design tools, logic functions 
and other software and tools, and any partner logic 
functions, and any output files from any of the foregoing 
(including device programming or simulation files), and any 
associated documentation or information are expressly subject 
to the terms and conditions of the Intel Program License 
Subscription Agreement, the Intel Quartus Prime License Agreement,
the Intel FPGA IP License Agreement, or other applicable license
agreement, including, without limitation, that your use is for
the sole purpose of programming logic devices manufactured by
Intel and sold by Intel or its authorized distributors.  Please
refer to the applicable agreement for further details, at
https://fpgasoftware.intel.com/eula.



+----------------------------------------------------------------------------------+
; Analysis & Synthesis Summary                                                     ;
+------------------------------------+---------------------------------------------+
; Analysis & Synthesis Status        ; Successful - Wed Oct 19 22:21:56 2022       ;
; Quartus Prime Version              ; 20.1.1 Build 720 11/11/2020 SJ Lite Edition ;
; Revision Name                      ; top                                         ;
; Top-level Entity Name              ; top                                         ;
; Family                             ; Cyclone IV E                                ;
; Total logic elements               ; 202                                         ;
;     Total combinational functions  ; 201                                         ;
;     Dedicated logic registers      ; 92                                          ;
; Total registers                    ; 92                                          ;
; Total pins                         ; 7                                           ;
; Total virtual pins                 ; 0                                           ;
; Total memory bits                  ; 8,192                                       ;
; Embedded Multiplier 9-bit elements ; 0                                           ;
; Total PLLs                         ; 0                                           ;
+------------------------------------+---------------------------------------------+


+------------------------------------------------------------------------------------------------------------+
; Analysis & Synthesis Settings                                                                              ;
+------------------------------------------------------------------+--------------------+--------------------+
; Option                                                           ; Setting            ; Default Value      ;
+------------------------------------------------------------------+--------------------+--------------------+
; Device                                                           ; EP4CE10F17C8       ;                    ;
; Top-level entity name                                            ; top                ; top                ;
; Family name                                                      ; Cyclone IV E       ; Cyclone V          ;
; Use smart compilation                                            ; Off                ; Off                ;
; Enable parallel Assembler and Timing Analyzer during compilation ; On                 ; On                 ;
; Enable compact report table                                      ; Off                ; Off                ;
; Restructure Multiplexers                                         ; Auto               ; Auto               ;
; Create Debugging Nodes for IP Cores                              ; Off                ; Off                ;
; Preserve fewer node names                                        ; On                 ; On                 ;
; Intel FPGA IP Evaluation Mode                                    ; Enable             ; Enable             ;
; Verilog Version                                                  ; Verilog_2001       ; Verilog_2001       ;
; VHDL Version                                                     ; VHDL_1993          ; VHDL_1993          ;
; State Machine Processing                                         ; Auto               ; Auto               ;
; Safe State Machine                                               ; Off                ; Off                ;
; Extract Verilog State Machines                                   ; On                 ; On                 ;
; Extract VHDL State Machines                                      ; On                 ; On                 ;
; Ignore Verilog initial constructs                                ; Off                ; Off                ;
; Iteration limit for constant Verilog loops                       ; 5000               ; 5000               ;
; Iteration limit for non-constant Verilog loops                   ; 250                ; 250                ;
; Add Pass-Through Logic to Inferred RAMs                          ; On                 ; On                 ;
; Infer RAMs from Raw Logic                                        ; On                 ; On                 ;
; Parallel Synthesis                                               ; On                 ; On                 ;
; DSP Block Balancing                                              ; Auto               ; Auto               ;
; NOT Gate Push-Back                                               ; On                 ; On                 ;
; Power-Up Don't Care                                              ; On                 ; On                 ;
; Remove Redundant Logic Cells                                     ; Off                ; Off                ;
; Remove Duplicate Registers                                       ; On                 ; On                 ;
; Ignore CARRY Buffers                                             ; Off                ; Off                ;
; Ignore CASCADE Buffers                                           ; Off                ; Off                ;
; Ignore GLOBAL Buffers                                            ; Off                ; Off                ;
; Ignore ROW GLOBAL Buffers                                        ; Off                ; Off                ;
; Ignore LCELL Buffers                                             ; Off                ; Off                ;
; Ignore SOFT Buffers                                              ; On                 ; On                 ;
; Limit AHDL Integers to 32 Bits                                   ; Off                ; Off                ;
; Optimization Technique                                           ; Balanced           ; Balanced           ;
; Carry Chain Length                                               ; 70                 ; 70                 ;
; Auto Carry Chains                                                ; On                 ; On                 ;
; Auto Open-Drain Pins                                             ; On                 ; On                 ;
; Perform WYSIWYG Primitive Resynthesis                            ; Off                ; Off                ;
; Auto ROM Replacement                                             ; On                 ; On                 ;
; Auto RAM Replacement                                             ; On                 ; On                 ;
; Auto DSP Block Replacement                                       ; On                 ; On                 ;
; Auto Shift Register Replacement                                  ; Auto               ; Auto               ;
; Allow Shift Register Merging across Hierarchies                  ; Auto               ; Auto               ;
; Auto Clock Enable Replacement                                    ; On                 ; On                 ;
; Strict RAM Replacement                                           ; Off                ; Off                ;
; Allow Synchronous Control Signals                                ; On                 ; On                 ;
; Force Use of Synchronous Clear Signals                           ; Off                ; Off                ;
; Auto RAM Block Balancing                                         ; On                 ; On                 ;
; Auto RAM to Logic Cell Conversion                                ; Off                ; Off                ;
; Auto Resource Sharing                                            ; Off                ; Off                ;
; Allow Any RAM Size For Recognition                               ; Off                ; Off                ;
; Allow Any ROM Size For Recognition                               ; Off                ; Off                ;
; Allow Any Shift Register Size For Recognition                    ; Off                ; Off                ;
; Use LogicLock Constraints during Resource Balancing              ; On                 ; On                 ;
; Ignore translate_off and synthesis_off directives                ; Off                ; Off                ;
; Timing-Driven Synthesis                                          ; On                 ; On                 ;
; Report Parameter Settings                                        ; On                 ; On                 ;
; Report Source Assignments                                        ; On                 ; On                 ;
; Report Connectivity Checks                                       ; On                 ; On                 ;
; Ignore Maximum Fan-Out Assignments                               ; Off                ; Off                ;
; Synchronization Register Chain Length                            ; 2                  ; 2                  ;
; Power Optimization During Synthesis                              ; Normal compilation ; Normal compilation ;
; HDL message level                                                ; Level2             ; Level2             ;
; Suppress Register Optimization Related Messages                  ; Off                ; Off                ;
; Number of Removed Registers Reported in Synthesis Report         ; 5000               ; 5000               ;
; Number of Swept Nodes Reported in Synthesis Report               ; 5000               ; 5000               ;
; Number of Inverted Registers Reported in Synthesis Report        ; 100                ; 100                ;
; Clock MUX Protection                                             ; On                 ; On                 ;
; Auto Gated Clock Conversion                                      ; Off                ; Off                ;
; Block Design Naming                                              ; Auto               ; Auto               ;
; SDC constraint protection                                        ; Off                ; Off                ;
; Synthesis Effort                                                 ; Auto               ; Auto               ;
; Shift Register Replacement - Allow Asynchronous Clear Signal     ; On                 ; On                 ;
; Pre-Mapping Resynthesis Optimization                             ; Off                ; Off                ;
; Analysis & Synthesis Message Level                               ; Medium             ; Medium             ;
; Disable Register Merging Across Hierarchies                      ; Auto               ; Auto               ;
; Resource Aware Inference For Block RAM                           ; On                 ; On                 ;
+------------------------------------------------------------------+--------------------+--------------------+


+------------------------------------------+
; Parallel Compilation                     ;
+----------------------------+-------------+
; Processors                 ; Number      ;
+----------------------------+-------------+
; Number detected on machine ; 12          ;
; Maximum allowed            ; 6           ;
;                            ;             ;
; Average used               ; 1.00        ;
; Maximum used               ; 6           ;
;                            ;             ;
; Usage by Processor         ; % Time Used ;
;     Processor 1            ; 100.0%      ;
;     Processor 2            ;   0.0%      ;
;     Processors 3-6         ;   0.0%      ;
+----------------------------+-------------+


+------------------------------------------------------------------------------------------------------------------------------------------------------------------------------------------------------------------------------+
; Analysis & Synthesis Source Files Read                                                                                                                                                                                       ;
+---------------------------------------+-----------------+-------------------------------------------------------+--------------------------------------------------------------------------------------------------+---------+
; File Name with User-Entered Path      ; Used in Netlist ; File Type                                             ; File Name with Absolute Path                                                                     ; Library ;
+---------------------------------------+-----------------+-------------------------------------------------------+--------------------------------------------------------------------------------------------------+---------+
; src/oled_ram.sv                       ; yes             ; User SystemVerilog HDL File                           ; E:/FPGA_work/EP4CE6F17C8/Code_Others/SPI_OLED/SPI_OLED_PIC/src/oled_ram.sv                       ;         ;
; src/oled_ctrl.sv                      ; yes             ; User SystemVerilog HDL File                           ; E:/FPGA_work/EP4CE6F17C8/Code_Others/SPI_OLED/SPI_OLED_PIC/src/oled_ctrl.sv                      ;         ;
; src/top.v                             ; yes             ; User Verilog HDL File                                 ; E:/FPGA_work/EP4CE6F17C8/Code_Others/SPI_OLED/SPI_OLED_PIC/src/top.v                             ;         ;
; src/spi_master.v                      ; yes             ; User Verilog HDL File                                 ; E:/FPGA_work/EP4CE6F17C8/Code_Others/SPI_OLED/SPI_OLED_PIC/src/spi_master.v                      ;         ;
; src/vme50.txt                         ; yes             ; Auto-Found File                                       ; E:/FPGA_work/EP4CE6F17C8/Code_Others/SPI_OLED/SPI_OLED_PIC/src/vme50.txt                         ;         ;
; altsyncram.tdf                        ; yes             ; Megafunction                                          ; d:/intelfpga_lite/20.1/quartus/libraries/megafunctions/altsyncram.tdf                            ;         ;
; stratix_ram_block.inc                 ; yes             ; Megafunction                                          ; d:/intelfpga_lite/20.1/quartus/libraries/megafunctions/stratix_ram_block.inc                     ;         ;
; lpm_mux.inc                           ; yes             ; Megafunction                                          ; d:/intelfpga_lite/20.1/quartus/libraries/megafunctions/lpm_mux.inc                               ;         ;
; lpm_decode.inc                        ; yes             ; Megafunction                                          ; d:/intelfpga_lite/20.1/quartus/libraries/megafunctions/lpm_decode.inc                            ;         ;
; aglobal201.inc                        ; yes             ; Megafunction                                          ; d:/intelfpga_lite/20.1/quartus/libraries/megafunctions/aglobal201.inc                            ;         ;
; a_rdenreg.inc                         ; yes             ; Megafunction                                          ; d:/intelfpga_lite/20.1/quartus/libraries/megafunctions/a_rdenreg.inc                             ;         ;
; altrom.inc                            ; yes             ; Megafunction                                          ; d:/intelfpga_lite/20.1/quartus/libraries/megafunctions/altrom.inc                                ;         ;
; altram.inc                            ; yes             ; Megafunction                                          ; d:/intelfpga_lite/20.1/quartus/libraries/megafunctions/altram.inc                                ;         ;
; altdpram.inc                          ; yes             ; Megafunction                                          ; d:/intelfpga_lite/20.1/quartus/libraries/megafunctions/altdpram.inc                              ;         ;
; db/altsyncram_3el1.tdf                ; yes             ; Auto-Generated Megafunction                           ; E:/FPGA_work/EP4CE6F17C8/Code_Others/SPI_OLED/SPI_OLED_PIC/db/altsyncram_3el1.tdf                ;         ;
; db/top.ram0_oled_ram_76aaff49.hdl.mif ; yes             ; Auto-Generated Auto-Found Memory Initialization File  ; E:/FPGA_work/EP4CE6F17C8/Code_Others/SPI_OLED/SPI_OLED_PIC/db/top.ram0_oled_ram_76aaff49.hdl.mif ;         ;
+---------------------------------------+-----------------+-------------------------------------------------------+--------------------------------------------------------------------------------------------------+---------+


+---------------------------------------------------------+
; Analysis & Synthesis Resource Usage Summary             ;
+---------------------------------------------+-----------+
; Resource                                    ; Usage     ;
+---------------------------------------------+-----------+
; Estimated Total logic elements              ; 202       ;
;                                             ;           ;
; Total combinational functions               ; 201       ;
; Logic element usage by number of LUT inputs ;           ;
;     -- 4 input functions                    ; 88        ;
;     -- 3 input functions                    ; 37        ;
;     -- <=2 input functions                  ; 76        ;
;                                             ;           ;
; Logic elements by mode                      ;           ;
;     -- normal mode                          ; 151       ;
;     -- arithmetic mode                      ; 50        ;
;                                             ;           ;
; Total registers                             ; 92        ;
;     -- Dedicated logic registers            ; 92        ;
;     -- I/O registers                        ; 0         ;
;                                             ;           ;
; I/O pins                                    ; 7         ;
; Total memory bits                           ; 8192      ;
;                                             ;           ;
; Embedded Multiplier 9-bit elements          ; 0         ;
;                                             ;           ;
; Maximum fan-out node                        ; clk~input ;
; Maximum fan-out                             ; 83        ;
; Total fan-out                               ; 995       ;
; Average fan-out                             ; 3.16      ;
+---------------------------------------------+-----------+


+--------------------------------------------------------------------------------------------------------------------------------------------------------------------------------------------------------------------------------------------------------------------------------------------+
; Analysis & Synthesis Resource Utilization by Entity                                                                                                                                                                                                                                        ;
+-------------------------------------------+---------------------+---------------------------+-------------+--------------+---------+-----------+------+--------------+------------------------------------------------------------------------------------+-----------------+--------------+
; Compilation Hierarchy Node                ; Combinational ALUTs ; Dedicated Logic Registers ; Memory Bits ; DSP Elements ; DSP 9x9 ; DSP 18x18 ; Pins ; Virtual Pins ; Full Hierarchy Name                                                                ; Entity Name     ; Library Name ;
+-------------------------------------------+---------------------+---------------------------+-------------+--------------+---------+-----------+------+--------------+------------------------------------------------------------------------------------+-----------------+--------------+
; |top                                      ; 201 (1)             ; 92 (0)                    ; 8192        ; 0            ; 0       ; 0         ; 7    ; 0            ; |top                                                                               ; top             ; work         ;
;    |oled_ctrl:oled_ctrl_m0|               ; 162 (162)           ; 64 (64)                   ; 0           ; 0            ; 0       ; 0         ; 0    ; 0            ; |top|oled_ctrl:oled_ctrl_m0                                                        ; oled_ctrl       ; work         ;
;    |oled_ram:oled_ram_m0|                 ; 0 (0)               ; 0 (0)                     ; 8192        ; 0            ; 0       ; 0         ; 0    ; 0            ; |top|oled_ram:oled_ram_m0                                                          ; oled_ram        ; work         ;
;       |altsyncram:ram_data_rtl_0|         ; 0 (0)               ; 0 (0)                     ; 8192        ; 0            ; 0       ; 0         ; 0    ; 0            ; |top|oled_ram:oled_ram_m0|altsyncram:ram_data_rtl_0                                ; altsyncram      ; work         ;
;          |altsyncram_3el1:auto_generated| ; 0 (0)               ; 0 (0)                     ; 8192        ; 0            ; 0       ; 0         ; 0    ; 0            ; |top|oled_ram:oled_ram_m0|altsyncram:ram_data_rtl_0|altsyncram_3el1:auto_generated ; altsyncram_3el1 ; work         ;
;    |spi_master:spi_master_m0|             ; 38 (38)             ; 28 (28)                   ; 0           ; 0            ; 0       ; 0         ; 0    ; 0            ; |top|spi_master:spi_master_m0                                                      ; spi_master      ; work         ;
+-------------------------------------------+---------------------+---------------------------+-------------+--------------+---------+-----------+------+--------------+------------------------------------------------------------------------------------+-----------------+--------------+
Note: For table entries with two numbers listed, the numbers in parentheses indicate the number of resources of the given type used by the specific entity alone. The numbers listed outside of parentheses indicate the total resources of the given type used by the specific entity and all of its sub-entities in the hierarchy.


+-------------------------------------------------------------------------------------------------------------------------------------------------------------------------------------------------------------------------------+
; Analysis & Synthesis RAM Summary                                                                                                                                                                                              ;
+------------------------------------------------------------------------------------------+------+------------------+--------------+--------------+--------------+--------------+------+---------------------------------------+
; Name                                                                                     ; Type ; Mode             ; Port A Depth ; Port A Width ; Port B Depth ; Port B Width ; Size ; MIF                                   ;
+------------------------------------------------------------------------------------------+------+------------------+--------------+--------------+--------------+--------------+------+---------------------------------------+
; oled_ram:oled_ram_m0|altsyncram:ram_data_rtl_0|altsyncram_3el1:auto_generated|ALTSYNCRAM ; AUTO ; Simple Dual Port ; 1024         ; 8            ; 1024         ; 8            ; 8192 ; db/top.ram0_oled_ram_76aaff49.hdl.mif ;
+------------------------------------------------------------------------------------------+------+------------------+--------------+--------------+--------------+--------------+------+---------------------------------------+


+--------------------------------------------------------------------------------+
; Registers Removed During Synthesis                                             ;
+---------------------------------------+----------------------------------------+
; Register name                         ; Reason for Removal                     ;
+---------------------------------------+----------------------------------------+
; oled_ctrl:oled_ctrl_m0|state_sub[2]   ; Stuck at GND due to stuck port data_in ;
; oled_ctrl:oled_ctrl_m0|pre_state[2]   ; Stuck at GND due to stuck port data_in ;
; oled_ctrl:oled_ctrl_m0|state_main[2]  ; Stuck at GND due to stuck port data_in ;
; Total Number of Removed Registers = 3 ;                                        ;
+---------------------------------------+----------------------------------------+


+------------------------------------------------------+
; General Register Statistics                          ;
+----------------------------------------------+-------+
; Statistic                                    ; Value ;
+----------------------------------------------+-------+
; Total registers                              ; 92    ;
; Number of registers using Synchronous Clear  ; 15    ;
; Number of registers using Synchronous Load   ; 5     ;
; Number of registers using Asynchronous Clear ; 4     ;
; Number of registers using Asynchronous Load  ; 0     ;
; Number of registers using Clock Enable       ; 65    ;
; Number of registers using Preset             ; 0     ;
+----------------------------------------------+-------+


+-----------------------------------------------------------------------------------+
; Registers Packed Into Inferred Megafunctions                                      ;
+--------------------------------------+-------------------------------------+------+
; Register Name                        ; Megafunction                        ; Type ;
+--------------------------------------+-------------------------------------+------+
; oled_ram:oled_ram_m0|read_data[0..7] ; oled_ram:oled_ram_m0|ram_data_rtl_0 ; RAM  ;
+--------------------------------------+-------------------------------------+------+


+------------------------------------------------------------------------------------------------------------------------------------------------------------+
; Multiplexer Restructuring Statistics (Restructuring Performed)                                                                                             ;
+--------------------+-----------+---------------+----------------------+------------------------+------------+----------------------------------------------+
; Multiplexer Inputs ; Bus Width ; Baseline Area ; Area if Restructured ; Saving if Restructured ; Registered ; Example Multiplexer Output                   ;
+--------------------+-----------+---------------+----------------------+------------------------+------------+----------------------------------------------+
; 5:1                ; 4 bits    ; 12 LEs        ; 4 LEs                ; 8 LEs                  ; Yes        ; |top|spi_master:spi_master_m0|recv_cnt[3]    ;
; 5:1                ; 6 bits    ; 18 LEs        ; 6 LEs                ; 12 LEs                 ; Yes        ; |top|spi_master:spi_master_m0|send_data_r[6] ;
; 7:1                ; 32 bits   ; 128 LEs       ; 32 LEs               ; 96 LEs                 ; Yes        ; |top|oled_ctrl:oled_ctrl_m0|clk_delay[19]    ;
; 5:1                ; 4 bits    ; 12 LEs        ; 4 LEs                ; 8 LEs                  ; Yes        ; |top|oled_ctrl:oled_ctrl_m0|page_cnt[1]      ;
; 13:1               ; 2 bits    ; 16 LEs        ; 4 LEs                ; 12 LEs                 ; Yes        ; |top|oled_ctrl:oled_ctrl_m0|send_data[5]     ;
; 13:1               ; 2 bits    ; 16 LEs        ; 2 LEs                ; 14 LEs                 ; Yes        ; |top|oled_ctrl:oled_ctrl_m0|pre_state[0]     ;
; 14:1               ; 4 bits    ; 36 LEs        ; 8 LEs                ; 28 LEs                 ; Yes        ; |top|oled_ctrl:oled_ctrl_m0|send_data[3]     ;
; 13:1               ; 11 bits   ; 88 LEs        ; 11 LEs               ; 77 LEs                 ; Yes        ; |top|oled_ctrl:oled_ctrl_m0|send_cnt[0]      ;
; 15:1               ; 3 bits    ; 30 LEs        ; 9 LEs                ; 21 LEs                 ; Yes        ; |top|oled_ctrl:oled_ctrl_m0|state_main[1]    ;
+--------------------+-----------+---------------+----------------------+------------------------+------------+----------------------------------------------+


+------------------------------------------------------------------------------------------------------+
; Source assignments for oled_ram:oled_ram_m0|altsyncram:ram_data_rtl_0|altsyncram_3el1:auto_generated ;
+---------------------------------+--------------------+------+----------------------------------------+
; Assignment                      ; Value              ; From ; To                                     ;
+---------------------------------+--------------------+------+----------------------------------------+
; OPTIMIZE_POWER_DURING_SYNTHESIS ; NORMAL_COMPILATION ; -    ; -                                      ;
+---------------------------------+--------------------+------+----------------------------------------+


+---------------------------------------------------------------------+
; Parameter Settings for User Entity Instance: Top-level Entity: |top ;
+----------------+-------+--------------------------------------------+
; Parameter Name ; Value ; Type                                       ;
+----------------+-------+--------------------------------------------+
; CLK_FRE        ; 50    ; Signed Integer                             ;
; SPI_FRE        ; 100   ; Signed Integer                             ;
+----------------+-------+--------------------------------------------+
Note: In order to hide this table in the UI and the text report file, please set the "Show Parameter Settings in Synthesis Report" option in "Analysis and Synthesis Settings -> More Settings" to "Off".


+---------------------------------------------------------------------+
; Parameter Settings for User Entity Instance: oled_ctrl:oled_ctrl_m0 ;
+----------------+-------+--------------------------------------------+
; Parameter Name ; Value ; Type                                       ;
+----------------+-------+--------------------------------------------+
; CLK_FRE        ; 50    ; Signed Integer                             ;
+----------------+-------+--------------------------------------------+
Note: In order to hide this table in the UI and the text report file, please set the "Show Parameter Settings in Synthesis Report" option in "Analysis and Synthesis Settings -> More Settings" to "Off".


+-----------------------------------------------------------------------+
; Parameter Settings for User Entity Instance: spi_master:spi_master_m0 ;
+----------------+-------+----------------------------------------------+
; Parameter Name ; Value ; Type                                         ;
+----------------+-------+----------------------------------------------+
; CLK_FRE        ; 50    ; Signed Integer                               ;
; SPI_FRE        ; 100   ; Signed Integer                               ;
+----------------+-------+----------------------------------------------+
Note: In order to hide this table in the UI and the text report file, please set the "Show Parameter Settings in Synthesis Report" option in "Analysis and Synthesis Settings -> More Settings" to "Off".


+-------------------------------------------------------------------------------------------------+
; Parameter Settings for Inferred Entity Instance: oled_ram:oled_ram_m0|altsyncram:ram_data_rtl_0 ;
+------------------------------------+---------------------------------------+--------------------+
; Parameter Name                     ; Value                                 ; Type               ;
+------------------------------------+---------------------------------------+--------------------+
; BYTE_SIZE_BLOCK                    ; 8                                     ; Untyped            ;
; AUTO_CARRY_CHAINS                  ; ON                                    ; AUTO_CARRY         ;
; IGNORE_CARRY_BUFFERS               ; OFF                                   ; IGNORE_CARRY       ;
; AUTO_CASCADE_CHAINS                ; ON                                    ; AUTO_CASCADE       ;
; IGNORE_CASCADE_BUFFERS             ; OFF                                   ; IGNORE_CASCADE     ;
; WIDTH_BYTEENA                      ; 1                                     ; Untyped            ;
; OPERATION_MODE                     ; DUAL_PORT                             ; Untyped            ;
; WIDTH_A                            ; 8                                     ; Untyped            ;
; WIDTHAD_A                          ; 10                                    ; Untyped            ;
; NUMWORDS_A                         ; 1024                                  ; Untyped            ;
; OUTDATA_REG_A                      ; UNREGISTERED                          ; Untyped            ;
; ADDRESS_ACLR_A                     ; NONE                                  ; Untyped            ;
; OUTDATA_ACLR_A                     ; NONE                                  ; Untyped            ;
; WRCONTROL_ACLR_A                   ; NONE                                  ; Untyped            ;
; INDATA_ACLR_A                      ; NONE                                  ; Untyped            ;
; BYTEENA_ACLR_A                     ; NONE                                  ; Untyped            ;
; WIDTH_B                            ; 8                                     ; Untyped            ;
; WIDTHAD_B                          ; 10                                    ; Untyped            ;
; NUMWORDS_B                         ; 1024                                  ; Untyped            ;
; INDATA_REG_B                       ; CLOCK1                                ; Untyped            ;
; WRCONTROL_WRADDRESS_REG_B          ; CLOCK1                                ; Untyped            ;
; RDCONTROL_REG_B                    ; CLOCK1                                ; Untyped            ;
; ADDRESS_REG_B                      ; CLOCK0                                ; Untyped            ;
; OUTDATA_REG_B                      ; UNREGISTERED                          ; Untyped            ;
; BYTEENA_REG_B                      ; CLOCK1                                ; Untyped            ;
; INDATA_ACLR_B                      ; NONE                                  ; Untyped            ;
; WRCONTROL_ACLR_B                   ; NONE                                  ; Untyped            ;
; ADDRESS_ACLR_B                     ; NONE                                  ; Untyped            ;
; OUTDATA_ACLR_B                     ; NONE                                  ; Untyped            ;
; RDCONTROL_ACLR_B                   ; NONE                                  ; Untyped            ;
; BYTEENA_ACLR_B                     ; NONE                                  ; Untyped            ;
; WIDTH_BYTEENA_A                    ; 1                                     ; Untyped            ;
; WIDTH_BYTEENA_B                    ; 1                                     ; Untyped            ;
; RAM_BLOCK_TYPE                     ; AUTO                                  ; Untyped            ;
; BYTE_SIZE                          ; 8                                     ; Untyped            ;
; READ_DURING_WRITE_MODE_MIXED_PORTS ; OLD_DATA                              ; Untyped            ;
; READ_DURING_WRITE_MODE_PORT_A      ; NEW_DATA_NO_NBE_READ                  ; Untyped            ;
; READ_DURING_WRITE_MODE_PORT_B      ; NEW_DATA_NO_NBE_READ                  ; Untyped            ;
; INIT_FILE                          ; db/top.ram0_oled_ram_76aaff49.hdl.mif ; Untyped            ;
; INIT_FILE_LAYOUT                   ; PORT_A                                ; Untyped            ;
; MAXIMUM_DEPTH                      ; 0                                     ; Untyped            ;
; CLOCK_ENABLE_INPUT_A               ; NORMAL                                ; Untyped            ;
; CLOCK_ENABLE_INPUT_B               ; NORMAL                                ; Untyped            ;
; CLOCK_ENABLE_OUTPUT_A              ; NORMAL                                ; Untyped            ;
; CLOCK_ENABLE_OUTPUT_B              ; NORMAL                                ; Untyped            ;
; CLOCK_ENABLE_CORE_A                ; USE_INPUT_CLKEN                       ; Untyped            ;
; CLOCK_ENABLE_CORE_B                ; USE_INPUT_CLKEN                       ; Untyped            ;
; ENABLE_ECC                         ; FALSE                                 ; Untyped            ;
; ECC_PIPELINE_STAGE_ENABLED         ; FALSE                                 ; Untyped            ;
; WIDTH_ECCSTATUS                    ; 3                                     ; Untyped            ;
; DEVICE_FAMILY                      ; Cyclone IV E                          ; Untyped            ;
; CBXI_PARAMETER                     ; altsyncram_3el1                       ; Untyped            ;
+------------------------------------+---------------------------------------+--------------------+
Note: In order to hide this table in the UI and the text report file, please set the "Show Parameter Settings in Synthesis Report" option in "Analysis and Synthesis Settings -> More Settings" to "Off".


+--------------------------------------------------------------------------------------------+
; altsyncram Parameter Settings by Entity Instance                                           ;
+-------------------------------------------+------------------------------------------------+
; Name                                      ; Value                                          ;
+-------------------------------------------+------------------------------------------------+
; Number of entity instances                ; 1                                              ;
; Entity Instance                           ; oled_ram:oled_ram_m0|altsyncram:ram_data_rtl_0 ;
;     -- OPERATION_MODE                     ; DUAL_PORT                                      ;
;     -- WIDTH_A                            ; 8                                              ;
;     -- NUMWORDS_A                         ; 1024                                           ;
;     -- OUTDATA_REG_A                      ; UNREGISTERED                                   ;
;     -- WIDTH_B                            ; 8                                              ;
;     -- NUMWORDS_B                         ; 1024                                           ;
;     -- ADDRESS_REG_B                      ; CLOCK0                                         ;
;     -- OUTDATA_REG_B                      ; UNREGISTERED                                   ;
;     -- RAM_BLOCK_TYPE                     ; AUTO                                           ;
;     -- READ_DURING_WRITE_MODE_MIXED_PORTS ; OLD_DATA                                       ;
+-------------------------------------------+------------------------------------------------+


+--------------------------------------------------------+
; Port Connectivity Checks: "spi_master:spi_master_m0"   ;
+-----------+--------+----------+------------------------+
; Port      ; Type   ; Severity ; Details                ;
+-----------+--------+----------+------------------------+
; recv_data ; Output ; Info     ; Explicitly unconnected ;
; spi_miso  ; Input  ; Info     ; Explicitly unconnected ;
+-----------+--------+----------+------------------------+


+--------------------------------------------------------+
; Port Connectivity Checks: "oled_ram:oled_ram_m0"       ;
+------------+-------+----------+------------------------+
; Port       ; Type  ; Severity ; Details                ;
+------------+-------+----------+------------------------+
; write_addr ; Input ; Info     ; Explicitly unconnected ;
; write_data ; Input ; Info     ; Explicitly unconnected ;
+------------+-------+----------+------------------------+


+-----------------------------------------------------+
; Post-Synthesis Netlist Statistics for Top Partition ;
+-----------------------+-----------------------------+
; Type                  ; Count                       ;
+-----------------------+-----------------------------+
; boundary_port         ; 7                           ;
; cycloneiii_ff         ; 92                          ;
;     CLR               ; 1                           ;
;     CLR SLD           ; 1                           ;
;     ENA               ; 45                          ;
;     ENA CLR           ; 2                           ;
;     ENA SCLR          ; 15                          ;
;     ENA SLD           ; 3                           ;
;     SLD               ; 1                           ;
;     plain             ; 24                          ;
; cycloneiii_lcell_comb ; 201                         ;
;     arith             ; 50                          ;
;         2 data inputs ; 50                          ;
;     normal            ; 151                         ;
;         0 data inputs ; 1                           ;
;         1 data inputs ; 4                           ;
;         2 data inputs ; 21                          ;
;         3 data inputs ; 37                          ;
;         4 data inputs ; 88                          ;
; cycloneiii_ram_block  ; 8                           ;
;                       ;                             ;
; Max LUT depth         ; 8.00                        ;
; Average LUT depth     ; 3.67                        ;
+-----------------------+-----------------------------+


+-------------------------------+
; Elapsed Time Per Partition    ;
+----------------+--------------+
; Partition Name ; Elapsed Time ;
+----------------+--------------+
; Top            ; 00:00:01     ;
+----------------+--------------+


+-------------------------------+
; Analysis & Synthesis Messages ;
+-------------------------------+
Info: *******************************************************************
Info: Running Quartus Prime Analysis & Synthesis
    Info: Version 20.1.1 Build 720 11/11/2020 SJ Lite Edition
    Info: Processing started: Wed Oct 19 22:21:48 2022
Info: Command: quartus_map --read_settings_files=on --write_settings_files=off top -c top
Warning (18236): Number of processors has not been specified which may cause overloading on shared machines.  Set the global assignment NUM_PARALLEL_PROCESSORS in your QSF to an appropriate value for best performance.
Info (20030): Parallel compilation is enabled and will use 6 of the 6 processors detected
Info (12021): Found 1 design units, including 1 entities, in source file src/oled_ram.sv
    Info (12023): Found entity 1: oled_ram File: E:/FPGA_work/EP4CE6F17C8/Code_Others/SPI_OLED/SPI_OLED_PIC/src/oled_ram.sv Line: 1
Info (12021): Found 1 design units, including 1 entities, in source file src/oled_ctrl.sv
    Info (12023): Found entity 1: oled_ctrl File: E:/FPGA_work/EP4CE6F17C8/Code_Others/SPI_OLED/SPI_OLED_PIC/src/oled_ctrl.sv Line: 1
Info (12021): Found 1 design units, including 1 entities, in source file src/top.v
    Info (12023): Found entity 1: top File: E:/FPGA_work/EP4CE6F17C8/Code_Others/SPI_OLED/SPI_OLED_PIC/src/top.v Line: 1
Info (12021): Found 1 design units, including 1 entities, in source file src/spi_master_tb.v
    Info (12023): Found entity 1: spi_master_tb File: E:/FPGA_work/EP4CE6F17C8/Code_Others/SPI_OLED/SPI_OLED_PIC/src/spi_master_tb.v Line: 9
Info (12021): Found 1 design units, including 1 entities, in source file src/spi_master.v
    Info (12023): Found entity 1: spi_master File: E:/FPGA_work/EP4CE6F17C8/Code_Others/SPI_OLED/SPI_OLED_PIC/src/spi_master.v Line: 1
Warning (10222): Verilog HDL Parameter Declaration warning at oled_ctrl.sv(16): Parameter Declaration in module "oled_ctrl" behaves as a Local Parameter Declaration because the module has a Module Parameter Port List File: E:/FPGA_work/EP4CE6F17C8/Code_Others/SPI_OLED/SPI_OLED_PIC/src/oled_ctrl.sv Line: 16
Warning (10222): Verilog HDL Parameter Declaration warning at oled_ctrl.sv(18): Parameter Declaration in module "oled_ctrl" behaves as a Local Parameter Declaration because the module has a Module Parameter Port List File: E:/FPGA_work/EP4CE6F17C8/Code_Others/SPI_OLED/SPI_OLED_PIC/src/oled_ctrl.sv Line: 18
Warning (10222): Verilog HDL Parameter Declaration warning at oled_ctrl.sv(19): Parameter Declaration in module "oled_ctrl" behaves as a Local Parameter Declaration because the module has a Module Parameter Port List File: E:/FPGA_work/EP4CE6F17C8/Code_Others/SPI_OLED/SPI_OLED_PIC/src/oled_ctrl.sv Line: 19
Warning (10222): Verilog HDL Parameter Declaration warning at oled_ctrl.sv(21): Parameter Declaration in module "oled_ctrl" behaves as a Local Parameter Declaration because the module has a Module Parameter Port List File: E:/FPGA_work/EP4CE6F17C8/Code_Others/SPI_OLED/SPI_OLED_PIC/src/oled_ctrl.sv Line: 21
Warning (10222): Verilog HDL Parameter Declaration warning at oled_ctrl.sv(22): Parameter Declaration in module "oled_ctrl" behaves as a Local Parameter Declaration because the module has a Module Parameter Port List File: E:/FPGA_work/EP4CE6F17C8/Code_Others/SPI_OLED/SPI_OLED_PIC/src/oled_ctrl.sv Line: 22
Warning (10222): Verilog HDL Parameter Declaration warning at oled_ctrl.sv(24): Parameter Declaration in module "oled_ctrl" behaves as a Local Parameter Declaration because the module has a Module Parameter Port List File: E:/FPGA_work/EP4CE6F17C8/Code_Others/SPI_OLED/SPI_OLED_PIC/src/oled_ctrl.sv Line: 24
Warning (10222): Verilog HDL Parameter Declaration warning at oled_ctrl.sv(25): Parameter Declaration in module "oled_ctrl" behaves as a Local Parameter Declaration because the module has a Module Parameter Port List File: E:/FPGA_work/EP4CE6F17C8/Code_Others/SPI_OLED/SPI_OLED_PIC/src/oled_ctrl.sv Line: 25
Warning (10222): Verilog HDL Parameter Declaration warning at oled_ctrl.sv(27): Parameter Declaration in module "oled_ctrl" behaves as a Local Parameter Declaration because the module has a Module Parameter Port List File: E:/FPGA_work/EP4CE6F17C8/Code_Others/SPI_OLED/SPI_OLED_PIC/src/oled_ctrl.sv Line: 27
Warning (10222): Verilog HDL Parameter Declaration warning at oled_ctrl.sv(28): Parameter Declaration in module "oled_ctrl" behaves as a Local Parameter Declaration because the module has a Module Parameter Port List File: E:/FPGA_work/EP4CE6F17C8/Code_Others/SPI_OLED/SPI_OLED_PIC/src/oled_ctrl.sv Line: 28
Warning (10222): Verilog HDL Parameter Declaration warning at oled_ctrl.sv(29): Parameter Declaration in module "oled_ctrl" behaves as a Local Parameter Declaration because the module has a Module Parameter Port List File: E:/FPGA_work/EP4CE6F17C8/Code_Others/SPI_OLED/SPI_OLED_PIC/src/oled_ctrl.sv Line: 29
Warning (10222): Verilog HDL Parameter Declaration warning at oled_ctrl.sv(30): Parameter Declaration in module "oled_ctrl" behaves as a Local Parameter Declaration because the module has a Module Parameter Port List File: E:/FPGA_work/EP4CE6F17C8/Code_Others/SPI_OLED/SPI_OLED_PIC/src/oled_ctrl.sv Line: 30
Warning (10222): Verilog HDL Parameter Declaration warning at spi_master.v(23): Parameter Declaration in module "spi_master" behaves as a Local Parameter Declaration because the module has a Module Parameter Port List File: E:/FPGA_work/EP4CE6F17C8/Code_Others/SPI_OLED/SPI_OLED_PIC/src/spi_master.v Line: 23
Info (12127): Elaborating entity "top" for the top level hierarchy
Info (12128): Elaborating entity "oled_ram" for hierarchy "oled_ram:oled_ram_m0" File: E:/FPGA_work/EP4CE6F17C8/Code_Others/SPI_OLED/SPI_OLED_PIC/src/top.v Line: 26
Info (12128): Elaborating entity "oled_ctrl" for hierarchy "oled_ctrl:oled_ctrl_m0" File: E:/FPGA_work/EP4CE6F17C8/Code_Others/SPI_OLED/SPI_OLED_PIC/src/top.v Line: 45
Warning (10036): Verilog HDL or VHDL warning at oled_ctrl.sv(39): object "clear_x" assigned a value but never read File: E:/FPGA_work/EP4CE6F17C8/Code_Others/SPI_OLED/SPI_OLED_PIC/src/oled_ctrl.sv Line: 39
Warning (10230): Verilog HDL assignment warning at oled_ctrl.sv(126): truncated value with size 32 to match size of target (1) File: E:/FPGA_work/EP4CE6F17C8/Code_Others/SPI_OLED/SPI_OLED_PIC/src/oled_ctrl.sv Line: 126
Warning (10230): Verilog HDL assignment warning at oled_ctrl.sv(131): truncated value with size 32 to match size of target (3) File: E:/FPGA_work/EP4CE6F17C8/Code_Others/SPI_OLED/SPI_OLED_PIC/src/oled_ctrl.sv Line: 131
Warning (10230): Verilog HDL assignment warning at oled_ctrl.sv(153): truncated value with size 32 to match size of target (1) File: E:/FPGA_work/EP4CE6F17C8/Code_Others/SPI_OLED/SPI_OLED_PIC/src/oled_ctrl.sv Line: 153
Warning (10230): Verilog HDL assignment warning at oled_ctrl.sv(159): truncated value with size 32 to match size of target (3) File: E:/FPGA_work/EP4CE6F17C8/Code_Others/SPI_OLED/SPI_OLED_PIC/src/oled_ctrl.sv Line: 159
Warning (10230): Verilog HDL assignment warning at oled_ctrl.sv(172): truncated value with size 32 to match size of target (1) File: E:/FPGA_work/EP4CE6F17C8/Code_Others/SPI_OLED/SPI_OLED_PIC/src/oled_ctrl.sv Line: 172
Warning (10230): Verilog HDL assignment warning at oled_ctrl.sv(177): truncated value with size 32 to match size of target (3) File: E:/FPGA_work/EP4CE6F17C8/Code_Others/SPI_OLED/SPI_OLED_PIC/src/oled_ctrl.sv Line: 177
Info (12128): Elaborating entity "spi_master" for hierarchy "spi_master:spi_master_m0" File: E:/FPGA_work/EP4CE6F17C8/Code_Others/SPI_OLED/SPI_OLED_PIC/src/top.v Line: 68
Warning (10230): Verilog HDL assignment warning at spi_master.v(26): truncated value with size 32 to match size of target (10) File: E:/FPGA_work/EP4CE6F17C8/Code_Others/SPI_OLED/SPI_OLED_PIC/src/spi_master.v Line: 26
Warning (10230): Verilog HDL assignment warning at spi_master.v(59): truncated value with size 32 to match size of target (1) File: E:/FPGA_work/EP4CE6F17C8/Code_Others/SPI_OLED/SPI_OLED_PIC/src/spi_master.v Line: 59
Warning (10230): Verilog HDL assignment warning at spi_master.v(63): truncated value with size 32 to match size of target (1) File: E:/FPGA_work/EP4CE6F17C8/Code_Others/SPI_OLED/SPI_OLED_PIC/src/spi_master.v Line: 63
Warning (10230): Verilog HDL assignment warning at spi_master.v(65): truncated value with size 32 to match size of target (2) File: E:/FPGA_work/EP4CE6F17C8/Code_Others/SPI_OLED/SPI_OLED_PIC/src/spi_master.v Line: 65
Warning (10230): Verilog HDL assignment warning at spi_master.v(71): truncated value with size 32 to match size of target (4) File: E:/FPGA_work/EP4CE6F17C8/Code_Others/SPI_OLED/SPI_OLED_PIC/src/spi_master.v Line: 71
Info (19000): Inferred 1 megafunctions from design logic
    Info (276029): Inferred altsyncram megafunction from the following design logic: "oled_ram:oled_ram_m0|ram_data_rtl_0" 
        Info (286033): Parameter OPERATION_MODE set to DUAL_PORT
        Info (286033): Parameter WIDTH_A set to 8
        Info (286033): Parameter WIDTHAD_A set to 10
        Info (286033): Parameter NUMWORDS_A set to 1024
        Info (286033): Parameter WIDTH_B set to 8
        Info (286033): Parameter WIDTHAD_B set to 10
        Info (286033): Parameter NUMWORDS_B set to 1024
        Info (286033): Parameter ADDRESS_ACLR_A set to NONE
        Info (286033): Parameter OUTDATA_REG_B set to UNREGISTERED
        Info (286033): Parameter ADDRESS_ACLR_B set to NONE
        Info (286033): Parameter OUTDATA_ACLR_B set to NONE
        Info (286033): Parameter ADDRESS_REG_B set to CLOCK0
        Info (286033): Parameter INDATA_ACLR_A set to NONE
        Info (286033): Parameter WRCONTROL_ACLR_A set to NONE
        Info (286033): Parameter INIT_FILE set to db/top.ram0_oled_ram_76aaff49.hdl.mif
        Info (286033): Parameter READ_DURING_WRITE_MODE_MIXED_PORTS set to OLD_DATA
Info (12130): Elaborated megafunction instantiation "oled_ram:oled_ram_m0|altsyncram:ram_data_rtl_0"
Info (12133): Instantiated megafunction "oled_ram:oled_ram_m0|altsyncram:ram_data_rtl_0" with the following parameter:
    Info (12134): Parameter "OPERATION_MODE" = "DUAL_PORT"
    Info (12134): Parameter "WIDTH_A" = "8"
    Info (12134): Parameter "WIDTHAD_A" = "10"
    Info (12134): Parameter "NUMWORDS_A" = "1024"
    Info (12134): Parameter "WIDTH_B" = "8"
    Info (12134): Parameter "WIDTHAD_B" = "10"
    Info (12134): Parameter "NUMWORDS_B" = "1024"
    Info (12134): Parameter "ADDRESS_ACLR_A" = "NONE"
    Info (12134): Parameter "OUTDATA_REG_B" = "UNREGISTERED"
    Info (12134): Parameter "ADDRESS_ACLR_B" = "NONE"
    Info (12134): Parameter "OUTDATA_ACLR_B" = "NONE"
    Info (12134): Parameter "ADDRESS_REG_B" = "CLOCK0"
    Info (12134): Parameter "INDATA_ACLR_A" = "NONE"
    Info (12134): Parameter "WRCONTROL_ACLR_A" = "NONE"
    Info (12134): Parameter "INIT_FILE" = "db/top.ram0_oled_ram_76aaff49.hdl.mif"
    Info (12134): Parameter "READ_DURING_WRITE_MODE_MIXED_PORTS" = "OLD_DATA"
Info (12021): Found 1 design units, including 1 entities, in source file db/altsyncram_3el1.tdf
    Info (12023): Found entity 1: altsyncram_3el1 File: E:/FPGA_work/EP4CE6F17C8/Code_Others/SPI_OLED/SPI_OLED_PIC/db/altsyncram_3el1.tdf Line: 28
Info (286030): Timing-Driven Synthesis is running
Info (144001): Generated suppressed messages file E:/FPGA_work/EP4CE6F17C8/Code_Others/SPI_OLED/SPI_OLED_PIC/output_files/top.map.smsg
Info (16010): Generating hard_block partition "hard_block:auto_generated_inst"
    Info (16011): Adding 0 node(s), including 0 DDIO, 0 PLL, 0 transceiver and 0 LCELL
Info (21057): Implemented 217 device resources after synthesis - the final resource count might be different
    Info (21058): Implemented 2 input pins
    Info (21059): Implemented 5 output pins
    Info (21061): Implemented 202 logic cells
    Info (21064): Implemented 8 RAM segments
Info: Quartus Prime Analysis & Synthesis was successful. 0 errors, 25 warnings
    Info: Peak virtual memory: 4808 megabytes
    Info: Processing ended: Wed Oct 19 22:21:56 2022
    Info: Elapsed time: 00:00:08
    Info: Total CPU time (on all processors): 00:00:16


+------------------------------------------+
; Analysis & Synthesis Suppressed Messages ;
+------------------------------------------+
The suppressed messages can be found in E:/FPGA_work/EP4CE6F17C8/Code_Others/SPI_OLED/SPI_OLED_PIC/output_files/top.map.smsg.


