IP Upgrade report for top
Wed Apr 26 13:29:40 2023
Quartus Prime Version 20.1.1 Build 720 11/11/2020 SJ Lite Edition


---------------------
; Table of Contents ;
---------------------
  1. Legal Notice
  2. IP Upgrade Summary
  3. Successfully Upgraded IP Components
  4. IP Upgrade Messages



----------------
; Legal Notice ;
----------------
Copyright (C) 2020  Intel Corporation. All rights reserved.
Your use of Intel Corporation's design tools, logic functions 
and other software and tools, and any partner logic 
functions, and any output files from any of the foregoing 
(including device programming or simulation files), and any 
associated documentation or information are expressly subject 
to the terms and conditions of the Intel Program License 
Subscription Agreement, the Intel Quartus Prime License Agreement,
the Intel FPGA IP License Agreement, or other applicable license
agreement, including, without limitation, that your use is for
the sole purpose of programming logic devices manufactured by
Intel and sold by Intel or its authorized distributors.  Please
refer to the applicable agreement for further details, at
https://fpgasoftware.intel.com/eula.



+----------------------------------------------------------------------------+
; IP Upgrade Summary                                                         ;
+------------------------------+---------------------------------------------+
; IP Components Upgrade Status ; Passed - Wed Apr 26 13:29:40 2023           ;
; Quartus Prime Version        ; 20.1.1 Build 720 11/11/2020 SJ Lite Edition ;
; Revision Name                ; top                                         ;
; Top-level Entity Name        ; top                                         ;
; Family                       ; Cyclone IV E                                ;
+------------------------------+---------------------------------------------+


+------------------------------------------------------------------------------------------------------------------------------------------------------------------+
; Successfully Upgraded IP Components                                                                                                                              ;
+-------------------+----------------+---------+-----------------------------------+---------------------------------+-----------------------------------+---------+
; Entity Name       ; Component Name ; Version ; Original Source File              ; Generation File Path            ; New Source File                   ; Message ;
+-------------------+----------------+---------+-----------------------------------+---------------------------------+-----------------------------------+---------+
; sys_pll           ; ALTPLL         ; 17.0    ; src/ip_core/sys_pll.qip           ; src/ip_core/sys_pll.v           ; src/ip_core/sys_pll.qip           ;         ;
; afifo_8i_32o_1024 ; FIFO           ; 17.0    ; src/ip_core/afifo_8i_32o_1024.qip ; src/ip_core/afifo_8i_32o_1024.v ; src/ip_core/afifo_8i_32o_1024.qip ;         ;
; afifo_8i_16o_1024 ; FIFO           ; 17.0    ; src/ip_core/afifo_8i_16o_1024.qip ; src/ip_core/afifo_8i_16o_1024.v ; src/ip_core/afifo_8i_16o_1024.qip ;         ;
+-------------------+----------------+---------+-----------------------------------+---------------------------------+-----------------------------------+---------+


+---------------------+
; IP Upgrade Messages ;
+---------------------+
Info (11902): Backing up file "src/ip_core/sys_pll.v" to "src/ip_core/sys_pll.BAK.v"
Info (11837): Started upgrading IP component ALTPLL with file "src/ip_core/sys_pll.v"
Info (11902): Backing up file "src/ip_core/afifo_8i_32o_1024.v" to "src/ip_core/afifo_8i_32o_1024.BAK.v"
Info (11837): Started upgrading IP component FIFO with file "src/ip_core/afifo_8i_32o_1024.v"
Info (11902): Backing up file "src/ip_core/afifo_8i_16o_1024.v" to "src/ip_core/afifo_8i_16o_1024.BAK.v"
Info (11837): Started upgrading IP component FIFO with file "src/ip_core/afifo_8i_16o_1024.v"
Info (11131): Completed upgrading IP component ALTPLL with file "src/ip_core/sys_pll.v"
Info (11131): Completed upgrading IP component FIFO with file "src/ip_core/afifo_8i_32o_1024.v"
Info (11131): Completed upgrading IP component FIFO with file "src/ip_core/afifo_8i_16o_1024.v"
Info (23030): Evaluation of Tcl script d:/intelfpga_lite/20.1/quartus/common/tcl/internal/ip_regen/ip_regen.tcl was successful
Info: Quartus Prime Shell was successful. 0 errors, 0 warnings
    Info: Peak virtual memory: 4849 megabytes
    Info: Processing ended: Wed Apr 26 13:29:40 2023
    Info: Elapsed time: 00:00:08
    Info: Total CPU time (on all processors): 00:00:14


