Analysis & Synthesis report for top
Fri Jun 09 14:03:48 2023
Quartus Prime Version 20.1.1 Build 720 11/11/2020 SJ Lite Edition


---------------------
; Table of Contents ;
---------------------
  1. Legal Notice
  2. Analysis & Synthesis Summary
  3. Analysis & Synthesis Settings
  4. Parallel Compilation
  5. Analysis & Synthesis Source Files Read
  6. Analysis & Synthesis Resource Usage Summary
  7. Analysis & Synthesis Resource Utilization by Entity
  8. State Machine - |LCD12864_top|state_sub
  9. State Machine - |LCD12864_top|state_pre
 10. State Machine - |LCD12864_top|state_main
 11. State Machine - |LCD12864_top|LCD12864_drive:LCD12864_drive_m0|state
 12. Registers Removed During Synthesis
 13. General Register Statistics
 14. Multiplexer Restructuring Statistics (Restructuring Performed)
 15. Parameter Settings for User Entity Instance: Top-level Entity: |LCD12864_top
 16. Parameter Settings for User Entity Instance: LCD12864_drive:LCD12864_drive_m0
 17. Port Connectivity Checks: "LCD12864_drive:LCD12864_drive_m0"
 18. Post-Synthesis Netlist Statistics for Top Partition
 19. Elapsed Time Per Partition
 20. Analysis & Synthesis Messages
 21. Analysis & Synthesis Suppressed Messages



----------------
; Legal Notice ;
----------------
Copyright (C) 2020  Intel Corporation. All rights reserved.
Your use of Intel Corporation's design tools, logic functions 
and other software and tools, and any partner logic 
functions, and any output files from any of the foregoing 
(including device programming or simulation files), and any 
associated documentation or information are expressly subject 
to the terms and conditions of the Intel Program License 
Subscription Agreement, the Intel Quartus Prime License Agreement,
the Intel FPGA IP License Agreement, or other applicable license
agreement, including, without limitation, that your use is for
the sole purpose of programming logic devices manufactured by
Intel and sold by Intel or its authorized distributors.  Please
refer to the applicable agreement for further details, at
https://fpgasoftware.intel.com/eula.



+----------------------------------------------------------------------------------+
; Analysis & Synthesis Summary                                                     ;
+------------------------------------+---------------------------------------------+
; Analysis & Synthesis Status        ; Successful - Fri Jun 09 14:03:48 2023       ;
; Quartus Prime Version              ; 20.1.1 Build 720 11/11/2020 SJ Lite Edition ;
; Revision Name                      ; top                                         ;
; Top-level Entity Name              ; LCD12864_top                                ;
; Family                             ; Cyclone IV E                                ;
; Total logic elements               ; 855                                         ;
;     Total combinational functions  ; 852                                         ;
;     Dedicated logic registers      ; 146                                         ;
; Total registers                    ; 146                                         ;
; Total pins                         ; 31                                          ;
; Total virtual pins                 ; 0                                           ;
; Total memory bits                  ; 0                                           ;
; Embedded Multiplier 9-bit elements ; 0                                           ;
; Total PLLs                         ; 0                                           ;
+------------------------------------+---------------------------------------------+


+------------------------------------------------------------------------------------------------------------+
; Analysis & Synthesis Settings                                                                              ;
+------------------------------------------------------------------+--------------------+--------------------+
; Option                                                           ; Setting            ; Default Value      ;
+------------------------------------------------------------------+--------------------+--------------------+
; Device                                                           ; EP4CE6F17C8        ;                    ;
; Top-level entity name                                            ; LCD12864_top       ; top                ;
; Family name                                                      ; Cyclone IV E       ; Cyclone V          ;
; Use smart compilation                                            ; Off                ; Off                ;
; Enable parallel Assembler and Timing Analyzer during compilation ; On                 ; On                 ;
; Enable compact report table                                      ; Off                ; Off                ;
; Restructure Multiplexers                                         ; Auto               ; Auto               ;
; Create Debugging Nodes for IP Cores                              ; Off                ; Off                ;
; Preserve fewer node names                                        ; On                 ; On                 ;
; Intel FPGA IP Evaluation Mode                                    ; Enable             ; Enable             ;
; Verilog Version                                                  ; Verilog_2001       ; Verilog_2001       ;
; VHDL Version                                                     ; VHDL_1993          ; VHDL_1993          ;
; State Machine Processing                                         ; Auto               ; Auto               ;
; Safe State Machine                                               ; Off                ; Off                ;
; Extract Verilog State Machines                                   ; On                 ; On                 ;
; Extract VHDL State Machines                                      ; On                 ; On                 ;
; Ignore Verilog initial constructs                                ; Off                ; Off                ;
; Iteration limit for constant Verilog loops                       ; 5000               ; 5000               ;
; Iteration limit for non-constant Verilog loops                   ; 250                ; 250                ;
; Add Pass-Through Logic to Inferred RAMs                          ; On                 ; On                 ;
; Infer RAMs from Raw Logic                                        ; On                 ; On                 ;
; Parallel Synthesis                                               ; On                 ; On                 ;
; DSP Block Balancing                                              ; Auto               ; Auto               ;
; NOT Gate Push-Back                                               ; On                 ; On                 ;
; Power-Up Don't Care                                              ; On                 ; On                 ;
; Remove Redundant Logic Cells                                     ; Off                ; Off                ;
; Remove Duplicate Registers                                       ; On                 ; On                 ;
; Ignore CARRY Buffers                                             ; Off                ; Off                ;
; Ignore CASCADE Buffers                                           ; Off                ; Off                ;
; Ignore GLOBAL Buffers                                            ; Off                ; Off                ;
; Ignore ROW GLOBAL Buffers                                        ; Off                ; Off                ;
; Ignore LCELL Buffers                                             ; Off                ; Off                ;
; Ignore SOFT Buffers                                              ; On                 ; On                 ;
; Limit AHDL Integers to 32 Bits                                   ; Off                ; Off                ;
; Optimization Technique                                           ; Balanced           ; Balanced           ;
; Carry Chain Length                                               ; 70                 ; 70                 ;
; Auto Carry Chains                                                ; On                 ; On                 ;
; Auto Open-Drain Pins                                             ; On                 ; On                 ;
; Perform WYSIWYG Primitive Resynthesis                            ; Off                ; Off                ;
; Auto ROM Replacement                                             ; On                 ; On                 ;
; Auto RAM Replacement                                             ; On                 ; On                 ;
; Auto DSP Block Replacement                                       ; On                 ; On                 ;
; Auto Shift Register Replacement                                  ; Auto               ; Auto               ;
; Allow Shift Register Merging across Hierarchies                  ; Auto               ; Auto               ;
; Auto Clock Enable Replacement                                    ; On                 ; On                 ;
; Strict RAM Replacement                                           ; Off                ; Off                ;
; Allow Synchronous Control Signals                                ; On                 ; On                 ;
; Force Use of Synchronous Clear Signals                           ; Off                ; Off                ;
; Auto RAM Block Balancing                                         ; On                 ; On                 ;
; Auto RAM to Logic Cell Conversion                                ; Off                ; Off                ;
; Auto Resource Sharing                                            ; Off                ; Off                ;
; Allow Any RAM Size For Recognition                               ; Off                ; Off                ;
; Allow Any ROM Size For Recognition                               ; Off                ; Off                ;
; Allow Any Shift Register Size For Recognition                    ; Off                ; Off                ;
; Use LogicLock Constraints during Resource Balancing              ; On                 ; On                 ;
; Ignore translate_off and synthesis_off directives                ; Off                ; Off                ;
; Timing-Driven Synthesis                                          ; On                 ; On                 ;
; Report Parameter Settings                                        ; On                 ; On                 ;
; Report Source Assignments                                        ; On                 ; On                 ;
; Report Connectivity Checks                                       ; On                 ; On                 ;
; Ignore Maximum Fan-Out Assignments                               ; Off                ; Off                ;
; Synchronization Register Chain Length                            ; 2                  ; 2                  ;
; Power Optimization During Synthesis                              ; Normal compilation ; Normal compilation ;
; HDL message level                                                ; Level2             ; Level2             ;
; Suppress Register Optimization Related Messages                  ; Off                ; Off                ;
; Number of Removed Registers Reported in Synthesis Report         ; 5000               ; 5000               ;
; Number of Swept Nodes Reported in Synthesis Report               ; 5000               ; 5000               ;
; Number of Inverted Registers Reported in Synthesis Report        ; 100                ; 100                ;
; Clock MUX Protection                                             ; On                 ; On                 ;
; Auto Gated Clock Conversion                                      ; Off                ; Off                ;
; Block Design Naming                                              ; Auto               ; Auto               ;
; SDC constraint protection                                        ; Off                ; Off                ;
; Synthesis Effort                                                 ; Auto               ; Auto               ;
; Shift Register Replacement - Allow Asynchronous Clear Signal     ; On                 ; On                 ;
; Pre-Mapping Resynthesis Optimization                             ; Off                ; Off                ;
; Analysis & Synthesis Message Level                               ; Medium             ; Medium             ;
; Disable Register Merging Across Hierarchies                      ; Auto               ; Auto               ;
; Resource Aware Inference For Block RAM                           ; On                 ; On                 ;
+------------------------------------------------------------------+--------------------+--------------------+


+------------------------------------------+
; Parallel Compilation                     ;
+----------------------------+-------------+
; Processors                 ; Number      ;
+----------------------------+-------------+
; Number detected on machine ; 16          ;
; Maximum allowed            ; 10          ;
;                            ;             ;
; Average used               ; 1.00        ;
; Maximum used               ; 10          ;
;                            ;             ;
; Usage by Processor         ; % Time Used ;
;     Processor 1            ; 100.0%      ;
;     Processor 2            ;   0.0%      ;
;     Processor 3            ;   0.0%      ;
;     Processor 4            ;   0.0%      ;
;     Processor 5            ;   0.0%      ;
;     Processor 6            ;   0.0%      ;
;     Processor 7            ;   0.0%      ;
;     Processor 8            ;   0.0%      ;
;     Processors 9-10        ;   0.0%      ;
+----------------------------+-------------+


+---------------------------------------------------------------------------------------------------------------------------------------------------------------+
; Analysis & Synthesis Source Files Read                                                                                                                        ;
+----------------------------------+-----------------+------------------------------+-----------------------------------------------------------------+---------+
; File Name with User-Entered Path ; Used in Netlist ; File Type                    ; File Name with Absolute Path                                    ; Library ;
+----------------------------------+-----------------+------------------------------+-----------------------------------------------------------------+---------+
; src/LCD12864_top.sv              ; yes             ; User SystemVerilog HDL File  ; E:/FPGA_work/Cyclone/Code_Others/lcd12864/src/LCD12864_top.sv   ;         ;
; src/LCD12864_drive.sv            ; yes             ; User SystemVerilog HDL File  ; E:/FPGA_work/Cyclone/Code_Others/lcd12864/src/LCD12864_drive.sv ;         ;
; src/vme50.txt                    ; yes             ; Auto-Found File              ; E:/FPGA_work/Cyclone/Code_Others/lcd12864/src/vme50.txt         ;         ;
+----------------------------------+-----------------+------------------------------+-----------------------------------------------------------------+---------+


+------------------------------------------------------+
; Analysis & Synthesis Resource Usage Summary          ;
+---------------------------------------------+--------+
; Resource                                    ; Usage  ;
+---------------------------------------------+--------+
; Estimated Total logic elements              ; 855    ;
;                                             ;        ;
; Total combinational functions               ; 852    ;
; Logic element usage by number of LUT inputs ;        ;
;     -- 4 input functions                    ; 624    ;
;     -- 3 input functions                    ; 85     ;
;     -- <=2 input functions                  ; 143    ;
;                                             ;        ;
; Logic elements by mode                      ;        ;
;     -- normal mode                          ; 758    ;
;     -- arithmetic mode                      ; 94     ;
;                                             ;        ;
; Total registers                             ; 146    ;
;     -- Dedicated logic registers            ; 146    ;
;     -- I/O registers                        ; 0      ;
;                                             ;        ;
; I/O pins                                    ; 31     ;
;                                             ;        ;
; Embedded Multiplier 9-bit elements          ; 0      ;
;                                             ;        ;
; Maximum fan-out node                        ; Add2~6 ;
; Maximum fan-out                             ; 235    ;
; Total fan-out                               ; 3516   ;
; Average fan-out                             ; 3.29   ;
+---------------------------------------------+--------+


+---------------------------------------------------------------------------------------------------------------------------------------------------------------------------------------------------------------------------------------------------+
; Analysis & Synthesis Resource Utilization by Entity                                                                                                                                                                                               ;
+---------------------------------------+---------------------+---------------------------+-------------+--------------+---------+-----------+------+--------------+------------------------------------------------+----------------+--------------+
; Compilation Hierarchy Node            ; Combinational ALUTs ; Dedicated Logic Registers ; Memory Bits ; DSP Elements ; DSP 9x9 ; DSP 18x18 ; Pins ; Virtual Pins ; Full Hierarchy Name                            ; Entity Name    ; Library Name ;
+---------------------------------------+---------------------+---------------------------+-------------+--------------+---------+-----------+------+--------------+------------------------------------------------+----------------+--------------+
; |LCD12864_top                         ; 852 (773)           ; 146 (96)                  ; 0           ; 0            ; 0       ; 0         ; 31   ; 0            ; |LCD12864_top                                  ; LCD12864_top   ; work         ;
;    |LCD12864_drive:LCD12864_drive_m0| ; 79 (79)             ; 50 (50)                   ; 0           ; 0            ; 0       ; 0         ; 0    ; 0            ; |LCD12864_top|LCD12864_drive:LCD12864_drive_m0 ; LCD12864_drive ; work         ;
+---------------------------------------+---------------------+---------------------------+-------------+--------------+---------+-----------+------+--------------+------------------------------------------------+----------------+--------------+
Note: For table entries with two numbers listed, the numbers in parentheses indicate the number of resources of the given type used by the specific entity alone. The numbers listed outside of parentheses indicate the total resources of the given type used by the specific entity and all of its sub-entities in the hierarchy.


Encoding Type:  One-Hot
+------------------------------------------------------------------------------+
; State Machine - |LCD12864_top|state_sub                                      ;
+----------------------+----------------+---------------+----------------------+
; Name                 ; state_sub.0000 ; state_sub.END ; state_sub.SEND_BLOCK ;
+----------------------+----------------+---------------+----------------------+
; state_sub.0000       ; 0              ; 0             ; 0                    ;
; state_sub.SEND_BLOCK ; 1              ; 0             ; 1                    ;
; state_sub.END        ; 1              ; 1             ; 0                    ;
+----------------------+----------------+---------------+----------------------+


Encoding Type:  One-Hot
+----------------------------------------------------------------------------------------------------------------------+
; State Machine - |LCD12864_top|state_pre                                                                              ;
+---------------------+--------------------+-------------------+----------------+----------------+---------------------+
; Name                ; state_pre.DELAY_1S ; state_pre.DISPLAY ; state_pre.INIT ; state_pre.0000 ; state_pre.WAIT_BUSY ;
+---------------------+--------------------+-------------------+----------------+----------------+---------------------+
; state_pre.0000      ; 0                  ; 0                 ; 0              ; 0              ; 0                   ;
; state_pre.INIT      ; 0                  ; 0                 ; 1              ; 1              ; 0                   ;
; state_pre.DISPLAY   ; 0                  ; 1                 ; 0              ; 1              ; 0                   ;
; state_pre.DELAY_1S  ; 1                  ; 0                 ; 0              ; 1              ; 0                   ;
; state_pre.WAIT_BUSY ; 0                  ; 0                 ; 0              ; 1              ; 1                   ;
+---------------------+--------------------+-------------------+----------------+----------------+---------------------+


Encoding Type:  One-Hot
+----------------------------------------------------------------------------------------------------------------------------+
; State Machine - |LCD12864_top|state_main                                                                                   ;
+----------------------+---------------------+--------------------+-----------------+-----------------+----------------------+
; Name                 ; state_main.DELAY_1S ; state_main.DISPLAY ; state_main.INIT ; state_main.0000 ; state_main.WAIT_BUSY ;
+----------------------+---------------------+--------------------+-----------------+-----------------+----------------------+
; state_main.0000      ; 0                   ; 0                  ; 0               ; 0               ; 0                    ;
; state_main.INIT      ; 0                   ; 0                  ; 1               ; 1               ; 0                    ;
; state_main.DISPLAY   ; 0                   ; 1                  ; 0               ; 1               ; 0                    ;
; state_main.DELAY_1S  ; 1                   ; 0                  ; 0               ; 1               ; 0                    ;
; state_main.WAIT_BUSY ; 0                   ; 0                  ; 0               ; 1               ; 1                    ;
+----------------------+---------------------+--------------------+-----------------+-----------------+----------------------+


Encoding Type:  One-Hot
+-----------------------------------------------------------------------+
; State Machine - |LCD12864_top|LCD12864_drive:LCD12864_drive_m0|state  ;
+----------------+------------+------------+----------------+-----------+
; Name           ; state.WAIT ; state.SEND ; state.DEC_BUSY ; state.000 ;
+----------------+------------+------------+----------------+-----------+
; state.000      ; 0          ; 0          ; 0              ; 0         ;
; state.DEC_BUSY ; 0          ; 0          ; 1              ; 1         ;
; state.SEND     ; 0          ; 1          ; 0              ; 1         ;
; state.WAIT     ; 1          ; 0          ; 0              ; 1         ;
+----------------+------------+------------+----------------+-----------+


+-------------------------------------------------------------------------------------------------------------+
; Registers Removed During Synthesis                                                                          ;
+------------------------------------------------+------------------------------------------------------------+
; Register name                                  ; Reason for Removal                                         ;
+------------------------------------------------+------------------------------------------------------------+
; LCD12864_drive:LCD12864_drive_m0|state_busy[2] ; Merged with LCD12864_drive:LCD12864_drive_m0|state_busy[1] ;
; LCD12864_drive:LCD12864_drive_m0|state_busy[1] ; Stuck at GND due to stuck port data_in                     ;
; state_sub~7                                    ; Lost fanout                                                ;
; state_sub~8                                    ; Lost fanout                                                ;
; state_pre~7                                    ; Lost fanout                                                ;
; state_pre~8                                    ; Lost fanout                                                ;
; state_pre~10                                   ; Lost fanout                                                ;
; state_main~9                                   ; Lost fanout                                                ;
; state_main~10                                  ; Lost fanout                                                ;
; state_main~12                                  ; Lost fanout                                                ;
; LCD12864_drive:LCD12864_drive_m0|state~6       ; Lost fanout                                                ;
; LCD12864_drive:LCD12864_drive_m0|state~7       ; Lost fanout                                                ;
; LCD12864_drive:LCD12864_drive_m0|state~8       ; Lost fanout                                                ;
; state_pre.WAIT_BUSY                            ; Merged with state_pre.DELAY_1S                             ;
; state_pre.DELAY_1S                             ; Stuck at GND due to stuck port data_in                     ;
; Total Number of Removed Registers = 15         ;                                                            ;
+------------------------------------------------+------------------------------------------------------------+


+------------------------------------------------------+
; General Register Statistics                          ;
+----------------------------------------------+-------+
; Statistic                                    ; Value ;
+----------------------------------------------+-------+
; Total registers                              ; 146   ;
; Number of registers using Synchronous Clear  ; 15    ;
; Number of registers using Synchronous Load   ; 9     ;
; Number of registers using Asynchronous Clear ; 30    ;
; Number of registers using Asynchronous Load  ; 0     ;
; Number of registers using Clock Enable       ; 57    ;
; Number of registers using Preset             ; 0     ;
+----------------------------------------------+-------+


+-------------------------------------------------------------------------------------------------------------------------------------------------------------------------+
; Multiplexer Restructuring Statistics (Restructuring Performed)                                                                                                          ;
+--------------------+-----------+---------------+----------------------+------------------------+------------+-----------------------------------------------------------+
; Multiplexer Inputs ; Bus Width ; Baseline Area ; Area if Restructured ; Saving if Restructured ; Registered ; Example Multiplexer Output                                ;
+--------------------+-----------+---------------+----------------------+------------------------+------------+-----------------------------------------------------------+
; 3:1                ; 4 bits    ; 8 LEs         ; 4 LEs                ; 4 LEs                  ; Yes        ; |LCD12864_top|page_cnt[1]                                 ;
; 3:1                ; 32 bits   ; 64 LEs        ; 32 LEs               ; 32 LEs                 ; Yes        ; |LCD12864_top|clk_cnt[6]                                  ;
; 6:1                ; 7 bits    ; 28 LEs        ; 7 LEs                ; 21 LEs                 ; Yes        ; |LCD12864_top|block_cnt[5]                                ;
; 7:1                ; 8 bits    ; 32 LEs        ; 8 LEs                ; 24 LEs                 ; Yes        ; |LCD12864_top|send_cnt[2]                                 ;
; 264:1              ; 3 bits    ; 528 LEs       ; 12 LEs               ; 516 LEs                ; Yes        ; |LCD12864_top|send_data[5]                                ;
; 5:1                ; 8 bits    ; 24 LEs        ; 16 LEs               ; 8 LEs                  ; Yes        ; |LCD12864_top|LCD12864_drive:LCD12864_drive_m0|DAT_REG[7] ;
; 6:1                ; 2 bits    ; 8 LEs         ; 4 LEs                ; 4 LEs                  ; No         ; |LCD12864_top|LCD12864_drive:LCD12864_drive_m0|Selector3  ;
; 9:1                ; 3 bits    ; 18 LEs        ; 9 LEs                ; 9 LEs                  ; No         ; |LCD12864_top|state_sub.0000                              ;
; 8:1                ; 3 bits    ; 15 LEs        ; 3 LEs                ; 12 LEs                 ; No         ; |LCD12864_top|state_pre.0000                              ;
; 9:1                ; 2 bits    ; 12 LEs        ; 4 LEs                ; 8 LEs                  ; No         ; |LCD12864_top|state_pre.INIT                              ;
; 11:1               ; 5 bits    ; 35 LEs        ; 20 LEs               ; 15 LEs                 ; No         ; |LCD12864_top|Selector78                                  ;
+--------------------+-----------+---------------+----------------------+------------------------+------------+-----------------------------------------------------------+


+------------------------------------------------------------------------------+
; Parameter Settings for User Entity Instance: Top-level Entity: |LCD12864_top ;
+----------------+----------+--------------------------------------------------+
; Parameter Name ; Value    ; Type                                             ;
+----------------+----------+--------------------------------------------------+
; RS_DAT         ; 1        ; Signed Integer                                   ;
; RS_CMD         ; 0        ; Signed Integer                                   ;
; CLK_FRE        ; 20       ; Signed Integer                                   ;
; INIT_CMD_NUM   ; 4        ; Signed Integer                                   ;
; SET_CMD_NUM    ; 4        ; Signed Integer                                   ;
; END_CMD_NUM    ; 2        ; Signed Integer                                   ;
; PAGE_NUM       ; 2        ; Signed Integer                                   ;
; BLOCK_NUM      ; 32       ; Signed Integer                                   ;
; BLOCK_BYTE_NUM ; 16       ; Signed Integer                                   ;
; DELAY_1000MS   ; 20000000 ; Signed Integer                                   ;
+----------------+----------+--------------------------------------------------+
Note: In order to hide this table in the UI and the text report file, please set the "Show Parameter Settings in Synthesis Report" option in "Analysis and Synthesis Settings -> More Settings" to "Off".


+-------------------------------------------------------------------------------+
; Parameter Settings for User Entity Instance: LCD12864_drive:LCD12864_drive_m0 ;
+----------------+-------+------------------------------------------------------+
; Parameter Name ; Value ; Type                                                 ;
+----------------+-------+------------------------------------------------------+
; CLK_FRE        ; 20    ; Signed Integer                                       ;
+----------------+-------+------------------------------------------------------+
Note: In order to hide this table in the UI and the text report file, please set the "Show Parameter Settings in Synthesis Report" option in "Analysis and Synthesis Settings -> More Settings" to "Off".


+--------------------------------------------------------------+
; Port Connectivity Checks: "LCD12864_drive:LCD12864_drive_m0" ;
+---------+-------+----------+---------------------------------+
; Port    ; Type  ; Severity ; Details                         ;
+---------+-------+----------+---------------------------------+
; send_rw ; Input ; Info     ; Stuck at GND                    ;
+---------+-------+----------+---------------------------------+


+-----------------------------------------------------+
; Post-Synthesis Netlist Statistics for Top Partition ;
+-----------------------+-----------------------------+
; Type                  ; Count                       ;
+-----------------------+-----------------------------+
; boundary_port         ; 31                          ;
; cycloneiii_ff         ; 146                         ;
;     CLR               ; 11                          ;
;     CLR SLD           ; 9                           ;
;     ENA               ; 40                          ;
;     ENA CLR           ; 2                           ;
;     ENA CLR SCLR      ; 8                           ;
;     ENA SCLR          ; 7                           ;
;     plain             ; 69                          ;
; cycloneiii_io_obuf    ; 8                           ;
; cycloneiii_lcell_comb ; 853                         ;
;     arith             ; 94                          ;
;         2 data inputs ; 89                          ;
;         3 data inputs ; 5                           ;
;     normal            ; 759                         ;
;         0 data inputs ; 1                           ;
;         1 data inputs ; 7                           ;
;         2 data inputs ; 47                          ;
;         3 data inputs ; 80                          ;
;         4 data inputs ; 624                         ;
;                       ;                             ;
; Max LUT depth         ; 8.50                        ;
; Average LUT depth     ; 5.61                        ;
+-----------------------+-----------------------------+


+-------------------------------+
; Elapsed Time Per Partition    ;
+----------------+--------------+
; Partition Name ; Elapsed Time ;
+----------------+--------------+
; Top            ; 00:00:04     ;
+----------------+--------------+


+-------------------------------+
; Analysis & Synthesis Messages ;
+-------------------------------+
Info: *******************************************************************
Info: Running Quartus Prime Analysis & Synthesis
    Info: Version 20.1.1 Build 720 11/11/2020 SJ Lite Edition
    Info: Processing started: Fri Jun 09 14:03:39 2023
Info: Command: quartus_map --read_settings_files=on --write_settings_files=off top -c top
Warning (18236): Number of processors has not been specified which may cause overloading on shared machines.  Set the global assignment NUM_PARALLEL_PROCESSORS in your QSF to an appropriate value for best performance.
Info (20030): Parallel compilation is enabled and will use 10 of the 10 processors detected
Info (12021): Found 1 design units, including 1 entities, in source file src/lcd12864_top.sv
    Info (12023): Found entity 1: LCD12864_top File: E:/FPGA_work/Cyclone/Code_Others/lcd12864/src/LCD12864_top.sv Line: 2
Info (12021): Found 1 design units, including 1 entities, in source file src/lcd12864_drive.sv
    Info (12023): Found entity 1: LCD12864_drive File: E:/FPGA_work/Cyclone/Code_Others/lcd12864/src/LCD12864_drive.sv Line: 1
Info (12127): Elaborating entity "LCD12864_top" for the top level hierarchy
Warning (10230): Verilog HDL assignment warning at LCD12864_top.sv(80): truncated value with size 32 to match size of target (1) File: E:/FPGA_work/Cyclone/Code_Others/lcd12864/src/LCD12864_top.sv Line: 80
Warning (10230): Verilog HDL assignment warning at LCD12864_top.sv(82): truncated value with size 32 to match size of target (8) File: E:/FPGA_work/Cyclone/Code_Others/lcd12864/src/LCD12864_top.sv Line: 82
Warning (10230): Verilog HDL assignment warning at LCD12864_top.sv(99): truncated value with size 32 to match size of target (4) File: E:/FPGA_work/Cyclone/Code_Others/lcd12864/src/LCD12864_top.sv Line: 99
Warning (10230): Verilog HDL assignment warning at LCD12864_top.sv(112): truncated value with size 32 to match size of target (1) File: E:/FPGA_work/Cyclone/Code_Others/lcd12864/src/LCD12864_top.sv Line: 112
Warning (10230): Verilog HDL assignment warning at LCD12864_top.sv(117): truncated value with size 32 to match size of target (8) File: E:/FPGA_work/Cyclone/Code_Others/lcd12864/src/LCD12864_top.sv Line: 117
Warning (10230): Verilog HDL assignment warning at LCD12864_top.sv(120): truncated value with size 32 to match size of target (8) File: E:/FPGA_work/Cyclone/Code_Others/lcd12864/src/LCD12864_top.sv Line: 120
Warning (10230): Verilog HDL assignment warning at LCD12864_top.sv(132): truncated value with size 32 to match size of target (7) File: E:/FPGA_work/Cyclone/Code_Others/lcd12864/src/LCD12864_top.sv Line: 132
Warning (10230): Verilog HDL assignment warning at LCD12864_top.sv(138): truncated value with size 32 to match size of target (1) File: E:/FPGA_work/Cyclone/Code_Others/lcd12864/src/LCD12864_top.sv Line: 138
Warning (10230): Verilog HDL assignment warning at LCD12864_top.sv(141): truncated value with size 32 to match size of target (8) File: E:/FPGA_work/Cyclone/Code_Others/lcd12864/src/LCD12864_top.sv Line: 141
Warning (10230): Verilog HDL assignment warning at LCD12864_top.sv(160): truncated value with size 32 to match size of target (1) File: E:/FPGA_work/Cyclone/Code_Others/lcd12864/src/LCD12864_top.sv Line: 160
Warning (10230): Verilog HDL assignment warning at LCD12864_top.sv(162): truncated value with size 32 to match size of target (8) File: E:/FPGA_work/Cyclone/Code_Others/lcd12864/src/LCD12864_top.sv Line: 162
Warning (10030): Net "ram_data.data_a" at LCD12864_top.sv(32) has no driver or initial value, using a default initial value '0' File: E:/FPGA_work/Cyclone/Code_Others/lcd12864/src/LCD12864_top.sv Line: 32
Warning (10030): Net "ram_data.waddr_a" at LCD12864_top.sv(32) has no driver or initial value, using a default initial value '0' File: E:/FPGA_work/Cyclone/Code_Others/lcd12864/src/LCD12864_top.sv Line: 32
Warning (10030): Net "ram_data.we_a" at LCD12864_top.sv(32) has no driver or initial value, using a default initial value '0' File: E:/FPGA_work/Cyclone/Code_Others/lcd12864/src/LCD12864_top.sv Line: 32
Info (12128): Elaborating entity "LCD12864_drive" for hierarchy "LCD12864_drive:LCD12864_drive_m0" File: E:/FPGA_work/Cyclone/Code_Others/lcd12864/src/LCD12864_top.sv Line: 200
Warning (10230): Verilog HDL assignment warning at LCD12864_drive.sv(36): truncated value with size 32 to match size of target (8) File: E:/FPGA_work/Cyclone/Code_Others/lcd12864/src/LCD12864_drive.sv Line: 36
Warning (10230): Verilog HDL assignment warning at LCD12864_drive.sv(74): truncated value with size 32 to match size of target (3) File: E:/FPGA_work/Cyclone/Code_Others/lcd12864/src/LCD12864_drive.sv Line: 74
Info (276014): Found 1 instances of uninferred RAM logic
    Info (276007): RAM logic "ram_data" is uninferred due to asynchronous read logic File: E:/FPGA_work/Cyclone/Code_Others/lcd12864/src/LCD12864_top.sv Line: 32
Warning (13024): Output pins are stuck at VCC or GND
    Warning (13410): Pin "LCD_RST" is stuck at VCC File: E:/FPGA_work/Cyclone/Code_Others/lcd12864/src/LCD12864_top.sv Line: 6
    Warning (13410): Pin "LCD_PSB" is stuck at VCC File: E:/FPGA_work/Cyclone/Code_Others/lcd12864/src/LCD12864_top.sv Line: 10
Info (286030): Timing-Driven Synthesis is running
Info (17049): 11 registers lost all their fanouts during netlist optimizations.
Info (144001): Generated suppressed messages file E:/FPGA_work/Cyclone/Code_Others/lcd12864/output_files/top.map.smsg
Info (16010): Generating hard_block partition "hard_block:auto_generated_inst"
    Info (16011): Adding 0 node(s), including 0 DDIO, 0 PLL, 0 transceiver and 0 LCELL
Info (21057): Implemented 889 device resources after synthesis - the final resource count might be different
    Info (21058): Implemented 2 input pins
    Info (21059): Implemented 21 output pins
    Info (21060): Implemented 8 bidirectional pins
    Info (21061): Implemented 858 logic cells
Info: Quartus Prime Analysis & Synthesis was successful. 0 errors, 20 warnings
    Info: Peak virtual memory: 4818 megabytes
    Info: Processing ended: Fri Jun 09 14:03:49 2023
    Info: Elapsed time: 00:00:10
    Info: Total CPU time (on all processors): 00:00:18


+------------------------------------------+
; Analysis & Synthesis Suppressed Messages ;
+------------------------------------------+
The suppressed messages can be found in E:/FPGA_work/Cyclone/Code_Others/lcd12864/output_files/top.map.smsg.


