Flow report for top
Wed Apr 26 17:46:56 2023
Quartus Prime Version 20.1.1 Build 720 11/11/2020 SJ Lite Edition


---------------------
; Table of Contents ;
---------------------
  1. Legal Notice
  2. Flow Summary
  3. Flow Settings
  4. Flow Non-Default Global Settings
  5. Flow Elapsed Time
  6. Flow OS Summary
  7. Flow Log
  8. Flow Messages
  9. Flow Suppressed Messages



----------------
; Legal Notice ;
----------------
Copyright (C) 2020  Intel Corporation. All rights reserved.
Your use of Intel Corporation's design tools, logic functions 
and other software and tools, and any partner logic 
functions, and any output files from any of the foregoing 
(including device programming or simulation files), and any 
associated documentation or information are expressly subject 
to the terms and conditions of the Intel Program License 
Subscription Agreement, the Intel Quartus Prime License Agreement,
the Intel FPGA IP License Agreement, or other applicable license
agreement, including, without limitation, that your use is for
the sole purpose of programming logic devices manufactured by
Intel and sold by Intel or its authorized distributors.  Please
refer to the applicable agreement for further details, at
https://fpgasoftware.intel.com/eula.



+----------------------------------------------------------------------------------+
; Flow Summary                                                                     ;
+------------------------------------+---------------------------------------------+
; Flow Status                        ; Successful - Wed Apr 26 17:46:56 2023       ;
; Quartus Prime Version              ; 20.1.1 Build 720 11/11/2020 SJ Lite Edition ;
; Revision Name                      ; top                                         ;
; Top-level Entity Name              ; top                                         ;
; Family                             ; Cyclone IV E                                ;
; Device                             ; EP4CE10F17C8                                ;
; Timing Models                      ; Final                                       ;
; Total logic elements               ; 2,059 / 10,320 ( 20 % )                     ;
;     Total combinational functions  ; 977 / 10,320 ( 9 % )                        ;
;     Dedicated logic registers      ; 1,799 / 10,320 ( 17 % )                     ;
; Total registers                    ; 1799                                        ;
; Total pins                         ; 5 / 180 ( 3 % )                             ;
; Total virtual pins                 ; 0                                           ;
; Total memory bits                  ; 210,944 / 423,936 ( 50 % )                  ;
; Embedded Multiplier 9-bit elements ; 0 / 46 ( 0 % )                              ;
; Total PLLs                         ; 0 / 2 ( 0 % )                               ;
+------------------------------------+---------------------------------------------+


+-----------------------------------------+
; Flow Settings                           ;
+-------------------+---------------------+
; Option            ; Setting             ;
+-------------------+---------------------+
; Start date & time ; 04/26/2023 17:46:34 ;
; Main task         ; Compilation         ;
; Revision Name     ; top                 ;
+-------------------+---------------------+


+--------------------------------------------------------------------------------------------------------------------------------------------------------------------------------------------------------------------------------------------------------------------------------------------------------------------------------------------------------------------------------------------------------------------------------------------------------------+
; Flow Non-Default Global Settings                                                                                                                                                                                                                                                                                                                                                                                                                             ;
+--------------------------------------+-------------------------------------------------------------------------------------------------------------------------------------------------------------------------------------------------------------------------------------------------------------------------------------------------------------------------------------------------------------------+---------------+-------------+---------------------+
; Assignment Name                      ; Value                                                                                                                                                                                                                                                                                                                                                             ; Default Value ; Entity Name ; Section Id          ;
+--------------------------------------+-------------------------------------------------------------------------------------------------------------------------------------------------------------------------------------------------------------------------------------------------------------------------------------------------------------------------------------------------------------------+---------------+-------------+---------------------+
; COMPILER_SIGNATURE_ID                ; 962517271320.168250239424264                                                                                                                                                                                                                                                                                                                                      ; --            ; --          ; --                  ;
; EDA_DESIGN_INSTANCE_NAME             ; NA                                                                                                                                                                                                                                                                                                                                                                ; --            ; --          ; ws2812_arry_vlg_tst ;
; EDA_NATIVELINK_SIMULATION_TEST_BENCH ; ws2812_arry_vlg_tst                                                                                                                                                                                                                                                                                                                                               ; --            ; --          ; eda_simulation      ;
; EDA_OUTPUT_DATA_FORMAT               ; Verilog Hdl                                                                                                                                                                                                                                                                                                                                                       ; --            ; --          ; eda_simulation      ;
; EDA_SIMULATION_TOOL                  ; ModelSim-Altera (Verilog)                                                                                                                                                                                                                                                                                                                                         ; <None>        ; --          ; --                  ;
; EDA_TEST_BENCH_ENABLE_STATUS         ; TEST_BENCH_MODE                                                                                                                                                                                                                                                                                                                                                   ; --            ; --          ; eda_simulation      ;
; EDA_TEST_BENCH_FILE                  ; simulation/modelsim/ws2812_arry.sv                                                                                                                                                                                                                                                                                                                                ; --            ; --          ; ws2812_arry_vlg_tst ;
; EDA_TEST_BENCH_MODULE_NAME           ; ws2812_arry_vlg_tst                                                                                                                                                                                                                                                                                                                                               ; --            ; --          ; ws2812_arry_vlg_tst ;
; EDA_TEST_BENCH_NAME                  ; ws2812_arry_vlg_tst                                                                                                                                                                                                                                                                                                                                               ; --            ; --          ; eda_simulation      ;
; EDA_TIME_SCALE                       ; 1 ps                                                                                                                                                                                                                                                                                                                                                              ; --            ; --          ; eda_simulation      ;
; ENABLE_SIGNALTAP                     ; On                                                                                                                                                                                                                                                                                                                                                                ; --            ; --          ; --                  ;
; MAX_CORE_JUNCTION_TEMP               ; 85                                                                                                                                                                                                                                                                                                                                                                ; --            ; --          ; --                  ;
; MIN_CORE_JUNCTION_TEMP               ; 0                                                                                                                                                                                                                                                                                                                                                                 ; --            ; --          ; --                  ;
; NOMINAL_CORE_SUPPLY_VOLTAGE          ; 1.2V                                                                                                                                                                                                                                                                                                                                                              ; --            ; --          ; --                  ;
; PARTITION_COLOR                      ; -- (Not supported for targeted family)                                                                                                                                                                                                                                                                                                                            ; --            ; --          ; Top                 ;
; PARTITION_FITTER_PRESERVATION_LEVEL  ; -- (Not supported for targeted family)                                                                                                                                                                                                                                                                                                                            ; --            ; --          ; Top                 ;
; PARTITION_NETLIST_TYPE               ; -- (Not supported for targeted family)                                                                                                                                                                                                                                                                                                                            ; --            ; --          ; Top                 ;
; POWER_BOARD_THERMAL_MODEL            ; None (CONSERVATIVE)                                                                                                                                                                                                                                                                                                                                               ; --            ; --          ; --                  ;
; POWER_PRESET_COOLING_SOLUTION        ; 23 MM HEAT SINK WITH 200 LFPM AIRFLOW                                                                                                                                                                                                                                                                                                                             ; --            ; --          ; --                  ;
; PROJECT_OUTPUT_DIRECTORY             ; output_files                                                                                                                                                                                                                                                                                                                                                      ; --            ; --          ; --                  ;
; SLD_FILE                             ; db/stp1_auto_stripped.stp                                                                                                                                                                                                                                                                                                                                         ; --            ; --          ; --                  ;
; SLD_NODE_CREATOR_ID                  ; 110                                                                                                                                                                                                                                                                                                                                                               ; --            ; --          ; auto_signaltap_0    ;
; SLD_NODE_ENTITY_NAME                 ; sld_signaltap                                                                                                                                                                                                                                                                                                                                                     ; --            ; --          ; auto_signaltap_0    ;
; SLD_NODE_PARAMETER_ASSIGNMENT        ; SLD_RAM_BLOCK_TYPE=AUTO                                                                                                                                                                                                                                                                                                                                           ; --            ; --          ; auto_signaltap_0    ;
; SLD_NODE_PARAMETER_ASSIGNMENT        ; SLD_NODE_INFO=805334528                                                                                                                                                                                                                                                                                                                                           ; --            ; --          ; auto_signaltap_0    ;
; SLD_NODE_PARAMETER_ASSIGNMENT        ; SLD_POWER_UP_TRIGGER=0                                                                                                                                                                                                                                                                                                                                            ; --            ; --          ; auto_signaltap_0    ;
; SLD_NODE_PARAMETER_ASSIGNMENT        ; SLD_STORAGE_QUALIFIER_INVERSION_MASK_LENGTH=0                                                                                                                                                                                                                                                                                                                     ; --            ; --          ; auto_signaltap_0    ;
; SLD_NODE_PARAMETER_ASSIGNMENT        ; SLD_ATTRIBUTE_MEM_MODE=OFF                                                                                                                                                                                                                                                                                                                                        ; --            ; --          ; auto_signaltap_0    ;
; SLD_NODE_PARAMETER_ASSIGNMENT        ; SLD_STATE_FLOW_USE_GENERATED=0                                                                                                                                                                                                                                                                                                                                    ; --            ; --          ; auto_signaltap_0    ;
; SLD_NODE_PARAMETER_ASSIGNMENT        ; SLD_STATE_BITS=11                                                                                                                                                                                                                                                                                                                                                 ; --            ; --          ; auto_signaltap_0    ;
; SLD_NODE_PARAMETER_ASSIGNMENT        ; SLD_BUFFER_FULL_STOP=1                                                                                                                                                                                                                                                                                                                                            ; --            ; --          ; auto_signaltap_0    ;
; SLD_NODE_PARAMETER_ASSIGNMENT        ; SLD_CURRENT_RESOURCE_WIDTH=1                                                                                                                                                                                                                                                                                                                                      ; --            ; --          ; auto_signaltap_0    ;
; SLD_NODE_PARAMETER_ASSIGNMENT        ; SLD_INCREMENTAL_ROUTING=1                                                                                                                                                                                                                                                                                                                                         ; --            ; --          ; auto_signaltap_0    ;
; SLD_NODE_PARAMETER_ASSIGNMENT        ; SLD_TRIGGER_LEVEL=1                                                                                                                                                                                                                                                                                                                                               ; --            ; --          ; auto_signaltap_0    ;
; SLD_NODE_PARAMETER_ASSIGNMENT        ; SLD_TRIGGER_IN_ENABLED=0                                                                                                                                                                                                                                                                                                                                          ; --            ; --          ; auto_signaltap_0    ;
; SLD_NODE_PARAMETER_ASSIGNMENT        ; SLD_TRIGGER_PIPELINE=0                                                                                                                                                                                                                                                                                                                                            ; --            ; --          ; auto_signaltap_0    ;
; SLD_NODE_PARAMETER_ASSIGNMENT        ; SLD_RAM_PIPELINE=0                                                                                                                                                                                                                                                                                                                                                ; --            ; --          ; auto_signaltap_0    ;
; SLD_NODE_PARAMETER_ASSIGNMENT        ; SLD_COUNTER_PIPELINE=0                                                                                                                                                                                                                                                                                                                                            ; --            ; --          ; auto_signaltap_0    ;
; SLD_NODE_PARAMETER_ASSIGNMENT        ; SLD_ADVANCED_TRIGGER_ENTITY=basic,1,                                                                                                                                                                                                                                                                                                                              ; --            ; --          ; auto_signaltap_0    ;
; SLD_NODE_PARAMETER_ASSIGNMENT        ; SLD_TRIGGER_LEVEL_PIPELINE=1                                                                                                                                                                                                                                                                                                                                      ; --            ; --          ; auto_signaltap_0    ;
; SLD_NODE_PARAMETER_ASSIGNMENT        ; SLD_ENABLE_ADVANCED_TRIGGER=0                                                                                                                                                                                                                                                                                                                                     ; --            ; --          ; auto_signaltap_0    ;
; SLD_NODE_PARAMETER_ASSIGNMENT        ; SLD_DATA_BITS=103                                                                                                                                                                                                                                                                                                                                                 ; --            ; --          ; auto_signaltap_0    ;
; SLD_NODE_PARAMETER_ASSIGNMENT        ; SLD_TRIGGER_BITS=103                                                                                                                                                                                                                                                                                                                                              ; --            ; --          ; auto_signaltap_0    ;
; SLD_NODE_PARAMETER_ASSIGNMENT        ; SLD_STORAGE_QUALIFIER_BITS=110                                                                                                                                                                                                                                                                                                                                    ; --            ; --          ; auto_signaltap_0    ;
; SLD_NODE_PARAMETER_ASSIGNMENT        ; SLD_INVERSION_MASK=0000000000000000000000000000000000000000000000000000000000000000000000000000000000000000000000000000000000000000000000000000000000000000000000000000000000000000000000000000000000000000000000000000000000000000000000000000000000000000000000000000000000000000000000000000000000000000000000000000000000000000000000000000000000000000000000 ; --            ; --          ; auto_signaltap_0    ;
; SLD_NODE_PARAMETER_ASSIGNMENT        ; SLD_INVERSION_MASK_LENGTH=334                                                                                                                                                                                                                                                                                                                                     ; --            ; --          ; auto_signaltap_0    ;
; SLD_NODE_PARAMETER_ASSIGNMENT        ; SLD_SEGMENT_SIZE=2048                                                                                                                                                                                                                                                                                                                                             ; --            ; --          ; auto_signaltap_0    ;
; SLD_NODE_PARAMETER_ASSIGNMENT        ; SLD_SAMPLE_DEPTH=2048                                                                                                                                                                                                                                                                                                                                             ; --            ; --          ; auto_signaltap_0    ;
; USE_SIGNALTAP_FILE                   ; output_files/stp1.stp                                                                                                                                                                                                                                                                                                                                             ; --            ; --          ; --                  ;
+--------------------------------------+-------------------------------------------------------------------------------------------------------------------------------------------------------------------------------------------------------------------------------------------------------------------------------------------------------------------------------------------------------------------+---------------+-------------+---------------------+


+--------------------------------------------------------------------------------------------------------------------------+
; Flow Elapsed Time                                                                                                        ;
+----------------------+--------------+-------------------------+---------------------+------------------------------------+
; Module Name          ; Elapsed Time ; Average Processors Used ; Peak Virtual Memory ; Total CPU Time (on all processors) ;
+----------------------+--------------+-------------------------+---------------------+------------------------------------+
; Analysis & Synthesis ; 00:00:15     ; 1.0                     ; 4873 MB             ; 00:00:34                           ;
; Fitter               ; 00:00:04     ; 1.2                     ; 5971 MB             ; 00:00:06                           ;
; Assembler            ; 00:00:00     ; 1.0                     ; 4683 MB             ; 00:00:01                           ;
; Total                ; 00:00:19     ; --                      ; --                  ; 00:00:41                           ;
+----------------------+--------------+-------------------------+---------------------+------------------------------------+


+------------------------------------------------------------------------------------+
; Flow OS Summary                                                                    ;
+----------------------+------------------+------------+------------+----------------+
; Module Name          ; Machine Hostname ; OS Name    ; OS Version ; Processor type ;
+----------------------+------------------+------------+------------+----------------+
; Analysis & Synthesis ; DESKTOP-9MNJBAS  ; Windows 10 ; 10.0       ; x86_64         ;
; Fitter               ; DESKTOP-9MNJBAS  ; Windows 10 ; 10.0       ; x86_64         ;
; Assembler            ; DESKTOP-9MNJBAS  ; Windows 10 ; 10.0       ; x86_64         ;
+----------------------+------------------+------------+------------+----------------+


------------
; Flow Log ;
------------
quartus_map --read_settings_files=on --write_settings_files=off top -c top
quartus_fit --read_settings_files=off --write_settings_files=off top -c top
quartus_asm --read_settings_files=off --write_settings_files=off top -c top



