Analysis & Synthesis report for top
Tue May 23 16:43:36 2023
Quartus Prime Version 20.1.1 Build 720 11/11/2020 SJ Lite Edition


---------------------
; Table of Contents ;
---------------------
  1. Legal Notice
  2. Analysis & Synthesis Summary
  3. Analysis & Synthesis Settings
  4. Parallel Compilation
  5. Analysis & Synthesis Source Files Read
  6. Analysis & Synthesis Resource Usage Summary
  7. Analysis & Synthesis Resource Utilization by Entity
  8. State Machine - |top|pwm_rgb:pwm_rgb_m0|state
  9. Registers Removed During Synthesis
 10. General Register Statistics
 11. Multiplexer Restructuring Statistics (Restructuring Performed)
 12. Parameter Settings for User Entity Instance: Top-level Entity: |top
 13. Parameter Settings for User Entity Instance: pwm_rgb:pwm_rgb_m0
 14. Parameter Settings for User Entity Instance: pwm_ctr:pwm_ctr_m0
 15. Parameter Settings for Inferred Entity Instance: pwm_ctr:pwm_ctr_m0|lpm_mult:Mult0
 16. Parameter Settings for Inferred Entity Instance: pwm_ctr:pwm_ctr_m0|lpm_divide:Div1
 17. lpm_mult Parameter Settings by Entity Instance
 18. Port Connectivity Checks: "pwm_ctr:pwm_ctr_m0"
 19. Post-Synthesis Netlist Statistics for Top Partition
 20. Elapsed Time Per Partition
 21. Analysis & Synthesis Messages
 22. Analysis & Synthesis Suppressed Messages



----------------
; Legal Notice ;
----------------
Copyright (C) 2020  Intel Corporation. All rights reserved.
Your use of Intel Corporation's design tools, logic functions 
and other software and tools, and any partner logic 
functions, and any output files from any of the foregoing 
(including device programming or simulation files), and any 
associated documentation or information are expressly subject 
to the terms and conditions of the Intel Program License 
Subscription Agreement, the Intel Quartus Prime License Agreement,
the Intel FPGA IP License Agreement, or other applicable license
agreement, including, without limitation, that your use is for
the sole purpose of programming logic devices manufactured by
Intel and sold by Intel or its authorized distributors.  Please
refer to the applicable agreement for further details, at
https://fpgasoftware.intel.com/eula.



+----------------------------------------------------------------------------------+
; Analysis & Synthesis Summary                                                     ;
+------------------------------------+---------------------------------------------+
; Analysis & Synthesis Status        ; Successful - Tue May 23 16:43:36 2023       ;
; Quartus Prime Version              ; 20.1.1 Build 720 11/11/2020 SJ Lite Edition ;
; Revision Name                      ; top                                         ;
; Top-level Entity Name              ; top                                         ;
; Family                             ; Cyclone IV E                                ;
; Total logic elements               ; 407                                         ;
;     Total combinational functions  ; 407                                         ;
;     Dedicated logic registers      ; 50                                          ;
; Total registers                    ; 50                                          ;
; Total pins                         ; 3                                           ;
; Total virtual pins                 ; 0                                           ;
; Total memory bits                  ; 0                                           ;
; Embedded Multiplier 9-bit elements ; 0                                           ;
; Total PLLs                         ; 0                                           ;
+------------------------------------+---------------------------------------------+


+------------------------------------------------------------------------------------------------------------+
; Analysis & Synthesis Settings                                                                              ;
+------------------------------------------------------------------+--------------------+--------------------+
; Option                                                           ; Setting            ; Default Value      ;
+------------------------------------------------------------------+--------------------+--------------------+
; Device                                                           ; EP4CE10F17C8       ;                    ;
; Top-level entity name                                            ; top                ; top                ;
; Family name                                                      ; Cyclone IV E       ; Cyclone V          ;
; Use smart compilation                                            ; Off                ; Off                ;
; Enable parallel Assembler and Timing Analyzer during compilation ; On                 ; On                 ;
; Enable compact report table                                      ; Off                ; Off                ;
; Restructure Multiplexers                                         ; Auto               ; Auto               ;
; Create Debugging Nodes for IP Cores                              ; Off                ; Off                ;
; Preserve fewer node names                                        ; On                 ; On                 ;
; Intel FPGA IP Evaluation Mode                                    ; Enable             ; Enable             ;
; Verilog Version                                                  ; Verilog_2001       ; Verilog_2001       ;
; VHDL Version                                                     ; VHDL_1993          ; VHDL_1993          ;
; State Machine Processing                                         ; Auto               ; Auto               ;
; Safe State Machine                                               ; Off                ; Off                ;
; Extract Verilog State Machines                                   ; On                 ; On                 ;
; Extract VHDL State Machines                                      ; On                 ; On                 ;
; Ignore Verilog initial constructs                                ; Off                ; Off                ;
; Iteration limit for constant Verilog loops                       ; 5000               ; 5000               ;
; Iteration limit for non-constant Verilog loops                   ; 250                ; 250                ;
; Add Pass-Through Logic to Inferred RAMs                          ; On                 ; On                 ;
; Infer RAMs from Raw Logic                                        ; On                 ; On                 ;
; Parallel Synthesis                                               ; On                 ; On                 ;
; DSP Block Balancing                                              ; Auto               ; Auto               ;
; NOT Gate Push-Back                                               ; On                 ; On                 ;
; Power-Up Don't Care                                              ; On                 ; On                 ;
; Remove Redundant Logic Cells                                     ; Off                ; Off                ;
; Remove Duplicate Registers                                       ; On                 ; On                 ;
; Ignore CARRY Buffers                                             ; Off                ; Off                ;
; Ignore CASCADE Buffers                                           ; Off                ; Off                ;
; Ignore GLOBAL Buffers                                            ; Off                ; Off                ;
; Ignore ROW GLOBAL Buffers                                        ; Off                ; Off                ;
; Ignore LCELL Buffers                                             ; Off                ; Off                ;
; Ignore SOFT Buffers                                              ; On                 ; On                 ;
; Limit AHDL Integers to 32 Bits                                   ; Off                ; Off                ;
; Optimization Technique                                           ; Balanced           ; Balanced           ;
; Carry Chain Length                                               ; 70                 ; 70                 ;
; Auto Carry Chains                                                ; On                 ; On                 ;
; Auto Open-Drain Pins                                             ; On                 ; On                 ;
; Perform WYSIWYG Primitive Resynthesis                            ; Off                ; Off                ;
; Auto ROM Replacement                                             ; On                 ; On                 ;
; Auto RAM Replacement                                             ; On                 ; On                 ;
; Auto DSP Block Replacement                                       ; On                 ; On                 ;
; Auto Shift Register Replacement                                  ; Auto               ; Auto               ;
; Allow Shift Register Merging across Hierarchies                  ; Auto               ; Auto               ;
; Auto Clock Enable Replacement                                    ; On                 ; On                 ;
; Strict RAM Replacement                                           ; Off                ; Off                ;
; Allow Synchronous Control Signals                                ; On                 ; On                 ;
; Force Use of Synchronous Clear Signals                           ; Off                ; Off                ;
; Auto RAM Block Balancing                                         ; On                 ; On                 ;
; Auto RAM to Logic Cell Conversion                                ; Off                ; Off                ;
; Auto Resource Sharing                                            ; Off                ; Off                ;
; Allow Any RAM Size For Recognition                               ; Off                ; Off                ;
; Allow Any ROM Size For Recognition                               ; Off                ; Off                ;
; Allow Any Shift Register Size For Recognition                    ; Off                ; Off                ;
; Use LogicLock Constraints during Resource Balancing              ; On                 ; On                 ;
; Ignore translate_off and synthesis_off directives                ; Off                ; Off                ;
; Timing-Driven Synthesis                                          ; On                 ; On                 ;
; Report Parameter Settings                                        ; On                 ; On                 ;
; Report Source Assignments                                        ; On                 ; On                 ;
; Report Connectivity Checks                                       ; On                 ; On                 ;
; Ignore Maximum Fan-Out Assignments                               ; Off                ; Off                ;
; Synchronization Register Chain Length                            ; 2                  ; 2                  ;
; Power Optimization During Synthesis                              ; Normal compilation ; Normal compilation ;
; HDL message level                                                ; Level2             ; Level2             ;
; Suppress Register Optimization Related Messages                  ; Off                ; Off                ;
; Number of Removed Registers Reported in Synthesis Report         ; 5000               ; 5000               ;
; Number of Swept Nodes Reported in Synthesis Report               ; 5000               ; 5000               ;
; Number of Inverted Registers Reported in Synthesis Report        ; 100                ; 100                ;
; Clock MUX Protection                                             ; On                 ; On                 ;
; Auto Gated Clock Conversion                                      ; Off                ; Off                ;
; Block Design Naming                                              ; Auto               ; Auto               ;
; SDC constraint protection                                        ; Off                ; Off                ;
; Synthesis Effort                                                 ; Auto               ; Auto               ;
; Shift Register Replacement - Allow Asynchronous Clear Signal     ; On                 ; On                 ;
; Pre-Mapping Resynthesis Optimization                             ; Off                ; Off                ;
; Analysis & Synthesis Message Level                               ; Medium             ; Medium             ;
; Disable Register Merging Across Hierarchies                      ; Auto               ; Auto               ;
; Resource Aware Inference For Block RAM                           ; On                 ; On                 ;
+------------------------------------------------------------------+--------------------+--------------------+


+------------------------------------------+
; Parallel Compilation                     ;
+----------------------------+-------------+
; Processors                 ; Number      ;
+----------------------------+-------------+
; Number detected on machine ; 16          ;
; Maximum allowed            ; 10          ;
;                            ;             ;
; Average used               ; 1.00        ;
; Maximum used               ; 10          ;
;                            ;             ;
; Usage by Processor         ; % Time Used ;
;     Processor 1            ; 100.0%      ;
;     Processors 2-10        ;   0.0%      ;
+----------------------------+-------------+


+------------------------------------------------------------------------------------------------------------------------------------------------------------------------------+
; Analysis & Synthesis Source Files Read                                                                                                                                       ;
+----------------------------------+-----------------+------------------------------+--------------------------------------------------------------------------------+---------+
; File Name with User-Entered Path ; Used in Netlist ; File Type                    ; File Name with Absolute Path                                                   ; Library ;
+----------------------------------+-----------------+------------------------------+--------------------------------------------------------------------------------+---------+
; src/top.sv                       ; yes             ; User SystemVerilog HDL File  ; E:/FPGA_work/Cyclone/Code_Others/led_pwm/src/top.sv                            ;         ;
; src/pwm_rgb.sv                   ; yes             ; User SystemVerilog HDL File  ; E:/FPGA_work/Cyclone/Code_Others/led_pwm/src/pwm_rgb.sv                        ;         ;
; src/pwm_ctr.v                    ; yes             ; User Verilog HDL File        ; E:/FPGA_work/Cyclone/Code_Others/led_pwm/src/pwm_ctr.v                         ;         ;
; lpm_mult.tdf                     ; yes             ; Megafunction                 ; d:/intelfpga_lite/20.1/quartus/libraries/megafunctions/lpm_mult.tdf            ;         ;
; aglobal201.inc                   ; yes             ; Megafunction                 ; d:/intelfpga_lite/20.1/quartus/libraries/megafunctions/aglobal201.inc          ;         ;
; lpm_add_sub.inc                  ; yes             ; Megafunction                 ; d:/intelfpga_lite/20.1/quartus/libraries/megafunctions/lpm_add_sub.inc         ;         ;
; multcore.inc                     ; yes             ; Megafunction                 ; d:/intelfpga_lite/20.1/quartus/libraries/megafunctions/multcore.inc            ;         ;
; bypassff.inc                     ; yes             ; Megafunction                 ; d:/intelfpga_lite/20.1/quartus/libraries/megafunctions/bypassff.inc            ;         ;
; altshift.inc                     ; yes             ; Megafunction                 ; d:/intelfpga_lite/20.1/quartus/libraries/megafunctions/altshift.inc            ;         ;
; multcore.tdf                     ; yes             ; Megafunction                 ; d:/intelfpga_lite/20.1/quartus/libraries/megafunctions/multcore.tdf            ;         ;
; csa_add.inc                      ; yes             ; Megafunction                 ; d:/intelfpga_lite/20.1/quartus/libraries/megafunctions/csa_add.inc             ;         ;
; mpar_add.inc                     ; yes             ; Megafunction                 ; d:/intelfpga_lite/20.1/quartus/libraries/megafunctions/mpar_add.inc            ;         ;
; muleabz.inc                      ; yes             ; Megafunction                 ; d:/intelfpga_lite/20.1/quartus/libraries/megafunctions/muleabz.inc             ;         ;
; mul_lfrg.inc                     ; yes             ; Megafunction                 ; d:/intelfpga_lite/20.1/quartus/libraries/megafunctions/mul_lfrg.inc            ;         ;
; mul_boothc.inc                   ; yes             ; Megafunction                 ; d:/intelfpga_lite/20.1/quartus/libraries/megafunctions/mul_boothc.inc          ;         ;
; alt_ded_mult.inc                 ; yes             ; Megafunction                 ; d:/intelfpga_lite/20.1/quartus/libraries/megafunctions/alt_ded_mult.inc        ;         ;
; alt_ded_mult_y.inc               ; yes             ; Megafunction                 ; d:/intelfpga_lite/20.1/quartus/libraries/megafunctions/alt_ded_mult_y.inc      ;         ;
; dffpipe.inc                      ; yes             ; Megafunction                 ; d:/intelfpga_lite/20.1/quartus/libraries/megafunctions/dffpipe.inc             ;         ;
; mpar_add.tdf                     ; yes             ; Megafunction                 ; d:/intelfpga_lite/20.1/quartus/libraries/megafunctions/mpar_add.tdf            ;         ;
; lpm_add_sub.tdf                  ; yes             ; Megafunction                 ; d:/intelfpga_lite/20.1/quartus/libraries/megafunctions/lpm_add_sub.tdf         ;         ;
; addcore.inc                      ; yes             ; Megafunction                 ; d:/intelfpga_lite/20.1/quartus/libraries/megafunctions/addcore.inc             ;         ;
; look_add.inc                     ; yes             ; Megafunction                 ; d:/intelfpga_lite/20.1/quartus/libraries/megafunctions/look_add.inc            ;         ;
; alt_stratix_add_sub.inc          ; yes             ; Megafunction                 ; d:/intelfpga_lite/20.1/quartus/libraries/megafunctions/alt_stratix_add_sub.inc ;         ;
; db/add_sub_qgh.tdf               ; yes             ; Auto-Generated Megafunction  ; E:/FPGA_work/Cyclone/Code_Others/led_pwm/db/add_sub_qgh.tdf                    ;         ;
; db/add_sub_lgh.tdf               ; yes             ; Auto-Generated Megafunction  ; E:/FPGA_work/Cyclone/Code_Others/led_pwm/db/add_sub_lgh.tdf                    ;         ;
; altshift.tdf                     ; yes             ; Megafunction                 ; d:/intelfpga_lite/20.1/quartus/libraries/megafunctions/altshift.tdf            ;         ;
; lpm_divide.tdf                   ; yes             ; Megafunction                 ; d:/intelfpga_lite/20.1/quartus/libraries/megafunctions/lpm_divide.tdf          ;         ;
; abs_divider.inc                  ; yes             ; Megafunction                 ; d:/intelfpga_lite/20.1/quartus/libraries/megafunctions/abs_divider.inc         ;         ;
; sign_div_unsign.inc              ; yes             ; Megafunction                 ; d:/intelfpga_lite/20.1/quartus/libraries/megafunctions/sign_div_unsign.inc     ;         ;
; db/lpm_divide_3jm.tdf            ; yes             ; Auto-Generated Megafunction  ; E:/FPGA_work/Cyclone/Code_Others/led_pwm/db/lpm_divide_3jm.tdf                 ;         ;
; db/sign_div_unsign_rlh.tdf       ; yes             ; Auto-Generated Megafunction  ; E:/FPGA_work/Cyclone/Code_Others/led_pwm/db/sign_div_unsign_rlh.tdf            ;         ;
; db/alt_u_div_a7f.tdf             ; yes             ; Auto-Generated Megafunction  ; E:/FPGA_work/Cyclone/Code_Others/led_pwm/db/alt_u_div_a7f.tdf                  ;         ;
; db/add_sub_7pc.tdf               ; yes             ; Auto-Generated Megafunction  ; E:/FPGA_work/Cyclone/Code_Others/led_pwm/db/add_sub_7pc.tdf                    ;         ;
; db/add_sub_8pc.tdf               ; yes             ; Auto-Generated Megafunction  ; E:/FPGA_work/Cyclone/Code_Others/led_pwm/db/add_sub_8pc.tdf                    ;         ;
+----------------------------------+-----------------+------------------------------+--------------------------------------------------------------------------------+---------+


+---------------------------------------------------------+
; Analysis & Synthesis Resource Usage Summary             ;
+---------------------------------------------+-----------+
; Resource                                    ; Usage     ;
+---------------------------------------------+-----------+
; Estimated Total logic elements              ; 407       ;
;                                             ;           ;
; Total combinational functions               ; 407       ;
; Logic element usage by number of LUT inputs ;           ;
;     -- 4 input functions                    ; 85        ;
;     -- 3 input functions                    ; 124       ;
;     -- <=2 input functions                  ; 198       ;
;                                             ;           ;
; Logic elements by mode                      ;           ;
;     -- normal mode                          ; 241       ;
;     -- arithmetic mode                      ; 166       ;
;                                             ;           ;
; Total registers                             ; 50        ;
;     -- Dedicated logic registers            ; 50        ;
;     -- I/O registers                        ; 0         ;
;                                             ;           ;
; I/O pins                                    ; 3         ;
;                                             ;           ;
; Embedded Multiplier 9-bit elements          ; 0         ;
;                                             ;           ;
; Maximum fan-out node                        ; clk~input ;
; Maximum fan-out                             ; 39        ;
; Total fan-out                               ; 1221      ;
; Average fan-out                             ; 2.63      ;
+---------------------------------------------+-----------+


+--------------------------------------------------------------------------------------------------------------------------------------------------------------------------------------------------------------------------------------------------------------------------------------------------------------------------------------------------------------------+
; Analysis & Synthesis Resource Utilization by Entity                                                                                                                                                                                                                                                                                                                ;
+---------------------------------------------------+---------------------+---------------------------+-------------+--------------+---------+-----------+------+--------------+------------------------------------------------------------------------------------------------------------------------------------------------+---------------------+--------------+
; Compilation Hierarchy Node                        ; Combinational ALUTs ; Dedicated Logic Registers ; Memory Bits ; DSP Elements ; DSP 9x9 ; DSP 18x18 ; Pins ; Virtual Pins ; Full Hierarchy Name                                                                                                                            ; Entity Name         ; Library Name ;
+---------------------------------------------------+---------------------+---------------------------+-------------+--------------+---------+-----------+------+--------------+------------------------------------------------------------------------------------------------------------------------------------------------+---------------------+--------------+
; |top                                              ; 407 (1)             ; 50 (0)                    ; 0           ; 0            ; 0       ; 0         ; 3    ; 0            ; |top                                                                                                                                           ; top                 ; work         ;
;    |pwm_ctr:pwm_ctr_m0|                           ; 365 (48)            ; 21 (21)                   ; 0           ; 0            ; 0       ; 0         ; 0    ; 0            ; |top|pwm_ctr:pwm_ctr_m0                                                                                                                        ; pwm_ctr             ; work         ;
;       |lpm_divide:Div1|                           ; 268 (0)             ; 0 (0)                     ; 0           ; 0            ; 0       ; 0         ; 0    ; 0            ; |top|pwm_ctr:pwm_ctr_m0|lpm_divide:Div1                                                                                                        ; lpm_divide          ; work         ;
;          |lpm_divide_3jm:auto_generated|          ; 268 (0)             ; 0 (0)                     ; 0           ; 0            ; 0       ; 0         ; 0    ; 0            ; |top|pwm_ctr:pwm_ctr_m0|lpm_divide:Div1|lpm_divide_3jm:auto_generated                                                                          ; lpm_divide_3jm      ; work         ;
;             |sign_div_unsign_rlh:divider|         ; 268 (0)             ; 0 (0)                     ; 0           ; 0            ; 0       ; 0         ; 0    ; 0            ; |top|pwm_ctr:pwm_ctr_m0|lpm_divide:Div1|lpm_divide_3jm:auto_generated|sign_div_unsign_rlh:divider                                              ; sign_div_unsign_rlh ; work         ;
;                |alt_u_div_a7f:divider|            ; 268 (268)           ; 0 (0)                     ; 0           ; 0            ; 0       ; 0         ; 0    ; 0            ; |top|pwm_ctr:pwm_ctr_m0|lpm_divide:Div1|lpm_divide_3jm:auto_generated|sign_div_unsign_rlh:divider|alt_u_div_a7f:divider                        ; alt_u_div_a7f       ; work         ;
;       |lpm_mult:Mult0|                            ; 49 (0)              ; 0 (0)                     ; 0           ; 0            ; 0       ; 0         ; 0    ; 0            ; |top|pwm_ctr:pwm_ctr_m0|lpm_mult:Mult0                                                                                                         ; lpm_mult            ; work         ;
;          |multcore:mult_core|                     ; 49 (23)             ; 0 (0)                     ; 0           ; 0            ; 0       ; 0         ; 0    ; 0            ; |top|pwm_ctr:pwm_ctr_m0|lpm_mult:Mult0|multcore:mult_core                                                                                      ; multcore            ; work         ;
;             |mpar_add:padder|                     ; 26 (0)              ; 0 (0)                     ; 0           ; 0            ; 0       ; 0         ; 0    ; 0            ; |top|pwm_ctr:pwm_ctr_m0|lpm_mult:Mult0|multcore:mult_core|mpar_add:padder                                                                      ; mpar_add            ; work         ;
;                |lpm_add_sub:adder[0]|             ; 14 (0)              ; 0 (0)                     ; 0           ; 0            ; 0       ; 0         ; 0    ; 0            ; |top|pwm_ctr:pwm_ctr_m0|lpm_mult:Mult0|multcore:mult_core|mpar_add:padder|lpm_add_sub:adder[0]                                                 ; lpm_add_sub         ; work         ;
;                   |add_sub_qgh:auto_generated|    ; 14 (14)             ; 0 (0)                     ; 0           ; 0            ; 0       ; 0         ; 0    ; 0            ; |top|pwm_ctr:pwm_ctr_m0|lpm_mult:Mult0|multcore:mult_core|mpar_add:padder|lpm_add_sub:adder[0]|add_sub_qgh:auto_generated                      ; add_sub_qgh         ; work         ;
;                |mpar_add:sub_par_add|             ; 12 (0)              ; 0 (0)                     ; 0           ; 0            ; 0       ; 0         ; 0    ; 0            ; |top|pwm_ctr:pwm_ctr_m0|lpm_mult:Mult0|multcore:mult_core|mpar_add:padder|mpar_add:sub_par_add                                                 ; mpar_add            ; work         ;
;                   |lpm_add_sub:adder[0]|          ; 12 (0)              ; 0 (0)                     ; 0           ; 0            ; 0       ; 0         ; 0    ; 0            ; |top|pwm_ctr:pwm_ctr_m0|lpm_mult:Mult0|multcore:mult_core|mpar_add:padder|mpar_add:sub_par_add|lpm_add_sub:adder[0]                            ; lpm_add_sub         ; work         ;
;                      |add_sub_lgh:auto_generated| ; 12 (12)             ; 0 (0)                     ; 0           ; 0            ; 0       ; 0         ; 0    ; 0            ; |top|pwm_ctr:pwm_ctr_m0|lpm_mult:Mult0|multcore:mult_core|mpar_add:padder|mpar_add:sub_par_add|lpm_add_sub:adder[0]|add_sub_lgh:auto_generated ; add_sub_lgh         ; work         ;
;    |pwm_rgb:pwm_rgb_m0|                           ; 41 (41)             ; 29 (29)                   ; 0           ; 0            ; 0       ; 0         ; 0    ; 0            ; |top|pwm_rgb:pwm_rgb_m0                                                                                                                        ; pwm_rgb             ; work         ;
+---------------------------------------------------+---------------------+---------------------------+-------------+--------------+---------+-----------+------+--------------+------------------------------------------------------------------------------------------------------------------------------------------------+---------------------+--------------+
Note: For table entries with two numbers listed, the numbers in parentheses indicate the number of resources of the given type used by the specific entity alone. The numbers listed outside of parentheses indicate the total resources of the given type used by the specific entity and all of its sub-entities in the hierarchy.


Encoding Type:  One-Hot
+-----------------------------------------------+
; State Machine - |top|pwm_rgb:pwm_rgb_m0|state ;
+-----------+-----------------------------------+
; Name      ; state.001                         ;
+-----------+-----------------------------------+
; state.000 ; 0                                 ;
; state.001 ; 1                                 ;
+-----------+-----------------------------------+


+------------------------------------------------------------+
; Registers Removed During Synthesis                         ;
+---------------------------------------+--------------------+
; Register name                         ; Reason for Removal ;
+---------------------------------------+--------------------+
; pwm_rgb:pwm_rgb_m0|state~5            ; Lost fanout        ;
; pwm_rgb:pwm_rgb_m0|state~6            ; Lost fanout        ;
; Total Number of Removed Registers = 2 ;                    ;
+---------------------------------------+--------------------+


+------------------------------------------------------+
; General Register Statistics                          ;
+----------------------------------------------+-------+
; Statistic                                    ; Value ;
+----------------------------------------------+-------+
; Total registers                              ; 50    ;
; Number of registers using Synchronous Clear  ; 31    ;
; Number of registers using Synchronous Load   ; 0     ;
; Number of registers using Asynchronous Clear ; 0     ;
; Number of registers using Asynchronous Load  ; 0     ;
; Number of registers using Clock Enable       ; 10    ;
; Number of registers using Preset             ; 0     ;
+----------------------------------------------+-------+


+---------------------------------------------------------------------------------------------------------------------------------------------------+
; Multiplexer Restructuring Statistics (Restructuring Performed)                                                                                    ;
+--------------------+-----------+---------------+----------------------+------------------------+------------+-------------------------------------+
; Multiplexer Inputs ; Bus Width ; Baseline Area ; Area if Restructured ; Saving if Restructured ; Registered ; Example Multiplexer Output          ;
+--------------------+-----------+---------------+----------------------+------------------------+------------+-------------------------------------+
; 4:1                ; 10 bits   ; 20 LEs        ; 20 LEs               ; 0 LEs                  ; Yes        ; |top|pwm_rgb:pwm_rgb_m0|pwm_duty[9] ;
; 3:1                ; 2 bits    ; 4 LEs         ; 4 LEs                ; 0 LEs                  ; No         ; |top|pwm_rgb:pwm_rgb_m0|state       ;
+--------------------+-----------+---------------+----------------------+------------------------+------------+-------------------------------------+


+---------------------------------------------------------------------+
; Parameter Settings for User Entity Instance: Top-level Entity: |top ;
+----------------+-------+--------------------------------------------+
; Parameter Name ; Value ; Type                                       ;
+----------------+-------+--------------------------------------------+
; CLK_FRE        ; 50    ; Signed Integer                             ;
+----------------+-------+--------------------------------------------+
Note: In order to hide this table in the UI and the text report file, please set the "Show Parameter Settings in Synthesis Report" option in "Analysis and Synthesis Settings -> More Settings" to "Off".


+-----------------------------------------------------------------+
; Parameter Settings for User Entity Instance: pwm_rgb:pwm_rgb_m0 ;
+----------------+-------+----------------------------------------+
; Parameter Name ; Value ; Type                                   ;
+----------------+-------+----------------------------------------+
; CLK_FRE        ; 50    ; Signed Integer                         ;
+----------------+-------+----------------------------------------+
Note: In order to hide this table in the UI and the text report file, please set the "Show Parameter Settings in Synthesis Report" option in "Analysis and Synthesis Settings -> More Settings" to "Off".


+-----------------------------------------------------------------+
; Parameter Settings for User Entity Instance: pwm_ctr:pwm_ctr_m0 ;
+----------------+-------+----------------------------------------+
; Parameter Name ; Value ; Type                                   ;
+----------------+-------+----------------------------------------+
; CLK_FRE        ; 50    ; Signed Integer                         ;
+----------------+-------+----------------------------------------+
Note: In order to hide this table in the UI and the text report file, please set the "Show Parameter Settings in Synthesis Report" option in "Analysis and Synthesis Settings -> More Settings" to "Off".


+-------------------------------------------------------------------------------------+
; Parameter Settings for Inferred Entity Instance: pwm_ctr:pwm_ctr_m0|lpm_mult:Mult0  ;
+------------------------------------------------+--------------+---------------------+
; Parameter Name                                 ; Value        ; Type                ;
+------------------------------------------------+--------------+---------------------+
; AUTO_CARRY_CHAINS                              ; ON           ; AUTO_CARRY          ;
; IGNORE_CARRY_BUFFERS                           ; OFF          ; IGNORE_CARRY        ;
; AUTO_CASCADE_CHAINS                            ; ON           ; AUTO_CASCADE        ;
; IGNORE_CASCADE_BUFFERS                         ; OFF          ; IGNORE_CASCADE      ;
; LPM_WIDTHA                                     ; 13           ; Untyped             ;
; LPM_WIDTHB                                     ; 10           ; Untyped             ;
; LPM_WIDTHP                                     ; 23           ; Untyped             ;
; LPM_WIDTHR                                     ; 23           ; Untyped             ;
; LPM_WIDTHS                                     ; 1            ; Untyped             ;
; LPM_REPRESENTATION                             ; UNSIGNED     ; Untyped             ;
; LPM_PIPELINE                                   ; 0            ; Untyped             ;
; LATENCY                                        ; 0            ; Untyped             ;
; INPUT_A_IS_CONSTANT                            ; YES          ; Untyped             ;
; INPUT_B_IS_CONSTANT                            ; NO           ; Untyped             ;
; USE_EAB                                        ; OFF          ; Untyped             ;
; MAXIMIZE_SPEED                                 ; 6            ; Untyped             ;
; DEVICE_FAMILY                                  ; Cyclone IV E ; Untyped             ;
; CARRY_CHAIN                                    ; MANUAL       ; Untyped             ;
; APEX20K_TECHNOLOGY_MAPPER                      ; LUT          ; TECH_MAPPER_APEX20K ;
; DEDICATED_MULTIPLIER_CIRCUITRY                 ; AUTO         ; Untyped             ;
; DEDICATED_MULTIPLIER_MIN_INPUT_WIDTH_FOR_AUTO  ; 0            ; Untyped             ;
; DEDICATED_MULTIPLIER_MIN_OUTPUT_WIDTH_FOR_AUTO ; 0            ; Untyped             ;
; CBXI_PARAMETER                                 ; NOTHING      ; Untyped             ;
; INPUT_A_FIXED_VALUE                            ; Bx           ; Untyped             ;
; INPUT_B_FIXED_VALUE                            ; Bx           ; Untyped             ;
; USE_AHDL_IMPLEMENTATION                        ; OFF          ; Untyped             ;
+------------------------------------------------+--------------+---------------------+
Note: In order to hide this table in the UI and the text report file, please set the "Show Parameter Settings in Synthesis Report" option in "Analysis and Synthesis Settings -> More Settings" to "Off".


+-------------------------------------------------------------------------------------+
; Parameter Settings for Inferred Entity Instance: pwm_ctr:pwm_ctr_m0|lpm_divide:Div1 ;
+------------------------+----------------+-------------------------------------------+
; Parameter Name         ; Value          ; Type                                      ;
+------------------------+----------------+-------------------------------------------+
; LPM_WIDTHN             ; 32             ; Untyped                                   ;
; LPM_WIDTHD             ; 7              ; Untyped                                   ;
; LPM_NREPRESENTATION    ; UNSIGNED       ; Untyped                                   ;
; LPM_DREPRESENTATION    ; UNSIGNED       ; Untyped                                   ;
; LPM_PIPELINE           ; 0              ; Untyped                                   ;
; LPM_REMAINDERPOSITIVE  ; TRUE           ; Untyped                                   ;
; MAXIMIZE_SPEED         ; 5              ; Untyped                                   ;
; CBXI_PARAMETER         ; lpm_divide_3jm ; Untyped                                   ;
; CARRY_CHAIN            ; MANUAL         ; Untyped                                   ;
; OPTIMIZE_FOR_SPEED     ; 5              ; Untyped                                   ;
; AUTO_CARRY_CHAINS      ; ON             ; AUTO_CARRY                                ;
; IGNORE_CARRY_BUFFERS   ; OFF            ; IGNORE_CARRY                              ;
; AUTO_CASCADE_CHAINS    ; ON             ; AUTO_CASCADE                              ;
; IGNORE_CASCADE_BUFFERS ; OFF            ; IGNORE_CASCADE                            ;
+------------------------+----------------+-------------------------------------------+
Note: In order to hide this table in the UI and the text report file, please set the "Show Parameter Settings in Synthesis Report" option in "Analysis and Synthesis Settings -> More Settings" to "Off".


+---------------------------------------------------------------------------+
; lpm_mult Parameter Settings by Entity Instance                            ;
+---------------------------------------+-----------------------------------+
; Name                                  ; Value                             ;
+---------------------------------------+-----------------------------------+
; Number of entity instances            ; 1                                 ;
; Entity Instance                       ; pwm_ctr:pwm_ctr_m0|lpm_mult:Mult0 ;
;     -- LPM_WIDTHA                     ; 13                                ;
;     -- LPM_WIDTHB                     ; 10                                ;
;     -- LPM_WIDTHP                     ; 23                                ;
;     -- LPM_REPRESENTATION             ; UNSIGNED                          ;
;     -- INPUT_A_IS_CONSTANT            ; YES                               ;
;     -- INPUT_B_IS_CONSTANT            ; NO                                ;
;     -- USE_EAB                        ; OFF                               ;
;     -- DEDICATED_MULTIPLIER_CIRCUITRY ; AUTO                              ;
;     -- INPUT_A_FIXED_VALUE            ; Bx                                ;
;     -- INPUT_B_FIXED_VALUE            ; Bx                                ;
+---------------------------------------+-----------------------------------+


+---------------------------------------------------------------------------------------------------------------------------------------------------------------------------------------------------------------------------+
; Port Connectivity Checks: "pwm_ctr:pwm_ctr_m0"                                                                                                                                                                            ;
+------------------+-------+----------+-------------------------------------------------------------------------------------------------------------------------------------------------------------------------------------+
; Port             ; Type  ; Severity ; Details                                                                                                                                                                             ;
+------------------+-------+----------+-------------------------------------------------------------------------------------------------------------------------------------------------------------------------------------+
; pwm_rate         ; Input ; Warning  ; Input port expression (32 bits) is wider than the input port (21 bits) it drives.  The 11 most-significant bit(s) in the expression will be dangling if they have no other fanouts. ;
; pwm_rate[10..8]  ; Input ; Info     ; Stuck at VCC                                                                                                                                                                        ;
; pwm_rate[20..14] ; Input ; Info     ; Stuck at GND                                                                                                                                                                        ;
; pwm_rate[12..11] ; Input ; Info     ; Stuck at GND                                                                                                                                                                        ;
; pwm_rate[7..5]   ; Input ; Info     ; Stuck at GND                                                                                                                                                                        ;
; pwm_rate[3..0]   ; Input ; Info     ; Stuck at GND                                                                                                                                                                        ;
; pwm_rate[13]     ; Input ; Info     ; Stuck at VCC                                                                                                                                                                        ;
; pwm_rate[4]      ; Input ; Info     ; Stuck at VCC                                                                                                                                                                        ;
+------------------+-------+----------+-------------------------------------------------------------------------------------------------------------------------------------------------------------------------------------+


+-----------------------------------------------------+
; Post-Synthesis Netlist Statistics for Top Partition ;
+-----------------------+-----------------------------+
; Type                  ; Count                       ;
+-----------------------+-----------------------------+
; boundary_port         ; 3                           ;
; cycloneiii_ff         ; 50                          ;
;     ENA SCLR          ; 10                          ;
;     SCLR              ; 21                          ;
;     plain             ; 19                          ;
; cycloneiii_lcell_comb ; 408                         ;
;     arith             ; 166                         ;
;         1 data inputs ; 1                           ;
;         2 data inputs ; 49                          ;
;         3 data inputs ; 116                         ;
;     normal            ; 242                         ;
;         0 data inputs ; 14                          ;
;         1 data inputs ; 5                           ;
;         2 data inputs ; 130                         ;
;         3 data inputs ; 8                           ;
;         4 data inputs ; 85                          ;
;                       ;                             ;
; Max LUT depth         ; 39.40                       ;
; Average LUT depth     ; 28.89                       ;
+-----------------------+-----------------------------+


+-------------------------------+
; Elapsed Time Per Partition    ;
+----------------+--------------+
; Partition Name ; Elapsed Time ;
+----------------+--------------+
; Top            ; 00:00:00     ;
+----------------+--------------+


+-------------------------------+
; Analysis & Synthesis Messages ;
+-------------------------------+
Info: *******************************************************************
Info: Running Quartus Prime Analysis & Synthesis
    Info: Version 20.1.1 Build 720 11/11/2020 SJ Lite Edition
    Info: Processing started: Tue May 23 16:43:28 2023
Info: Command: quartus_map --read_settings_files=on --write_settings_files=off top -c top
Warning (18236): Number of processors has not been specified which may cause overloading on shared machines.  Set the global assignment NUM_PARALLEL_PROCESSORS in your QSF to an appropriate value for best performance.
Info (20030): Parallel compilation is enabled and will use 10 of the 10 processors detected
Info (12021): Found 1 design units, including 1 entities, in source file src/top.sv
    Info (12023): Found entity 1: top File: E:/FPGA_work/Cyclone/Code_Others/led_pwm/src/top.sv Line: 1
Info (12021): Found 1 design units, including 1 entities, in source file src/pwm_rgb.sv
    Info (12023): Found entity 1: pwm_rgb File: E:/FPGA_work/Cyclone/Code_Others/led_pwm/src/pwm_rgb.sv Line: 1
Info (12021): Found 1 design units, including 1 entities, in source file src/pwm_ctr.v
    Info (12023): Found entity 1: pwm_ctr File: E:/FPGA_work/Cyclone/Code_Others/led_pwm/src/pwm_ctr.v Line: 1
Info (12127): Elaborating entity "top" for the top level hierarchy
Info (12128): Elaborating entity "pwm_rgb" for hierarchy "pwm_rgb:pwm_rgb_m0" File: E:/FPGA_work/Cyclone/Code_Others/led_pwm/src/top.sv Line: 18
Warning (10230): Verilog HDL assignment warning at pwm_rgb.sv(11): truncated value with size 32 to match size of target (18) File: E:/FPGA_work/Cyclone/Code_Others/led_pwm/src/pwm_rgb.sv Line: 11
Warning (10230): Verilog HDL assignment warning at pwm_rgb.sv(28): truncated value with size 32 to match size of target (10) File: E:/FPGA_work/Cyclone/Code_Others/led_pwm/src/pwm_rgb.sv Line: 28
Warning (10230): Verilog HDL assignment warning at pwm_rgb.sv(35): truncated value with size 32 to match size of target (10) File: E:/FPGA_work/Cyclone/Code_Others/led_pwm/src/pwm_rgb.sv Line: 35
Info (12128): Elaborating entity "pwm_ctr" for hierarchy "pwm_ctr:pwm_ctr_m0" File: E:/FPGA_work/Cyclone/Code_Others/led_pwm/src/top.sv Line: 28
Warning (10230): Verilog HDL assignment warning at pwm_ctr.v(11): truncated value with size 32 to match size of target (21) File: E:/FPGA_work/Cyclone/Code_Others/led_pwm/src/pwm_ctr.v Line: 11
Warning (10230): Verilog HDL assignment warning at pwm_ctr.v(12): truncated value with size 32 to match size of target (21) File: E:/FPGA_work/Cyclone/Code_Others/led_pwm/src/pwm_ctr.v Line: 12
Warning (10230): Verilog HDL assignment warning at pwm_ctr.v(20): truncated value with size 32 to match size of target (21) File: E:/FPGA_work/Cyclone/Code_Others/led_pwm/src/pwm_ctr.v Line: 20
Warning (10230): Verilog HDL assignment warning at pwm_ctr.v(22): truncated value with size 32 to match size of target (21) File: E:/FPGA_work/Cyclone/Code_Others/led_pwm/src/pwm_ctr.v Line: 22
Info (278001): Inferred 2 megafunctions from design logic
    Info (278003): Inferred multiplier megafunction ("lpm_mult") from the following logic: "pwm_ctr:pwm_ctr_m0|Mult0" File: E:/FPGA_work/Cyclone/Code_Others/led_pwm/src/pwm_ctr.v Line: 12
    Info (278004): Inferred divider/modulo megafunction ("lpm_divide") from the following logic: "pwm_ctr:pwm_ctr_m0|Div1" File: E:/FPGA_work/Cyclone/Code_Others/led_pwm/src/pwm_ctr.v Line: 12
Info (12130): Elaborated megafunction instantiation "pwm_ctr:pwm_ctr_m0|lpm_mult:Mult0" File: E:/FPGA_work/Cyclone/Code_Others/led_pwm/src/pwm_ctr.v Line: 12
Info (12133): Instantiated megafunction "pwm_ctr:pwm_ctr_m0|lpm_mult:Mult0" with the following parameter: File: E:/FPGA_work/Cyclone/Code_Others/led_pwm/src/pwm_ctr.v Line: 12
    Info (12134): Parameter "LPM_WIDTHA" = "13"
    Info (12134): Parameter "LPM_WIDTHB" = "10"
    Info (12134): Parameter "LPM_WIDTHP" = "23"
    Info (12134): Parameter "LPM_WIDTHR" = "23"
    Info (12134): Parameter "LPM_WIDTHS" = "1"
    Info (12134): Parameter "LPM_REPRESENTATION" = "UNSIGNED"
    Info (12134): Parameter "INPUT_A_IS_CONSTANT" = "YES"
    Info (12134): Parameter "INPUT_B_IS_CONSTANT" = "NO"
    Info (12134): Parameter "MAXIMIZE_SPEED" = "6"
Info (12131): Elaborated megafunction instantiation "pwm_ctr:pwm_ctr_m0|lpm_mult:Mult0|multcore:mult_core", which is child of megafunction instantiation "pwm_ctr:pwm_ctr_m0|lpm_mult:Mult0" File: d:/intelfpga_lite/20.1/quartus/libraries/megafunctions/lpm_mult.tdf Line: 309
Info (12131): Elaborated megafunction instantiation "pwm_ctr:pwm_ctr_m0|lpm_mult:Mult0|multcore:mult_core|mpar_add:padder", which is child of megafunction instantiation "pwm_ctr:pwm_ctr_m0|lpm_mult:Mult0" File: d:/intelfpga_lite/20.1/quartus/libraries/megafunctions/multcore.tdf Line: 229
Info (12131): Elaborated megafunction instantiation "pwm_ctr:pwm_ctr_m0|lpm_mult:Mult0|multcore:mult_core|mpar_add:padder|lpm_add_sub:adder[0]", which is child of megafunction instantiation "pwm_ctr:pwm_ctr_m0|lpm_mult:Mult0" File: d:/intelfpga_lite/20.1/quartus/libraries/megafunctions/mpar_add.tdf Line: 78
Info (12021): Found 1 design units, including 1 entities, in source file db/add_sub_qgh.tdf
    Info (12023): Found entity 1: add_sub_qgh File: E:/FPGA_work/Cyclone/Code_Others/led_pwm/db/add_sub_qgh.tdf Line: 23
Info (12131): Elaborated megafunction instantiation "pwm_ctr:pwm_ctr_m0|lpm_mult:Mult0|multcore:mult_core|mpar_add:padder|mpar_add:sub_par_add", which is child of megafunction instantiation "pwm_ctr:pwm_ctr_m0|lpm_mult:Mult0" File: d:/intelfpga_lite/20.1/quartus/libraries/megafunctions/mpar_add.tdf Line: 138
Info (12131): Elaborated megafunction instantiation "pwm_ctr:pwm_ctr_m0|lpm_mult:Mult0|multcore:mult_core|mpar_add:padder|mpar_add:sub_par_add|lpm_add_sub:adder[0]", which is child of megafunction instantiation "pwm_ctr:pwm_ctr_m0|lpm_mult:Mult0" File: d:/intelfpga_lite/20.1/quartus/libraries/megafunctions/mpar_add.tdf Line: 78
Info (12021): Found 1 design units, including 1 entities, in source file db/add_sub_lgh.tdf
    Info (12023): Found entity 1: add_sub_lgh File: E:/FPGA_work/Cyclone/Code_Others/led_pwm/db/add_sub_lgh.tdf Line: 23
Info (12131): Elaborated megafunction instantiation "pwm_ctr:pwm_ctr_m0|lpm_mult:Mult0|altshift:external_latency_ffs", which is child of megafunction instantiation "pwm_ctr:pwm_ctr_m0|lpm_mult:Mult0" File: d:/intelfpga_lite/20.1/quartus/libraries/megafunctions/lpm_mult.tdf Line: 352
Info (12130): Elaborated megafunction instantiation "pwm_ctr:pwm_ctr_m0|lpm_divide:Div1" File: E:/FPGA_work/Cyclone/Code_Others/led_pwm/src/pwm_ctr.v Line: 12
Info (12133): Instantiated megafunction "pwm_ctr:pwm_ctr_m0|lpm_divide:Div1" with the following parameter: File: E:/FPGA_work/Cyclone/Code_Others/led_pwm/src/pwm_ctr.v Line: 12
    Info (12134): Parameter "LPM_WIDTHN" = "32"
    Info (12134): Parameter "LPM_WIDTHD" = "7"
    Info (12134): Parameter "LPM_NREPRESENTATION" = "UNSIGNED"
    Info (12134): Parameter "LPM_DREPRESENTATION" = "UNSIGNED"
Info (12021): Found 1 design units, including 1 entities, in source file db/lpm_divide_3jm.tdf
    Info (12023): Found entity 1: lpm_divide_3jm File: E:/FPGA_work/Cyclone/Code_Others/led_pwm/db/lpm_divide_3jm.tdf Line: 25
Info (12021): Found 1 design units, including 1 entities, in source file db/sign_div_unsign_rlh.tdf
    Info (12023): Found entity 1: sign_div_unsign_rlh File: E:/FPGA_work/Cyclone/Code_Others/led_pwm/db/sign_div_unsign_rlh.tdf Line: 25
Info (12021): Found 1 design units, including 1 entities, in source file db/alt_u_div_a7f.tdf
    Info (12023): Found entity 1: alt_u_div_a7f File: E:/FPGA_work/Cyclone/Code_Others/led_pwm/db/alt_u_div_a7f.tdf Line: 27
Info (12021): Found 1 design units, including 1 entities, in source file db/add_sub_7pc.tdf
    Info (12023): Found entity 1: add_sub_7pc File: E:/FPGA_work/Cyclone/Code_Others/led_pwm/db/add_sub_7pc.tdf Line: 23
Info (12021): Found 1 design units, including 1 entities, in source file db/add_sub_8pc.tdf
    Info (12023): Found entity 1: add_sub_8pc File: E:/FPGA_work/Cyclone/Code_Others/led_pwm/db/add_sub_8pc.tdf Line: 23
Warning (12241): 1 hierarchies have connectivity warnings - see the Connectivity Checks report folder
Info (286030): Timing-Driven Synthesis is running
Info (17049): 2 registers lost all their fanouts during netlist optimizations.
Info (17016): Found the following redundant logic cells in design
    Info (17048): Logic cell "pwm_ctr:pwm_ctr_m0|lpm_divide:Div1|lpm_divide_3jm:auto_generated|sign_div_unsign_rlh:divider|alt_u_div_a7f:divider|add_sub_15_result_int[1]~14" File: E:/FPGA_work/Cyclone/Code_Others/led_pwm/db/alt_u_div_a7f.tdf Line: 62
Info (144001): Generated suppressed messages file E:/FPGA_work/Cyclone/Code_Others/led_pwm/output_files/top.map.smsg
Info (16010): Generating hard_block partition "hard_block:auto_generated_inst"
    Info (16011): Adding 0 node(s), including 0 DDIO, 0 PLL, 0 transceiver and 0 LCELL
Info (21057): Implemented 411 device resources after synthesis - the final resource count might be different
    Info (21058): Implemented 2 input pins
    Info (21059): Implemented 1 output pins
    Info (21061): Implemented 408 logic cells
Info: Quartus Prime Analysis & Synthesis was successful. 0 errors, 9 warnings
    Info: Peak virtual memory: 4836 megabytes
    Info: Processing ended: Tue May 23 16:43:36 2023
    Info: Elapsed time: 00:00:08
    Info: Total CPU time (on all processors): 00:00:17


+------------------------------------------+
; Analysis & Synthesis Suppressed Messages ;
+------------------------------------------+
The suppressed messages can be found in E:/FPGA_work/Cyclone/Code_Others/led_pwm/output_files/top.map.smsg.


